Log file open, 02/22/23 22:19:00
LogWindows: Failed to load 'aqProf.dll' (GetLastError=126)
LogWindows: File 'aqProf.dll' does not exist
LogWindows: Failed to load 'VSPerf140.dll' (GetLastError=126)
LogWindows: File 'VSPerf140.dll' does not exist
LogWindows: Failed to load 'VtuneApi.dll' (GetLastError=126)
LogWindows: File 'VtuneApi.dll' does not exist
LogWindows: Failed to load 'VtuneApi32e.dll' (GetLastError=126)
LogWindows: File 'VtuneApi32e.dll' does not exist
LogInit: Display: Running engine for game: DrAward
LogPlatformFile: Not using cached read wrapper
LogInit: Display: RandInit(1087746825) SRandInit(1087746826).
LogTaskGraph: Started task graph with 5 named threads and 26 total threads with 3 sets of task threads.
LogStats: Stats thread started at 0.402820
LogD3D11RHI: Aftermath initialized
LogPluginManager: Mounting plugin Paper2D
LogPluginManager: Mounting plugin LightPropagationVolume
LogPluginManager: Mounting plugin CodeLiteSourceCodeAccess
LogPluginManager: Mounting plugin GitSourceControl
LogPluginManager: Mounting plugin KDevelopSourceCodeAccess
LogPluginManager: Mounting plugin NullSourceCodeAccess
LogPluginManager: Mounting plugin PerforceSourceControl
LogPluginManager: Mounting plugin SubversionSourceControl
LogPluginManager: Mounting plugin UObjectPlugin
LogPluginManager: Mounting plugin VisualStudioSourceCodeAccess
LogPluginManager: Mounting plugin XCodeSourceCodeAccess
LogPluginManager: Mounting plugin AssetManagerEditor
LogPluginManager: Mounting plugin AudioCapture
LogPluginManager: Mounting plugin FacialAnimation
LogPluginManager: Mounting plugin GameplayTagsEditor
LogPluginManager: Mounting plugin MobileLauncherProfileWizard
LogPluginManager: Mounting plugin PluginBrowser
LogPluginManager: Mounting plugin SpeedTreeImporter
LogPluginManager: Mounting plugin AlembicImporter
LogPluginManager: Mounting plugin CharacterAI
LogPluginManager: Mounting plugin HTML5Networking
LogPluginManager: Mounting plugin AndroidMedia
LogPluginManager: Mounting plugin AvfMedia
LogPluginManager: Mounting plugin MediaPlayerEditor
LogPluginManager: Mounting plugin WmfMedia
LogPluginManager: Mounting plugin TcpMessaging
LogPluginManager: Mounting plugin UdpMessaging
LogPluginManager: Mounting plugin LevelSequenceEditor
LogPluginManager: Mounting plugin MatineeToLevelSequence
LogPluginManager: Mounting plugin OnlineSubsystemGooglePlay
LogPluginManager: Mounting plugin OnlineSubsystemIOS
LogPluginManager: Mounting plugin OnlineSubsystem
LogPluginManager: Mounting plugin OnlineSubsystemNull
LogPluginManager: Mounting plugin OnlineSubsystemUtils
LogPluginManager: Mounting plugin AndroidDeviceProfileSelector
LogPluginManager: Mounting plugin AndroidMoviePlayer
LogPluginManager: Mounting plugin AndroidPermission
LogPluginManager: Mounting plugin AppleMoviePlayer
LogPluginManager: Mounting plugin ArchVisCharacter
LogPluginManager: Mounting plugin CableComponent
LogPluginManager: Mounting plugin CustomMeshComponent
LogPluginManager: Mounting plugin ExampleDeviceProfileSelector
LogPluginManager: Mounting plugin GoogleCloudMessaging
LogPluginManager: Mounting plugin ImmediatePhysics
LogPluginManager: Mounting plugin IOSDeviceProfileSelector
LogPluginManager: Mounting plugin LinuxDeviceProfileSelector
LogPluginManager: Mounting plugin LocationServicesBPLibrary
LogPluginManager: Mounting plugin MobilePatchingUtils
LogPluginManager: Mounting plugin OculusVR
LogPluginManager: Mounting plugin PhysXVehicles
LogPluginManager: Mounting plugin ProceduralMeshComponent
LogPluginManager: Mounting plugin RuntimePhysXCooking
LogPluginManager: Mounting plugin WindowsMoviePlayer
LogInit: Using libcurl 7.47.1
LogInit:  - built for x86_64-pc-win32
LogInit:  - supports SSL with OpenSSL/1.0.2g
LogInit:  - supports HTTP deflate (compression) using libz 1.2.8
LogInit:  - other features:
LogInit:      CURL_VERSION_SSL
LogInit:      CURL_VERSION_LIBZ
LogInit:      CURL_VERSION_IPV6
LogInit:      CURL_VERSION_ASYNCHDNS
LogInit:      CURL_VERSION_LARGEFILE
LogInit:      CURL_VERSION_IDN
LogInit:  CurlRequestOptions (configurable via config and command line):
LogInit:  - bVerifyPeer = false  - Libcurl will NOT verify peer certificate
LogInit:  - bUseHttpProxy = false  - Libcurl will NOT use HTTP proxy
LogInit:  - bDontReuseConnections = false  - Libcurl will reuse connections
LogInit:  - CertBundlePath = nullptr  - Libcurl will use whatever was configured at build time.
LogInit: Build: ++UE4+Release-4.17-CL-3658906
LogInit: Engine Version: 4.17.2-3658906+++UE4+Release-4.17
LogInit: Compatible Engine Version: 4.17.0-3573198+++UE4+Release-4.17
LogInit: Net CL: 3573198
LogDevObjectVersion: Number of dev versions registered: 16
LogDevObjectVersion:   Dev-Blueprints (B0D832E4-1F89-4F0D-ACCF-7EB736FD4AA2): 10
LogDevObjectVersion:   Dev-Build (E1C64328-A22C-4D53-A36C-8E866417BD8C): 0
LogDevObjectVersion:   Dev-Core (375EC13C-06E4-48FB-B500-84F0262A717E): 2
LogDevObjectVersion:   Dev-Editor (E4B068ED-F494-42E9-A231-DA0B2E46BB41): 20
LogDevObjectVersion:   Dev-Framework (CFFC743F-43B0-4480-9391-14DF171D2073): 28
LogDevObjectVersion:   Dev-Mobile (B02B49B5-BB20-44E9-A304-32B752E40360): 0
LogDevObjectVersion:   Dev-Networking (A4E4105C-59A1-49B5-A7C5-40C4547EDFEE): 0
LogDevObjectVersion:   Dev-Online (39C831C9-5AE6-47DC-9A44-9C173E1C8E7C): 0
LogDevObjectVersion:   Dev-Physics (78F01B33-EBEA-4F98-B9B4-84EACCB95AA2): 0
LogDevObjectVersion:   Dev-Platform (6631380F-2D4D-43E0-8009-CF276956A95A): 0
LogDevObjectVersion:   Dev-Rendering (12F88B9F-8875-4AFC-A67C-D90C383ABD29): 19
LogDevObjectVersion:   Dev-Sequencer (7B5AE74C-D270-4C10-A958-57980B212A5A): 4
LogDevObjectVersion:   Dev-VR (D7296918-1DD6-4BDD-9DE2-64A83CC13884): 0
LogDevObjectVersion:   Dev-LoadTimes (C2A15278-BFE7-4AFE-6C17-90FF531DF755): 1
LogDevObjectVersion:   Private-Geometry (6EACA3D4-40EC-4CC1-B786-8BED09428FC5): 1
LogDevObjectVersion:   Dev-AnimPhys (29E575DD-E0A3-4627-9D10-D276232CDCEA): 7
LogInit: Compiled (64-bit): Sep 22 2017 13:47:16
LogInit: Compiled with Visual C++: 19.00.24215.01
LogInit: Build Configuration: Development
LogInit: Branch Name: ++UE4+Release-4.17
LogInit: Command line: -EpicPortal  -epicusername="ナコラ君" -epicuserid=bd5410515cc64b9caf11544e7845568f -epiclocale=ja -epicsandboxid=ue
LogInit: Base directory: C:/Program Files/Epic Games/UE_4.17/Engine/Binaries/Win64/
LogInit: Installed Engine Build: 1
LogInit: Presizing for max 8388607 objects, including 0 objects not considered by GC, pre-allocating 0 bytes for permanent pool.
LogInit: Object subsystem initialized
[2023.02.22-13.19.01:393][  0]LogInit: Selected Device Profile: [Windows]
[2023.02.22-13.19.01:393][  0]LogInit: Applying CVar settings loaded from the selected device profile: [Windows]
[2023.02.22-13.19.01:403][  0]LogInit: Computer: KBC12206071
[2023.02.22-13.19.01:403][  0]LogInit: User: KBC12206071
[2023.02.22-13.19.01:403][  0]LogInit: CPU Page size=4096, Cores=8
[2023.02.22-13.19.01:403][  0]LogInit: High frequency timer resolution =10.000000 MHz
[2023.02.22-13.19.01:403][  0]LogMemory: Memory total: Physical=31.7GB (32GB approx)
[2023.02.22-13.19.01:403][  0]LogMemory: Platform Memory Stats for Windows
[2023.02.22-13.19.01:403][  0]LogMemory: Process Physical Memory: 281.56 MB used, 281.56 MB peak
[2023.02.22-13.19.01:403][  0]LogMemory: Process Virtual Memory: 283.28 MB used, 283.28 MB peak
[2023.02.22-13.19.01:403][  0]LogMemory: Physical Memory: 9669.70 MB used,  22799.43 MB free, 32469.13 MB total
[2023.02.22-13.19.01:403][  0]LogMemory: Virtual Memory: 4810.97 MB used,  22799.43 MB free, 134217728.00 MB total
[2023.02.22-13.19.01:587][  0]LogInit: Using OS detected language (ja-JP).
[2023.02.22-13.19.01:587][  0]LogInit: Using OS detected locale (ja-JP).
[2023.02.22-13.19.01:590][  0]LogTextLocalizationManager: No specific localization for 'ja-JP' exists, so the 'ja' localization will be used.
[2023.02.22-13.19.01:986][  0]LogD3D11RHI: D3D11 adapters:
[2023.02.22-13.19.02:082][  0]LogD3D11RHI:    0. 'NVIDIA GeForce RTX 3070 Laptop GPU' (Feature Level 11_0)
[2023.02.22-13.19.02:082][  0]LogD3D11RHI:       8044/0/16234 MB DedicatedVideo/DedicatedSystem/SharedSystem, Outputs:1, VendorId:0x10de
[2023.02.22-13.19.02:117][  0]LogD3D11RHI:    1. 'Intel(R) UHD Graphics' (Feature Level 11_0)
[2023.02.22-13.19.02:117][  0]LogD3D11RHI:       128/0/16234 MB DedicatedVideo/DedicatedSystem/SharedSystem, Outputs:0, VendorId:0x8086
[2023.02.22-13.19.02:119][  0]LogD3D11RHI:    2. 'Microsoft Basic Render Driver' (Feature Level 11_0)
[2023.02.22-13.19.02:119][  0]LogD3D11RHI:       0/0/16234 MB DedicatedVideo/DedicatedSystem/SharedSystem, Outputs:0, VendorId:0x1414
[2023.02.22-13.19.02:119][  0]LogD3D11RHI: Chosen D3D11 Adapter: 0
[2023.02.22-13.19.02:125][  0]LogD3D11RHI: Creating new Direct3DDevice
[2023.02.22-13.19.02:125][  0]LogD3D11RHI:     GPU DeviceId: 0x249d (for the marketing name, search the web for "GPU Device Id")
[2023.02.22-13.19.02:125][  0]LogWindows: EnumDisplayDevices:
[2023.02.22-13.19.02:125][  0]LogWindows:    0. 'Intel(R) UHD Graphics' (P:1 D:1)
[2023.02.22-13.19.02:125][  0]LogWindows:    1. 'Intel(R) UHD Graphics' (P:0 D:0)
[2023.02.22-13.19.02:126][  0]LogWindows:    2. 'Intel(R) UHD Graphics' (P:0 D:0)
[2023.02.22-13.19.02:126][  0]LogWindows:    3. 'Intel(R) UHD Graphics' (P:0 D:0)
[2023.02.22-13.19.02:126][  0]LogWindows:    4. 'NVIDIA GeForce RTX 3070 Laptop GPU' (P:0 D:0)
[2023.02.22-13.19.02:126][  0]LogWindows:    5. 'NVIDIA GeForce RTX 3070 Laptop GPU' (P:0 D:0)
[2023.02.22-13.19.02:126][  0]LogWindows:    6. 'NVIDIA GeForce RTX 3070 Laptop GPU' (P:0 D:0)
[2023.02.22-13.19.02:126][  0]LogWindows:    7. 'NVIDIA GeForce RTX 3070 Laptop GPU' (P:0 D:0)
[2023.02.22-13.19.02:126][  0]LogWindows: DebugString: GetVideoDriverDetailsInvalid PrimaryIsNotTheChoosenAdapter GetVideoDriverDetailsInvalid PrimaryIsNotTheChoosenAdapter GetVideoDriverDetailsInvalid PrimaryIsNotTheChoosenAdapter GetVideoDriverDetailsInvalid PrimaryIsNotTheChoosenAdapter GetVideoDriverDetailsInvalid PrimaryIsNotTheChoosenAdapter GetVideoDriverDetailsInvalid PrimaryIsNotTheChoosenAdapter GetVideoDriverDetailsInvalid PrimaryIsNotTheChoosenAdapter GetVideoDriverDetailsInvalid PrimaryIsNotTheChoosenAdapter FoundDriverCount:0 
[2023.02.22-13.19.02:126][  0]LogD3D11RHI:     Adapter Name: NVIDIA GeForce RTX 3070 Laptop GPU
[2023.02.22-13.19.02:126][  0]LogD3D11RHI:   Driver Version: Unknown (internal:Unknown, unified:Unknown)
[2023.02.22-13.19.02:126][  0]LogD3D11RHI:      Driver Date: Unknown
[2023.02.22-13.19.02:126][  0]LogRHI: Texture pool is 1361 MB (70% of 1945 MB)
[2023.02.22-13.19.02:187][  0]LogD3D11RHI: Async texture creation enabled
[2023.02.22-13.19.02:202][  0]LogD3D11RHI: GPU Timing Frequency: 1000.000000 (Debug: 2 2)
[2023.02.22-13.19.02:203][  0]LogShaderCompilers: Guid format shader working directory is -37 characters bigger than the processId version (../../../../../../Users/KBC12206071/Documents/Unreal Projects/Dr.Award's Dungeon/DrAward/Intermediate/Shaders/WorkingDirectory/19112/).
[2023.02.22-13.19.02:203][  0]LogShaderCompilers: Cleaned the shader compiler working directory 'C:/Users/KBC12206071/AppData/Local/Temp/UnrealShaderWorkingDir/FFD5DA2E4C904D3404F695B705B98013/'.
[2023.02.22-13.19.02:203][  0]LogShaderCompilers: Display: Using Local Shader Compiler.
[2023.02.22-13.19.02:995][  0]LogTemp: Display: Loaded TP AllDesktopTargetPlatform
[2023.02.22-13.19.03:039][  0]LogTemp: Display: Loaded TP MacClientTargetPlatform
[2023.02.22-13.19.03:081][  0]LogTemp: Display: Loaded TP MacNoEditorTargetPlatform
[2023.02.22-13.19.03:123][  0]LogTemp: Display: Loaded TP MacServerTargetPlatform
[2023.02.22-13.19.03:164][  0]LogTemp: Display: Loaded TP MacTargetPlatform
[2023.02.22-13.19.03:207][  0]LogTemp: Display: Loaded TP WindowsClientTargetPlatform
[2023.02.22-13.19.03:253][  0]LogTemp: Display: Loaded TP WindowsNoEditorTargetPlatform
[2023.02.22-13.19.03:293][  0]LogTemp: Display: Loaded TP WindowsServerTargetPlatform
[2023.02.22-13.19.03:328][  0]LogTemp: Display: Loaded TP WindowsTargetPlatform
[2023.02.22-13.19.03:367][  0]LogTemp: Display: Loaded TP AndroidTargetPlatform
[2023.02.22-13.19.03:409][  0]LogTemp: Display: Loaded TP Android_ASTCTargetPlatform
[2023.02.22-13.19.03:448][  0]LogTemp: Display: Loaded TP Android_ATCTargetPlatform
[2023.02.22-13.19.03:493][  0]LogTemp: Display: Loaded TP Android_DXTTargetPlatform
[2023.02.22-13.19.03:530][  0]LogTemp: Display: Loaded TP Android_ETC1TargetPlatform
[2023.02.22-13.19.03:575][  0]LogTemp: Display: Loaded TP Android_ETC2TargetPlatform
[2023.02.22-13.19.03:657][  0]LogTemp: Display: Loaded TP Android_MultiTargetPlatform
[2023.02.22-13.19.03:657][  0]LogTemp: Display: Loaded TP Android_PVRTCTargetPlatform
[2023.02.22-13.19.03:689][  0]LogTemp: Display: Loaded TP HTML5TargetPlatform
[2023.02.22-13.19.03:767][  0]LogTemp: Display: Loaded TP IOSTargetPlatform
[2023.02.22-13.19.03:791][  0]LogTemp: Display: Loaded TP TVOSTargetPlatform
[2023.02.22-13.19.03:835][  0]LogTemp: Display: Loaded TP LinuxClientTargetPlatform
[2023.02.22-13.19.03:881][  0]LogTemp: Display: Loaded TP LinuxNoEditorTargetPlatform
[2023.02.22-13.19.03:930][  0]LogTemp: Display: Loaded TP LinuxServerTargetPlatform
[2023.02.22-13.19.03:967][  0]LogTemp: Display: Loaded TP LinuxTargetPlatform
[2023.02.22-13.19.03:967][  0]LogTargetPlatformManager: Display: Building Assets For Windows
[2023.02.22-13.19.04:379][  0]LogDerivedDataCache: Display: Max Cache Size: 512 MB
[2023.02.22-13.19.04:459][  0]LogDerivedDataCache: Loaded boot cache 0.08s 93MB C:/Users/KBC12206071/AppData/Local/UnrealEngine/4.17/DerivedDataCache/Boot.ddc.
[2023.02.22-13.19.04:459][  0]LogDerivedDataCache: Display: Loaded Boot cache: C:/Users/KBC12206071/AppData/Local/UnrealEngine/4.17/DerivedDataCache/Boot.ddc
[2023.02.22-13.19.04:460][  0]LogDerivedDataCache: FDerivedDataBackendGraph:  Pak pak cache file ../../../../../../Users/KBC12206071/Documents/Unreal Projects/Dr.Award's Dungeon/DrAward/DerivedDataCache/DDC.ddp not found, will not use a pak cache.
[2023.02.22-13.19.04:460][  0]LogDerivedDataCache: Unable to find inner node Pak for hierarchical cache Hierarchy.
[2023.02.22-13.19.04:460][  0]LogDerivedDataCache: FDerivedDataBackendGraph:  CompressedPak pak cache file ../../../../../../Users/KBC12206071/Documents/Unreal Projects/Dr.Award's Dungeon/DrAward/DerivedDataCache/Compressed.ddp not found, will not use a pak cache.
[2023.02.22-13.19.04:460][  0]LogDerivedDataCache: Unable to find inner node CompressedPak for hierarchical cache Hierarchy.
[2023.02.22-13.19.04:474][  0]LogDerivedDataCache: Display: Pak cache opened for reading ../../../Engine/DerivedDataCache/Compressed.ddp.
[2023.02.22-13.19.04:486][  0]LogDerivedDataCache: Using Local data cache path C:/Users/KBC12206071/AppData/Local/UnrealEngine/Common/DerivedDataCache: Writable
[2023.02.22-13.19.04:499][  0]LogMaterial: Verifying Global Shaders for PCD3D_SM5
[2023.02.22-13.19.04:500][  0]LogSlate: Using Freetype 2.6.0
[2023.02.22-13.19.04:500][  0]LogSlate: SlateFontCache - WITH_FREETYPE: 1, WITH_HARFBUZZ: 1
[2023.02.22-13.19.04:500][  0]LogSlate: SlateFontCache - WITH_FREETYPE: 1, WITH_HARFBUZZ: 1
[2023.02.22-13.19.04:742][  0]LogAssetRegistry: FAssetRegistry took 0.0260 seconds to start up
[2023.02.22-13.19.04:833][  0]LogInit: Selected Device Profile: [Windows]
[2023.02.22-13.19.04:953][  0]LogContentStreaming: Texture pool size is 0.00 MB
[2023.02.22-13.19.05:205][  0]LogSimplygon: Simplygon DLL not present - disabling.
[2023.02.22-13.19.05:249][  0]LogMeshReduction: Using SimplygonSwarm for distributed automatic mesh merging
[2023.02.22-13.19.05:249][  0]LogMeshReduction: Using QuadricMeshReduction for automatic static mesh reduction
[2023.02.22-13.19.05:249][  0]LogMeshReduction: No automatic skeletal mesh reduction module available
[2023.02.22-13.19.05:249][  0]LogMeshReduction: No automatic mesh merging module available
[2023.02.22-13.19.05:249][  0]LogMeshMerging: No automatic mesh merging module available
[2023.02.22-13.19.05:540][  0]LogNetVersion: DrAward , NetCL: 3573198, EngineNetVer: 2, GameNetVer: 0 (Checksum: 550400037)
[2023.02.22-13.19.05:727][  0]LogPackageLocalizationCache: Processed 4 localized package path(s) for 2 prioritized culture(s) in 0.048158 seconds
[2023.02.22-13.19.05:731][  0]LogUObjectArray: 35628 objects as part of root set at end of initial load.
[2023.02.22-13.19.05:731][  0]LogUObjectAllocator: 7494032 out of 0 bytes used by permanent object pool.
[2023.02.22-13.19.05:731][  0]LogUObjectArray: CloseDisregardForGC: 0/0 objects in disregard for GC pool
[2023.02.22-13.19.05:790][  0]LogInit: WinSock: version 1.1 (2.2), MaxSocks=32767, MaxUdp=65467
[2023.02.22-13.19.08:013][  0]LogTcpMessaging: Initializing TcpMessaging bridge
[2023.02.22-13.19.08:058][  0]LogUdpMessaging: Initializing bridge on interface 0.0.0.0:0 to multicast group 230.0.0.1:6666.
[2023.02.22-13.19.08:613][  0]LogMaterial: Uniform references updated for custom material expression Custom.
[2023.02.22-13.19.09:002][  0]SourceControl: ソースコントロールは無効です
[2023.02.22-13.19.09:003][  0]SourceControl: ソースコントロールは無効です
[2023.02.22-13.19.09:046][  0]SourceControl: ソースコントロールは無効です
[2023.02.22-13.19.09:089][  0]SourceControl: ソースコントロールは無効です
[2023.02.22-13.19.09:601][  0]LogAndroidPermission: UAndroidPermissionCallbackProxy::GetInstance
[2023.02.22-13.19.09:796][  0]LogOcInput: OculusInput pre-init called
[2023.02.22-13.19.09:985][  0]LogEngine: Initializing Engine...
[2023.02.22-13.19.10:174][  0]LogStats: UGameplayTagsManager::ConstructGameplayTagTree: Construct from data asset -  0.000 s
[2023.02.22-13.19.10:174][  0]LogStats: UGameplayTagsManager::ConstructGameplayTagTree: GameplayTagTreeChangedEvent.Broadcast -  0.000 s
[2023.02.22-13.19.10:301][  0]LogAIModule: Creating AISystem for world Untitled
[2023.02.22-13.19.10:349][  0]LogInit: XAudio2 using 'スピーカー (Realtek(R) Audio)' : 2 channels at 48 kHz using 32 bits per sample (channel mask 0x3)
[2023.02.22-13.19.10:585][  0]LogInit: FAudioDevice initialized.
[2023.02.22-13.19.10:662][  0]LogDerivedDataCache: Saved boot cache 0.08s 93MB C:/Users/KBC12206071/AppData/Local/UnrealEngine/4.17/DerivedDataCache/Boot.ddc.
[2023.02.22-13.19.10:669][  0]LogInit: Texture streaming: Enabled
[2023.02.22-13.19.10:763][  0]LogEngineSessionManager: EngineSessionManager initialized
[2023.02.22-13.19.10:947][  0]LogInit: Transaction tracking system initialized
[2023.02.22-13.19.11:210][  0]BlueprintLog: New page: エディタの読み込み
[2023.02.22-13.19.11:958][  0]LocalizationService: ローカライズのサービスが無効になりました
[2023.02.22-13.19.12:530][  0]LogConsoleResponse: Display: 
[2023.02.22-13.19.12:696][  0]LogCook: Display: Max memory allowance for cook 16384mb min free memory 0mb
[2023.02.22-13.19.12:696][  0]LogCook: Display: Mobile HDR setting 1
[2023.02.22-13.19.12:696][  0]LogGameplayTags: Display: UGameplayTagsManager::DoneAddingNativeTags. DelegateIsBound: 0
[2023.02.22-13.19.13:036][  0]LogFileCache: Scanning file cache for directory 'C:/Users/KBC12206071/Documents/Unreal Projects/Dr.Award's Dungeon/DrAward/Content/' took 0.02s
[2023.02.22-13.19.13:581][  0]SourceControl: ソースコントロールは無効です
[2023.02.22-13.19.13:581][  0]Cmd: MAP LOAD FILE="../../../../../../Users/KBC12206071/Documents/Unreal Projects/Dr.Award's Dungeon/DrAward/Content/Map/Main.umap" TEMPLATE=0 SHOWPROGRESS=1 FEATURELEVEL=3
[2023.02.22-13.19.13:587][  0]LightingResults: New page: ライティングのビルド
[2023.02.22-13.19.13:624][  0]MapCheck: New page: マップをチェック
[2023.02.22-13.19.13:624][  0]LightingResults: New page: <何も選択されていません>
[2023.02.22-13.19.13:990][  0]LogAIModule: Creating AISystem for world Main
[2023.02.22-13.19.14:008][  0]LogEditorServer: Finished looking for orphan Actors (0.000 secs)
[2023.02.22-13.19.14:034][  0]Cmd: MAP CHECKDEP NOCLEARLOG
[2023.02.22-13.19.14:098][  0]MapCheck: マップチェックが完了: 0 エラー、 0 警告、完了に 63.019ミリ秒かかりました。
[2023.02.22-13.19.14:098][  0]LogFileHelpers: Loading map 'Main' took 0.516
[2023.02.22-13.19.14:160][  0]LogWindowsTextInputMethodSystem: Display: IME system now activated using TSF (Microsoft IME).
[2023.02.22-13.19.14:269][  0]LogCollectionManager: Loaded 0 collections in 0.001349 seconds
[2023.02.22-13.19.14:387][  0]LogFileCache: Scanning file cache for directory 'C:/Users/KBC12206071/Documents/Unreal Projects/Dr.Award's Dungeon/DrAward/Saved/Collections/' took 0.01s
[2023.02.22-13.19.14:387][  0]LogFileCache: Scanning file cache for directory 'C:/Users/KBC12206071/Documents/Unreal Projects/Dr.Award's Dungeon/DrAward/Content/Developers/KBC12206071/Collections/' took 0.01s
[2023.02.22-13.19.14:387][  0]LogFileCache: Scanning file cache for directory 'C:/Users/KBC12206071/Documents/Unreal Projects/Dr.Award's Dungeon/DrAward/Content/Collections/' took 0.01s
[2023.02.22-13.19.14:387][  0]LogCollectionManager: Rebuilt the GUID cache for 0 collections in 0.000001 seconds
[2023.02.22-13.19.14:398][  0]LogContentBrowser: Native class hierarchy populated in 0.0089 seconds. Added 2383 classes and 495 folders.
[2023.02.22-13.19.14:460][  0]LogContentBrowser: Native class hierarchy updated for 'WidgetCarousel' in 0.0007 seconds. Added 0 classes and 0 folders.
[2023.02.22-13.19.14:613][  0]LogContentBrowser: Native class hierarchy updated for 'AddContentDialog' in 0.0005 seconds. Added 0 classes and 0 folders.
[2023.02.22-13.19.14:676][  0]LogContentBrowser: Native class hierarchy updated for 'SceneOutliner' in 0.0006 seconds. Added 1 classes and 2 folders.
[2023.02.22-13.19.14:823][  0]LogContentBrowser: Native class hierarchy updated for 'HierarchicalLODOutliner' in 0.0005 seconds. Added 1 classes and 2 folders.
[2023.02.22-13.19.14:823][  0]LogLoad: (Engine Initialization) Total time: 15.43 seconds
[2023.02.22-13.19.14:823][  0]LogLoad: (Engine Initialization) Total Blueprint compile time: 0.00 seconds
[2023.02.22-13.19.14:823][  0]LogExternalProfiler: No external profilers were discovered.  External profiling features will not be available.
[2023.02.22-13.19.14:865][  0]LogContentStreaming: Texture pool size now 1000 MB
[2023.02.22-13.19.14:866][  0]LogSlate: Took 0.000371 seconds to synchronously load lazily loaded font '../../../Engine/Content/Slate/Fonts/Roboto-Regular.ttf' (155K)
[2023.02.22-13.19.14:869][  0]LogSlate: Took 0.001940 seconds to synchronously load lazily loaded font '../../../Engine/Content/Slate/Fonts/DroidSansFallback.ttf' (3848K)
[2023.02.22-13.19.14:870][  0]LogSlate: Took 0.000225 seconds to synchronously load lazily loaded font '../../../Engine/Content/Slate/Fonts/Roboto-Bold.ttf' (160K)
[2023.02.22-13.19.14:874][  0]LogSlate: Took 0.001551 seconds to synchronously load lazily loaded font '../../../Engine/Content/Editor/Slate/Fonts/FontAwesome.ttf' (139K)
[2023.02.22-13.19.14:962][  0]LogSlate: Took 0.001593 seconds to synchronously load lazily loaded font '../../../Engine/Content/Slate/Fonts/Roboto-Light.ttf' (159K)
[2023.02.22-13.19.14:991][  1]LogRenderer: Reallocating scene render targets to support 744x384 Format 10 NumSamples 1 (Frame:1).
[2023.02.22-13.19.15:007][  1]LogAssetRegistry: Asset discovery search completed in 10.2876 seconds
[2023.02.22-13.19.15:008][  1]LogCollectionManager: Rebuilt the object cache for 0 collections in 0.000000 seconds (found 0 objects)
[2023.02.22-13.19.15:008][  1]LogCollectionManager: Fixed up redirectors for 0 collections in 0.000050 seconds (updated 0 objects)
[2023.02.22-13.19.15:868][ 41]LogSlate: Took 0.000248 seconds to synchronously load lazily loaded font '../../../Engine/Content/Slate/Fonts/Roboto-Light.ttf' (159K)
[2023.02.22-13.21.18:095][374]LogEditorViewport: Clicking on Actor (LMB): StaticMeshActor (wall_box2)
[2023.02.22-13.21.26:154][850]LogRenderer: Reallocating scene render targets to support 896x456 Format 10 NumSamples 1 (Frame:7853).
[2023.02.22-13.21.34:341][341]LogEditorViewport: Clicking on Actor (CTRL LMB): StaticMeshActor (wall_box5)
[2023.02.22-13.21.47:705][141]LogEditorViewport: Clicking Background
[2023.02.22-13.21.55:114][585]LogEditorViewport: Clicking on Actor (LMB): StaticMeshActor (plane47)
[2023.02.22-13.22.00:720][893]LogEditorViewport: Clicking on Actor (LMB): StaticMeshActor (plane67)
[2023.02.22-13.26.15:088][415]LogHttp: Warning: 000001C08E5C3100: request failed, libcurl error: 0 (No error)
[2023.02.22-13.26.15:088][415]LogHttp: Warning: 000001C08E5C3100: libcurl info message cache 0 (Connection 0 seems to be dead!)
[2023.02.22-13.26.15:088][415]LogHttp: Warning: 000001C08E5C3100: libcurl info message cache 1 (Closing connection 0)
[2023.02.22-13.26.15:088][415]LogHttp: Warning: 000001C08E5C3100: libcurl info message cache 2 (TLSv1.2 (OUT), TLS alert, Client hello (1):)
[2023.02.22-13.26.15:088][415]LogHttp: Warning: 000001C08E5C3100: libcurl info message cache 3 (  Trying 18.205.226.216...)
[2023.02.22-13.26.15:088][415]LogHttp: Warning: 000001C08E5C3100: libcurl info message cache 4 (Connected to datarouter.ol.epicgames.com (18.205.226.216) port 443 (#1))
[2023.02.22-13.26.15:088][415]LogHttp: Warning: 000001C08E5C3100: libcurl info message cache 5 (ALPN, offering http/1.1)
[2023.02.22-13.26.15:088][415]LogHttp: Warning: 000001C08E5C3100: libcurl info message cache 6 (Cipher selection: ALL:!EXPORT:!EXPORT40:!EXPORT56:!aNULL:!LOW:!RC4:@STRENGTH)
[2023.02.22-13.26.15:088][415]LogHttp: Warning: 000001C08E5C3100: libcurl info message cache 7 (SSL re-using session ID)
[2023.02.22-13.26.15:088][415]LogHttp: Warning: 000001C08E5C3100: libcurl info message cache 8 (TLSv1.2 (OUT), TLS handshake, Client hello (1):)
[2023.02.22-13.26.15:088][415]LogHttp: Warning: 000001C08E5C3100: libcurl info message cache 9 (TLSv1.2 (IN), TLS handshake, Server hello (2):)
[2023.02.22-13.26.15:088][415]LogHttp: Warning: 000001C08E5C3100: libcurl info message cache 10 (Closing connection 1)
[2023.02.22-13.29.14:755][954]LogHttp: Warning: 000001C0F8E61F00: request failed, libcurl error: 0 (No error)
[2023.02.22-13.29.14:755][954]LogHttp: Warning: 000001C0F8E61F00: libcurl info message cache 0 (Found bundle for host datarouter.ol.epicgames.com: 0x1c0aed0ffb8 [can pipeline])
[2023.02.22-13.29.14:755][954]LogHttp: Warning: 000001C0F8E61F00: libcurl info message cache 1 (Re-using existing connection! (#2) with host datarouter.ol.epicgames.com)
[2023.02.22-13.29.14:755][954]LogHttp: Warning: 000001C0F8E61F00: libcurl info message cache 2 (Connected to datarouter.ol.epicgames.com (34.194.251.25) port 443 (#2))
[2023.02.22-13.29.14:755][954]LogHttp: Warning: 000001C0F8E61F00: libcurl info message cache 3 (upload completely sent off: 358 out of 358 bytes)
[2023.02.22-13.29.14:755][954]LogHttp: Warning: 000001C0F8E61F00: libcurl info message cache 4 (Closing connection 2)
[2023.02.22-13.29.14:755][954]LogHttp: Warning: 000001C0F8E61F00: libcurl info message cache 5 (TLSv1.2 (OUT), TLS alert, Client hello (1):)
[2023.02.22-13.30.41:861][776]LogTemp: Repeating last play command: 選択ビューポート
[2023.02.22-13.30.41:901][776]LogBlueprintUserMessages: Early PlayInEditor Detection: Level '/Game/Map/Main.Main:PersistentLevel' has LevelScriptBlueprint '/Game/Map/Main.Main:PersistentLevel.Main' with GeneratedClass '/Game/Map/Main.Main_C' with ClassGeneratedBy '/Game/Map/Main.Main:PersistentLevel.Main'
[2023.02.22-13.30.41:901][776]LogPlayLevel: PlayLevel: No blueprints needed recompiling
[2023.02.22-13.30.41:903][776]PIE: New page: PIEセッション: Main (2023/02/23 7:30:41)
[2023.02.22-13.30.41:903][776]LogPlayLevel: Creating play world package: /Game/Map/UEDPIE_0_Main
[2023.02.22-13.30.41:910][776]LogPlayLevel: PIE: StaticDuplicateObject took: (0.006993s)
[2023.02.22-13.30.41:910][776]LogAIModule: Creating AISystem for world Main
[2023.02.22-13.30.41:910][776]LogPlayLevel: PIE: World Init took: (0.001259s)
[2023.02.22-13.30.41:911][776]LogPlayLevel: PIE: Created PIE world by copying editor world from /Game/Map/Main.Main to /Game/Map/UEDPIE_0_Main.Main (0.008565s)
[2023.02.22-13.30.41:940][776]LogInit: XAudio2 using 'スピーカー (Realtek(R) Audio)' : 2 channels at 48 kHz using 32 bits per sample (channel mask 0x3)
[2023.02.22-13.30.41:990][776]LogInit: FAudioDevice initialized.
[2023.02.22-13.30.42:048][776]LogLoad: Game class is 'BP_AwardGameMode_C'
[2023.02.22-13.30.42:052][776]LogWorld: Bringing World /Game/Map/UEDPIE_0_Main.Main up for play (max tick rate 60) at 2023.02.22-22.30.42
[2023.02.22-13.30.42:054][776]LogWorld: Bringing up level for play took: 0.003641
[2023.02.22-13.30.42:099][776]LogContentBrowser: Native class hierarchy updated for 'MovieSceneCapture' in 0.0007 seconds. Added 11 classes and 0 folders.
[2023.02.22-13.30.42:100][776]LogBlueprintUserMessages: [BP_AwardGameMode_C_0] Hello
[2023.02.22-13.30.42:100][776]PIE: /Game/Map/UEDPIE_0_Main 0.923のプレイ イン エディタの開始時間
[2023.02.22-13.30.42:101][776]LogBlueprintUserMessages: Late PlayInEditor Detection: Level '/Game/Map/Main.Main:PersistentLevel' has LevelScriptBlueprint '/Game/Map/Main.Main:PersistentLevel.Main' with GeneratedClass '/Game/Map/Main.Main_C' with ClassGeneratedBy '/Game/Map/Main.Main:PersistentLevel.Main'
[2023.02.22-13.31.05:700][191]LogBlueprintUserMessages: [BP_Award_C_0] 痛ッ！
[2023.02.22-13.31.07:701][311]LogBlueprintUserMessages: [BP_AwardGameMode_C_0] Hello
[2023.02.22-13.31.12:467][597]LogBlueprintUserMessages: [BP_Award_C_1] 痛ッ！
[2023.02.22-13.31.14:469][717]LogBlueprintUserMessages: [BP_AwardGameMode_C_0] Hello
[2023.02.22-13.31.19:267][  5]LogBlueprintUserMessages: [BP_Award_C_2] 痛ッ！
[2023.02.22-13.31.21:270][125]LogBlueprintUserMessages: [BP_AwardGameMode_C_0] Hello
[2023.02.22-13.31.27:568][503]LogBlueprintUserMessages: [BP_Award_C_3] 痛ッ！
[2023.02.22-13.31.29:571][623]LogBlueprintUserMessages: [BP_AwardGameMode_C_0] Hello
[2023.02.22-13.31.37:603][105]LogBlueprintUserMessages: [BP_Award_C_4] 痛ッ！
[2023.02.22-13.31.39:604][225]LogBlueprintUserMessages: [BP_AwardGameMode_C_0] Hello
[2023.02.22-13.31.40:787][296]LogBlueprintUserMessages: Early EndPlayMap Detection: Level '/Game/Map/Main.Main:PersistentLevel' has LevelScriptBlueprint '/Game/Map/Main.Main:PersistentLevel.Main' with GeneratedClass '/Game/Map/Main.Main_C' with ClassGeneratedBy '/Game/Map/Main.Main:PersistentLevel.Main'
[2023.02.22-13.31.40:834][296]LogBlueprintUserMessages: Late EndPlayMap Detection: Level '/Game/Map/Main.Main:PersistentLevel' has LevelScriptBlueprint '/Game/Map/Main.Main:PersistentLevel.Main' with GeneratedClass '/Game/Map/Main.Main_C' with ClassGeneratedBy '/Game/Map/Main.Main:PersistentLevel.Main'
[2023.02.23-02.14.22:337][868]LogD3D11RHI: Timed out while waiting for GPU to catch up. (500 ms)
[2023.02.23-04.38.22:051][787]LogHttp: Warning: 000001C08F298E80: request failed, libcurl error: 35 (SSL connect error)
[2023.02.23-04.38.22:051][787]LogHttp: Warning: 000001C08F298E80: libcurl info message cache 0 (Connection 74 seems to be dead!)
[2023.02.23-04.38.22:051][787]LogHttp: Warning: 000001C08F298E80: libcurl info message cache 1 (Closing connection 74)
[2023.02.23-04.38.22:051][787]LogHttp: Warning: 000001C08F298E80: libcurl info message cache 2 (TLSv1.2 (OUT), TLS alert, Client hello (1):)
[2023.02.23-04.38.22:051][787]LogHttp: Warning: 000001C08F298E80: libcurl info message cache 3 (  Trying 18.205.226.216...)
[2023.02.23-04.38.22:051][787]LogHttp: Warning: 000001C08F298E80: libcurl info message cache 4 (Connected to datarouter.ol.epicgames.com (18.205.226.216) port 443 (#75))
[2023.02.23-04.38.22:051][787]LogHttp: Warning: 000001C08F298E80: libcurl info message cache 5 (ALPN, offering http/1.1)
[2023.02.23-04.38.22:051][787]LogHttp: Warning: 000001C08F298E80: libcurl info message cache 6 (Cipher selection: ALL:!EXPORT:!EXPORT40:!EXPORT56:!aNULL:!LOW:!RC4:@STRENGTH)
[2023.02.23-04.38.22:051][787]LogHttp: Warning: 000001C08F298E80: libcurl info message cache 7 (SSL re-using session ID)
[2023.02.23-04.38.22:051][787]LogHttp: Warning: 000001C08F298E80: libcurl info message cache 8 (TLSv1.2 (OUT), TLS handshake, Client hello (1):)
[2023.02.23-04.38.22:051][787]LogHttp: Warning: 000001C08F298E80: libcurl info message cache 9 (Unknown SSL protocol error in connection to datarouter.ol.epicgames.com:443 )
[2023.02.23-04.38.22:051][787]LogHttp: Warning: 000001C08F298E80: libcurl info message cache 10 (Closing connection 75)
[2023.02.23-05.47.11:989][176]Cmd: QUIT_EDITOR
[2023.02.23-05.47.12:299][176]LogWindowsTextInputMethodSystem: Display: IME system now activated using TSF (Microsoft IME).
[2023.02.23-05.47.12:309][176]LogExit: Preparing to exit.
[2023.02.23-05.47.13:158][176]LogDirectoryWatcher: A directory notification for 'C:/Users/KBC12206071/Documents/Unreal Projects/Dr.Award's Dungeon/DrAward/Content/' was aborted.
[2023.02.23-05.47.13:193][176]LogExit: Editor shut down
[2023.02.23-05.47.13:195][176]LogExit: Transaction tracking system shut down
[2023.02.23-05.47.13:338][176]LogDirectoryWatcher: A directory notification for '../../../Engine/Content/' was aborted.
[2023.02.23-05.47.13:338][176]LogDirectoryWatcher: A directory notification for '../../../../../../Users/KBC12206071/Documents/Unreal Projects/Dr.Award's Dungeon/DrAward/Content/' was aborted.
[2023.02.23-05.47.13:339][176]LogDirectoryWatcher: A directory notification for '../../../Engine/Plugins/2D/Paper2D/Content/' was aborted.
[2023.02.23-05.47.13:339][176]LogDirectoryWatcher: A directory notification for '../../../Engine/Plugins/Runtime/Oculus/OculusVR/Content/' was aborted.
[2023.02.23-05.47.13:419][176]LogExit: Object subsystem successfully closed.
[2023.02.23-05.47.13:442][176]LogD3D11RHI: Shutdown
[2023.02.23-05.47.13:442][176]LogD3D11RHI: CleanupD3DDevice
[2023.02.23-05.47.13:593][176]LogD3D11RHI: ~FD3D11DynamicRHI
[2023.02.23-05.47.13:633][176]LogModuleManager: Shutting down and abandoning module MovieSceneCapture (528)
[2023.02.23-05.47.13:633][176]LogModuleManager: Shutting down and abandoning module HierarchicalLODOutliner (526)
[2023.02.23-05.47.13:633][176]LogModuleManager: Shutting down and abandoning module SceneOutliner (524)
[2023.02.23-05.47.13:633][176]LogModuleManager: Shutting down and abandoning module AddContentDialog (522)
[2023.02.23-05.47.13:633][176]LogDirectoryWatcher: A directory notification for 'C:/Program Files/Epic Games/UE_4.17/FeaturePacks/' was aborted.
[2023.02.23-05.47.13:635][176]LogModuleManager: Shutting down and abandoning module WidgetCarousel (521)
[2023.02.23-05.47.13:635][176]LogModuleManager: Shutting down and abandoning module EditorWidgets (518)
[2023.02.23-05.47.13:635][176]LogModuleManager: Shutting down and abandoning module CollectionManager (516)
[2023.02.23-05.47.13:636][176]LogDirectoryWatcher: A directory notification for 'C:/Users/KBC12206071/Documents/Unreal Projects/Dr.Award's Dungeon/DrAward/Content/Collections/' was aborted.
[2023.02.23-05.47.13:636][176]LogDirectoryWatcher: A directory notification for 'C:/Users/KBC12206071/Documents/Unreal Projects/Dr.Award's Dungeon/DrAward/Content/Developers/KBC12206071/Collections/' was aborted.
[2023.02.23-05.47.13:636][176]LogDirectoryWatcher: A directory notification for 'C:/Users/KBC12206071/Documents/Unreal Projects/Dr.Award's Dungeon/DrAward/Saved/Collections/' was aborted.
[2023.02.23-05.47.13:636][176]LogModuleManager: Shutting down and abandoning module StatsViewer (514)
[2023.02.23-05.47.13:636][176]LogModuleManager: Shutting down and abandoning module FoliageEdit (512)
[2023.02.23-05.47.13:636][176]LogModuleManager: Shutting down and abandoning module LandscapeEditor (510)
[2023.02.23-05.47.13:636][176]LogModuleManager: Shutting down and abandoning module MeshPaintMode (508)
[2023.02.23-05.47.13:636][176]LogModuleManager: Shutting down and abandoning module SceneDepthPickerMode (506)
[2023.02.23-05.47.13:636][176]LogModuleManager: Shutting down and abandoning module ActorPickerMode (504)
[2023.02.23-05.47.13:636][176]LogModuleManager: Shutting down and abandoning module GeometryMode (502)
[2023.02.23-05.47.13:636][176]LogModuleManager: Shutting down and abandoning module TextureAlignMode (500)
[2023.02.23-05.47.13:636][176]LogModuleManager: Shutting down and abandoning module BspMode (498)
[2023.02.23-05.47.13:637][176]LogModuleManager: Shutting down and abandoning module PIEPreviewDeviceProfileSelector (496)
[2023.02.23-05.47.13:637][176]LogModuleManager: Shutting down and abandoning module HardwareSurvey (494)
[2023.02.23-05.47.13:637][176]LogModuleManager: Shutting down and abandoning module SequenceRecorderSections (492)
[2023.02.23-05.47.13:637][176]LogModuleManager: Shutting down and abandoning module AutomationWorker (490)
[2023.02.23-05.47.13:637][176]LogModuleManager: Shutting down and abandoning module MatineeToLevelSequence (488)
[2023.02.23-05.47.13:637][176]LogModuleManager: Shutting down and abandoning module LevelSequenceEditor (486)
[2023.02.23-05.47.13:639][176]LogModuleManager: Shutting down and abandoning module PlacementMode (485)
[2023.02.23-05.47.13:639][176]LogModuleManager: Shutting down and abandoning module WmfMediaFactory (482)
[2023.02.23-05.47.13:639][176]LogModuleManager: Shutting down and abandoning module WmfMediaEditor (480)
[2023.02.23-05.47.13:639][176]LogModuleManager: Shutting down and abandoning module AvfMediaFactory (478)
[2023.02.23-05.47.13:639][176]LogModuleManager: Shutting down and abandoning module AvfMediaEditor (476)
[2023.02.23-05.47.13:639][176]LogModuleManager: Shutting down and abandoning module AndroidMediaFactory (474)
[2023.02.23-05.47.13:639][176]LogModuleManager: Shutting down and abandoning module Media (473)
[2023.02.23-05.47.13:639][176]LogModuleManager: Shutting down and abandoning module AndroidMediaEditor (470)
[2023.02.23-05.47.13:639][176]LogModuleManager: Shutting down and abandoning module CharacterAI (468)
[2023.02.23-05.47.13:639][176]LogModuleManager: Shutting down and abandoning module AudioCapture (466)
[2023.02.23-05.47.13:639][176]LogModuleManager: Shutting down and abandoning module SequenceRecorder (465)
[2023.02.23-05.47.13:639][176]LogModuleManager: Shutting down and abandoning module SmartSnapping (462)
[2023.02.23-05.47.13:639][176]LogModuleManager: Shutting down and abandoning module SessionServices (460)
[2023.02.23-05.47.13:639][176]LogModuleManager: Shutting down and abandoning module ViewportSnapping (458)
[2023.02.23-05.47.13:639][176]LogModuleManager: Shutting down and abandoning module ViewportInteraction (456)
[2023.02.23-05.47.13:639][176]LogModuleManager: Shutting down and abandoning module ClothPainter (454)
[2023.02.23-05.47.13:641][176]LogModuleManager: Shutting down and abandoning module LogVisualizer (452)
[2023.02.23-05.47.13:642][176]LogModuleManager: Shutting down and abandoning module IntroTutorials (450)
[2023.02.23-05.47.13:643][176]LogModuleManager: Shutting down and abandoning module GameProjectGeneration (449)
[2023.02.23-05.47.13:644][176]LogModuleManager: Shutting down and abandoning module IOSPlatformEditor (446)
[2023.02.23-05.47.13:644][176]LogModuleManager: Shutting down and abandoning module HTML5PlatformEditor (444)
[2023.02.23-05.47.13:644][176]LogModuleManager: Shutting down and abandoning module AndroidPlatformEditor (442)
[2023.02.23-05.47.13:644][176]LogModuleManager: Shutting down and abandoning module AndroidDeviceDetection (441)
[2023.02.23-05.47.13:893][176]LogModuleManager: Shutting down and abandoning module WindowsPlatformEditor (438)
[2023.02.23-05.47.13:893][176]LogModuleManager: Shutting down and abandoning module IOSRuntimeSettings (436)
[2023.02.23-05.47.13:893][176]LogModuleManager: Shutting down and abandoning module AndroidRuntimeSettings (434)
[2023.02.23-05.47.13:893][176]LogModuleManager: Shutting down and abandoning module InputBindingEditor (432)
[2023.02.23-05.47.13:894][176]LogModuleManager: Shutting down and abandoning module MergeActors (430)
[2023.02.23-05.47.13:895][176]LogModuleManager: Shutting down and abandoning module SizeMap (428)
[2023.02.23-05.47.13:895][176]LogModuleManager: Shutting down and abandoning module TreeMap (426)
[2023.02.23-05.47.13:895][176]LogModuleManager: Shutting down and abandoning module ReferenceViewer (424)
[2023.02.23-05.47.13:895][176]LogModuleManager: Shutting down and abandoning module LocalizationDashboard (422)
[2023.02.23-05.47.13:895][176]LogModuleManager: Shutting down and abandoning module LocalizationService (421)
[2023.02.23-05.47.13:896][176]LogModuleManager: Shutting down and abandoning module HardwareTargeting (418)
[2023.02.23-05.47.13:896][176]LogModuleManager: Shutting down and abandoning module DeviceProfileEditor (416)
[2023.02.23-05.47.13:896][176]LogModuleManager: Shutting down and abandoning module UndoHistory (414)
[2023.02.23-05.47.13:896][176]LogModuleManager: Shutting down and abandoning module XmlParser (412)
[2023.02.23-05.47.13:896][176]LogModuleManager: Shutting down and abandoning module Blutility (410)
[2023.02.23-05.47.13:896][176]LogModuleManager: Shutting down and abandoning module ProjectSettingsViewer (408)
[2023.02.23-05.47.13:896][176]LogModuleManager: Shutting down and abandoning module ProjectTargetPlatformEditor (407)
[2023.02.23-05.47.13:896][176]LogModuleManager: Shutting down and abandoning module EditorSettingsViewer (404)
[2023.02.23-05.47.13:896][176]LogModuleManager: Shutting down and abandoning module SettingsEditor (402)
[2023.02.23-05.47.13:897][176]LogModuleManager: Shutting down and abandoning module ProjectLauncher (400)
[2023.02.23-05.47.13:897][176]LogModuleManager: Shutting down and abandoning module SessionFrontend (398)
[2023.02.23-05.47.13:897][176]LogModuleManager: Shutting down and abandoning module ProfilerClient (396)
[2023.02.23-05.47.13:897][176]LogModuleManager: Shutting down and abandoning module DeviceManager (394)
[2023.02.23-05.47.13:897][176]LogModuleManager: Shutting down and abandoning module TargetDeviceServices (393)
[2023.02.23-05.47.13:941][176]LogModuleManager: Shutting down and abandoning module AutomationController (390)
[2023.02.23-05.47.13:941][176]LogModuleManager: Shutting down and abandoning module AutomationWindow (388)
[2023.02.23-05.47.13:942][176]LogModuleManager: Shutting down and abandoning module Layers (386)
[2023.02.23-05.47.13:944][176]LogModuleManager: Shutting down and abandoning module ComponentVisualizers (384)
[2023.02.23-05.47.13:944][176]LogModuleManager: Shutting down and abandoning module DetailCustomizations (382)
[2023.02.23-05.47.13:944][176]LogModuleManager: Shutting down and abandoning module PackagesDialog (380)
[2023.02.23-05.47.13:944][176]LogModuleManager: Shutting down and abandoning module Persona (378)
[2023.02.23-05.47.13:945][176]LogModuleManager: Shutting down and abandoning module AdvancedPreviewScene (377)
[2023.02.23-05.47.13:945][176]LogModuleManager: Shutting down and abandoning module AnimGraph (375)
[2023.02.23-05.47.13:945][176]LogModuleManager: Shutting down and abandoning module Kismet (372)
[2023.02.23-05.47.13:946][176]LogModuleManager: Shutting down and abandoning module ClassViewer (370)
[2023.02.23-05.47.13:946][176]LogModuleManager: Shutting down and abandoning module Toolbox (368)
[2023.02.23-05.47.13:946][176]LogModuleManager: Shutting down and abandoning module ModuleUI (366)
[2023.02.23-05.47.13:946][176]LogModuleManager: Shutting down and abandoning module MovieSceneTools (364)
[2023.02.23-05.47.13:947][176]LogModuleManager: Shutting down and abandoning module OutputLog (362)
[2023.02.23-05.47.13:947][176]LogModuleManager: Shutting down and abandoning module GammaUI (360)
[2023.02.23-05.47.13:947][176]LogModuleManager: Shutting down and abandoning module Documentation (358)
[2023.02.23-05.47.13:947][176]LogModuleManager: Shutting down and abandoning module MovieSceneTracks (356)
[2023.02.23-05.47.13:947][176]LogModuleManager: Shutting down and abandoning module MovieScene (354)
[2023.02.23-05.47.13:947][176]LogModuleManager: Shutting down and abandoning module Niagara (352)
[2023.02.23-05.47.13:947][176]LogModuleManager: Shutting down and abandoning module NiagaraEditor (351)
[2023.02.23-05.47.13:949][176]LogModuleManager: Shutting down and abandoning module StreamingPauseRendering (348)
[2023.02.23-05.47.13:949][176]LogModuleManager: Shutting down and abandoning module LauncherPlatform (346)
[2023.02.23-05.47.13:949][176]LogModuleManager: Shutting down and abandoning module AnalyticsET (344)
[2023.02.23-05.47.13:949][176]LogModuleManager: Shutting down and abandoning module PortalServices (342)
[2023.02.23-05.47.13:949][176]LogModuleManager: Shutting down and abandoning module PortalRpc (340)
[2023.02.23-05.47.13:949][176]LogModuleManager: Shutting down and abandoning module MessagingRpc (338)
[2023.02.23-05.47.13:949][176]LogModuleManager: Shutting down and abandoning module AIModule (336)
[2023.02.23-05.47.13:949][176]LogModuleManager: Shutting down and abandoning module GameplayDebugger (335)
[2023.02.23-05.47.13:949][176]LogModuleManager: Shutting down and abandoning module AITestSuite (333)
[2023.02.23-05.47.13:949][176]LogModuleManager: Shutting down and abandoning module ProfilerService (330)
[2023.02.23-05.47.14:170][176]LogModuleManager: Shutting down and abandoning module TaskGraph (328)
[2023.02.23-05.47.14:171][176]LogModuleManager: Shutting down and abandoning module ProceduralMeshComponentEditor (326)
[2023.02.23-05.47.14:171][176]LogModuleManager: Shutting down and abandoning module ProceduralMeshComponent (324)
[2023.02.23-05.47.14:171][176]LogModuleManager: Shutting down and abandoning module OculusInput (322)
[2023.02.23-05.47.14:172][176]LogModuleManager: Shutting down and abandoning module MobilePatchingUtils (320)
[2023.02.23-05.47.14:172][176]LogModuleManager: Shutting down and abandoning module CustomMeshComponent (318)
[2023.02.23-05.47.14:172][176]LogModuleManager: Shutting down and abandoning module CableComponent (316)
[2023.02.23-05.47.14:172][176]LogModuleManager: Shutting down and abandoning module ArchVisCharacter (314)
[2023.02.23-05.47.14:172][176]LogModuleManager: Shutting down and abandoning module AndroidPermission (312)
[2023.02.23-05.47.14:172][176]LogModuleManager: Shutting down and abandoning module MediaPlayerEditor (308)
[2023.02.23-05.47.14:173][176]LogModuleManager: Shutting down and abandoning module HTML5Networking (306)
[2023.02.23-05.47.14:173][176]LogModuleManager: Shutting down and abandoning module AlembicImporter (304)
[2023.02.23-05.47.14:173][176]LogModuleManager: Shutting down and abandoning module AlembicLibrary (303)
[2023.02.23-05.47.14:173][176]LogModuleManager: Shutting down and abandoning module GeometryCache (302)
[2023.02.23-05.47.14:173][176]LogModuleManager: Shutting down and abandoning module GeometryCacheEd (301)
[2023.02.23-05.47.14:173][176]LogModuleManager: Shutting down and abandoning module SpeedTreeImporter (296)
[2023.02.23-05.47.14:173][176]LogModuleManager: Shutting down and abandoning module PluginBrowser (294)
[2023.02.23-05.47.14:175][176]LogModuleManager: Shutting down and abandoning module MobileLauncherProfileWizard (292)
[2023.02.23-05.47.14:176][176]LogModuleManager: Shutting down and abandoning module VisualStudioSourceCodeAccess (290)
[2023.02.23-05.47.14:176][176]LogModuleManager: Shutting down and abandoning module DesktopPlatform (289)
[2023.02.23-05.47.14:176][176]LogModuleManager: Shutting down and abandoning module UObjectPlugin (286)
[2023.02.23-05.47.14:176][176]LogModuleManager: Shutting down and abandoning module SubversionSourceControl (284)
[2023.02.23-05.47.14:176][176]LogModuleManager: Shutting down and abandoning module PerforceSourceControl (282)
[2023.02.23-05.47.14:177][176]LogModuleManager: Shutting down and abandoning module GitSourceControl (280)
[2023.02.23-05.47.14:178][176]LogModuleManager: Shutting down and abandoning module SourceControl (279)
[2023.02.23-05.47.14:179][176]LogModuleManager: Shutting down and abandoning module LightPropagationVolumeEditor (276)
[2023.02.23-05.47.14:179][176]LogModuleManager: Shutting down and abandoning module PaperTiledImporter (274)
[2023.02.23-05.47.14:179][176]LogModuleManager: Shutting down and abandoning module PaperSpriteSheetImporter (272)
[2023.02.23-05.47.14:179][176]LogModuleManager: Shutting down and abandoning module Paper2DEditor (270)
[2023.02.23-05.47.14:179][176]LogModuleManager: Shutting down and abandoning module MeshPaint (269)
[2023.02.23-05.47.14:179][176]LogModuleManager: Shutting down and abandoning module LevelEditor (267)
[2023.02.23-05.47.14:180][176]LogModuleManager: Shutting down and abandoning module PixelInspectorModule (266)
[2023.02.23-05.47.14:181][176]LogModuleManager: Shutting down and abandoning module MainFrame (264)
[2023.02.23-05.47.14:181][176]LogModuleManager: Shutting down and abandoning module HotReload (263)
[2023.02.23-05.47.14:181][176]LogModuleManager: Shutting down and abandoning module RuntimePhysXCooking (258)
[2023.02.23-05.47.14:181][176]LogModuleManager: Shutting down and abandoning module PhysXVehiclesEditor (256)
[2023.02.23-05.47.14:181][176]LogModuleManager: Shutting down and abandoning module PhysXVehicles (254)
[2023.02.23-05.47.14:181][176]LogModuleManager: Shutting down and abandoning module OculusEditor (252)
[2023.02.23-05.47.14:181][176]LogModuleManager: Shutting down and abandoning module LocationServicesBPLibrary (250)
[2023.02.23-05.47.14:181][176]LogModuleManager: Shutting down and abandoning module ImmediatePhysicsEditor (248)
[2023.02.23-05.47.14:181][176]LogModuleManager: Shutting down and abandoning module ImmediatePhysics (246)
[2023.02.23-05.47.14:182][176]LogModuleManager: Shutting down and abandoning module UdpMessaging (244)
[2023.02.23-05.47.14:283][176]LogModuleManager: Shutting down and abandoning module TcpMessaging (242)
[2023.02.23-05.47.14:383][176]LogModuleManager: Shutting down and abandoning module GameplayTagsEditor (240)
[2023.02.23-05.47.14:383][176]LogModuleManager: Shutting down and abandoning module FacialAnimationEditor (238)
[2023.02.23-05.47.14:383][176]LogModuleManager: Shutting down and abandoning module FacialAnimation (236)
[2023.02.23-05.47.14:383][176]LogModuleManager: Shutting down and abandoning module AssetManagerEditor (234)
[2023.02.23-05.47.14:385][176]LogModuleManager: Shutting down and abandoning module GraphEditor (233)
[2023.02.23-05.47.14:386][176]LogModuleManager: Shutting down and abandoning module ContentBrowser (231)
[2023.02.23-05.47.14:386][176]LogModuleManager: Shutting down and abandoning module LightPropagationVolumeRuntime (228)
[2023.02.23-05.47.14:386][176]LogModuleManager: Shutting down and abandoning module Paper2D (226)
[2023.02.23-05.47.14:386][176]LogModuleManager: Shutting down and abandoning module WindowsMoviePlayer (224)
[2023.02.23-05.47.14:386][176]LogModuleManager: Shutting down and abandoning module WmfMedia (222)
[2023.02.23-05.47.14:389][176]LogModuleManager: Shutting down and abandoning module PacketHandler (220)
[2023.02.23-05.47.14:389][176]LogModuleManager: Shutting down and abandoning module ClothingSystemEditor (218)
[2023.02.23-05.47.14:389][176]LogModuleManager: Shutting down and abandoning module ClothingSystemRuntime (216)
[2023.02.23-05.47.14:389][176]LogModuleManager: Shutting down and abandoning module Overlay (214)
[2023.02.23-05.47.14:389][176]LogModuleManager: Shutting down and abandoning module OverlayEditor (213)
[2023.02.23-05.47.14:389][176]LogModuleManager: Shutting down and abandoning module MediaAssets (210)
[2023.02.23-05.47.14:389][176]LogModuleManager: Shutting down and abandoning module VREditor (208)
[2023.02.23-05.47.14:389][176]LogModuleManager: Shutting down and abandoning module StringTableEditor (206)
[2023.02.23-05.47.14:390][176]LogModuleManager: Shutting down and abandoning module GameplayTasksEditor (204)
[2023.02.23-05.47.14:390][176]LogModuleManager: Shutting down and abandoning module BehaviorTreeEditor (202)
[2023.02.23-05.47.14:391][176]LogModuleManager: Shutting down and abandoning module FunctionalTesting (200)
[2023.02.23-05.47.14:391][176]LogModuleManager: Shutting down and abandoning module CollisionAnalyzer (198)
[2023.02.23-05.47.14:392][176]LogModuleManager: Shutting down and abandoning module WorkspaceMenuStructure (197)
[2023.02.23-05.47.14:392][176]LogModuleManager: Shutting down and abandoning module UMG (194)
[2023.02.23-05.47.14:393][176]LogModuleManager: Shutting down and abandoning module UMGEditor (193)
[2023.02.23-05.47.14:394][176]LogModuleManager: Shutting down and abandoning module Sequencer (192)
[2023.02.23-05.47.14:394][176]LogModuleManager: Shutting down and abandoning module MessageLog (189)
[2023.02.23-05.47.14:394][176]LogModuleManager: Shutting down and abandoning module SlateReflector (184)
[2023.02.23-05.47.14:396][176]LogModuleManager: Shutting down and abandoning module Slate (182)
[2023.02.23-05.47.14:396][176]LogModuleManager: Shutting down and abandoning module EditorStyle (180)
[2023.02.23-05.47.14:398][176]LogModuleManager: Shutting down and abandoning module MRMesh (178)
[2023.02.23-05.47.14:398][176]LogModuleManager: Shutting down and abandoning module SourceCodeAccess (176)
[2023.02.23-05.47.14:398][176]LogModuleManager: Shutting down and abandoning module HeadMountedDisplay (174)
[2023.02.23-05.47.14:398][176]LogModuleManager: Shutting down and abandoning module XAudio2 (172)
[2023.02.23-05.47.14:398][176]LogModuleManager: Shutting down and abandoning module Networking (170)
[2023.02.23-05.47.14:398][176]LogModuleManager: Shutting down and abandoning module Core (166)
[2023.02.23-05.47.14:398][176]LogModuleManager: Shutting down and abandoning module KismetCompiler (162)
[2023.02.23-05.47.14:398][176]LogModuleManager: Shutting down and abandoning module LevelSequence (160)
[2023.02.23-05.47.14:398][176]LogModuleManager: Shutting down and abandoning module MeshUtilities (158)
[2023.02.23-05.47.14:399][176]LogModuleManager: Shutting down and abandoning module MeshMergeUtilities (157)
[2023.02.23-05.47.14:400][176]LogModuleManager: Shutting down and abandoning module MeshReductionInterface (156)
[2023.02.23-05.47.14:400][176]LogModuleManager: Shutting down and abandoning module SimplygonSwarm (155)
[2023.02.23-05.47.14:400][176]LogModuleManager: Shutting down and abandoning module SimplygonMeshReduction (153)
[2023.02.23-05.47.14:400][176]LogModuleManager: Shutting down and abandoning module QuadricMeshReduction (151)
[2023.02.23-05.47.14:401][176]LogModuleManager: Shutting down and abandoning module MaterialBaking (147)
[2023.02.23-05.47.14:402][176]LogModuleManager: Shutting down and abandoning module DirectoryWatcher (144)
[2023.02.23-05.47.14:402][176]LogModuleManager: Shutting down and abandoning module DerivedDataCache (142)
[2023.02.23-05.47.14:490][176]LogDerivedDataCache: Shutdown
[2023.02.23-05.47.14:491][176]LogModuleManager: Shutting down and abandoning module TargetPlatform (140)
[2023.02.23-05.47.14:491][176]LogModuleManager: Shutting down and abandoning module VulkanShaderFormat (139)
[2023.02.23-05.47.14:491][176]LogModuleManager: Shutting down and abandoning module ShaderFormatVectorVM (137)
[2023.02.23-05.47.14:491][176]LogModuleManager: Shutting down and abandoning module ShaderFormatOpenGL (135)
[2023.02.23-05.47.14:492][176]LogModuleManager: Shutting down and abandoning module ShaderFormatD3D (133)
[2023.02.23-05.47.14:493][176]LogModuleManager: Shutting down and abandoning module MetalShaderFormat (131)
[2023.02.23-05.47.14:493][176]LogModuleManager: Shutting down and abandoning module TextureFormatUncompressed (129)
[2023.02.23-05.47.14:493][176]LogModuleManager: Shutting down and abandoning module TextureFormatPVR (127)
[2023.02.23-05.47.14:493][176]LogModuleManager: Shutting down and abandoning module TextureFormatDXT (125)
[2023.02.23-05.47.14:493][176]LogModuleManager: Shutting down and abandoning module TextureFormatIntelISPCTexComp (123)
[2023.02.23-05.47.14:494][176]LogModuleManager: Shutting down and abandoning module TextureFormatASTC (121)
[2023.02.23-05.47.14:494][176]LogModuleManager: Shutting down and abandoning module ImageWrapper (120)
[2023.02.23-05.47.14:494][176]LogModuleManager: Shutting down and abandoning module TextureFormatAndroid (117)
[2023.02.23-05.47.14:494][176]LogModuleManager: Shutting down and abandoning module AudioFormatOpus (115)
[2023.02.23-05.47.14:494][176]LogModuleManager: Shutting down and abandoning module AudioFormatOgg (113)
[2023.02.23-05.47.14:494][176]LogModuleManager: Shutting down and abandoning module AudioFormatADPCM (111)
[2023.02.23-05.47.14:494][176]LogModuleManager: Shutting down and abandoning module LinuxTargetPlatform (109)
[2023.02.23-05.47.14:494][176]LogModuleManager: Shutting down and abandoning module LinuxServerTargetPlatform (107)
[2023.02.23-05.47.14:494][176]LogModuleManager: Shutting down and abandoning module LinuxNoEditorTargetPlatform (105)
[2023.02.23-05.47.14:494][176]LogModuleManager: Shutting down and abandoning module LinuxClientTargetPlatform (103)
[2023.02.23-05.47.14:494][176]LogModuleManager: Shutting down and abandoning module TVOSTargetPlatform (101)
[2023.02.23-05.47.14:494][176]LogModuleManager: Shutting down and abandoning module Messaging (99)
[2023.02.23-05.47.14:494][176]LogModuleManager: Shutting down and abandoning module IOSTargetPlatform (97)
[2023.02.23-05.47.14:494][176]LogModuleManager: Shutting down and abandoning module HTML5TargetPlatform (95)
[2023.02.23-05.47.14:494][176]LogModuleManager: Shutting down and abandoning module Android_PVRTCTargetPlatform (93)
[2023.02.23-05.47.14:494][176]LogModuleManager: Shutting down and abandoning module Android_MultiTargetPlatform (91)
[2023.02.23-05.47.14:494][176]LogModuleManager: Shutting down and abandoning module Android_ETC2TargetPlatform (89)
[2023.02.23-05.47.14:494][176]LogModuleManager: Shutting down and abandoning module Android_ETC1TargetPlatform (87)
[2023.02.23-05.47.14:494][176]LogModuleManager: Shutting down and abandoning module Android_DXTTargetPlatform (85)
[2023.02.23-05.47.14:494][176]LogModuleManager: Shutting down and abandoning module Android_ATCTargetPlatform (83)
[2023.02.23-05.47.14:494][176]LogModuleManager: Shutting down and abandoning module Android_ASTCTargetPlatform (81)
[2023.02.23-05.47.14:494][176]LogModuleManager: Shutting down and abandoning module AndroidTargetPlatform (79)
[2023.02.23-05.47.14:494][176]LogModuleManager: Shutting down and abandoning module WindowsTargetPlatform (77)
[2023.02.23-05.47.14:494][176]LogModuleManager: Shutting down and abandoning module WindowsServerTargetPlatform (75)
[2023.02.23-05.47.14:494][176]LogModuleManager: Shutting down and abandoning module WindowsNoEditorTargetPlatform (73)
[2023.02.23-05.47.14:494][176]LogModuleManager: Shutting down and abandoning module WindowsClientTargetPlatform (71)
[2023.02.23-05.47.14:494][176]LogModuleManager: Shutting down and abandoning module MacTargetPlatform (69)
[2023.02.23-05.47.14:494][176]LogModuleManager: Shutting down and abandoning module MacServerTargetPlatform (67)
[2023.02.23-05.47.14:494][176]LogModuleManager: Shutting down and abandoning module MacNoEditorTargetPlatform (65)
[2023.02.23-05.47.14:494][176]LogModuleManager: Shutting down and abandoning module MacClientTargetPlatform (63)
[2023.02.23-05.47.14:494][176]LogModuleManager: Shutting down and abandoning module AllDesktopTargetPlatform (61)
[2023.02.23-05.47.14:494][176]LogModuleManager: Shutting down and abandoning module InputCore (58)
[2023.02.23-05.47.14:494][176]LogModuleManager: Shutting down and abandoning module Settings (56)
[2023.02.23-05.47.14:494][176]LogModuleManager: Shutting down and abandoning module PhysXCooking (54)
[2023.02.23-05.47.14:494][176]LogModuleManager: Shutting down and abandoning module OculusHMD (52)
[2023.02.23-05.47.14:495][176]LogModuleManager: Shutting down and abandoning module ExampleDeviceProfileSelector (50)
[2023.02.23-05.47.14:495][176]LogModuleManager: Shutting down and abandoning module OnlineBlueprintSupport (48)
[2023.02.23-05.47.14:495][176]LogModuleManager: Shutting down and abandoning module OnlineSubsystem (44)
[2023.02.23-05.47.14:495][176]LogOnline: Display: Unloading online subsystem: NULL
[2023.02.23-05.47.14:495][176]LogModuleManager: Shutting down and abandoning module XMPP (43)
[2023.02.23-05.47.14:495][176]LogModuleManager: Shutting down and abandoning module HTTP (41)
[2023.02.23-05.47.14:495][176]LogHttp: Display: Http module shutting down, but needs to wait on 1 outstanding Http requests:
[2023.02.23-05.47.14:496][176]LogHttp: Display: 	verb=[POST] url=[https://datarouter.ol.epicgames.com/datarouter/api/v1/public/data?SessionID=%7B0393DEA1-444D-B282-9146-18A29FFD2731%7D&AppID=UEEditor.Rocket.Release&AppVersion=4.17.2-3658906%2B%2B%2BUE4%2BRelease-4.17&UserID=e7a0390649111f16b3fdf5bd6b808c1f%7Cbd5410515cc64b9caf11544e7845568f%7C0795f369-6f5f-4eb8-85d0-701647ebc658&AppEnvironment=datacollector-binary&UploadType=eteventstream] status=Processing
[2023.02.23-05.47.14:524][176]LogModuleManager: Shutting down and abandoning module SSL (40)
[2023.02.23-05.47.14:526][176]LogModuleManager: Shutting down and abandoning module AnimationModifiers (36)
[2023.02.23-05.47.14:527][176]LogModuleManager: Shutting down and abandoning module PropertyEditor (35)
[2023.02.23-05.47.14:527][176]LogModuleManager: Shutting down and abandoning module AudioEditor (32)
[2023.02.23-05.47.14:528][176]LogModuleManager: Shutting down and abandoning module TextureCompressor (30)
[2023.02.23-05.47.14:528][176]LogModuleManager: Shutting down and abandoning module ShaderCore (28)
[2023.02.23-05.47.14:528][176]LogModuleManager: Shutting down and abandoning module Landscape (26)
[2023.02.23-05.47.14:528][176]LogModuleManager: Shutting down and abandoning module SlateRHIRenderer (24)
[2023.02.23-05.47.14:529][176]LogModuleManager: Shutting down and abandoning module OpenGLDrv (22)
[2023.02.23-05.47.14:529][176]LogModuleManager: Shutting down and abandoning module D3D11RHI (20)
[2023.02.23-05.47.14:529][176]LogModuleManager: Shutting down and abandoning module AnimGraphRuntime (18)
[2023.02.23-05.47.14:530][176]LogModuleManager: Shutting down and abandoning module Renderer (16)
[2023.02.23-05.47.14:530][176]LogModuleManager: Shutting down and abandoning module Engine (14)
[2023.02.23-05.47.14:530][176]LogModuleManager: Shutting down and abandoning module CoreUObject (12)
[2023.02.23-05.47.14:530][176]LogModuleManager: Shutting down and abandoning module NetworkFile (10)
[2023.02.23-05.47.14:530][176]LogModuleManager: Shutting down and abandoning module CookedIterativeFile (8)
[2023.02.23-05.47.14:530][176]LogModuleManager: Shutting down and abandoning module StreamingFile (6)
[2023.02.23-05.47.14:530][176]LogModuleManager: Shutting down and abandoning module SandboxFile (4)
[2023.02.23-05.47.14:531][176]LogModuleManager: Shutting down and abandoning module PakFile (2)
[2023.02.23-05.47.14:535][176]LogExit: Exiting.
[2023.02.23-05.47.14:546][176]Log file closed, 02/23/23 14:47:14
