Log file open, 01/13/23 09:25:42
LogWindows: Failed to load 'aqProf.dll' (GetLastError=126)
LogWindows: File 'aqProf.dll' does not exist
LogWindows: Failed to load 'VSPerf140.dll' (GetLastError=126)
LogWindows: File 'VSPerf140.dll' does not exist
LogWindows: Failed to load 'VtuneApi.dll' (GetLastError=126)
LogWindows: File 'VtuneApi.dll' does not exist
LogWindows: Failed to load 'VtuneApi32e.dll' (GetLastError=126)
LogWindows: File 'VtuneApi32e.dll' does not exist
LogInit: Display: Running engine for game: DrAward
LogPlatformFile: Not using cached read wrapper
LogInit: Display: RandInit(780502725) SRandInit(780502725).
LogTaskGraph: Started task graph with 5 named threads and 26 total threads with 3 sets of task threads.
LogStats: Stats thread started at 0.395997
LogD3D11RHI: Aftermath initialized
LogPluginManager: Mounting plugin Paper2D
LogPluginManager: Mounting plugin LightPropagationVolume
LogPluginManager: Mounting plugin CodeLiteSourceCodeAccess
LogPluginManager: Mounting plugin GitSourceControl
LogPluginManager: Mounting plugin KDevelopSourceCodeAccess
LogPluginManager: Mounting plugin NullSourceCodeAccess
LogPluginManager: Mounting plugin PerforceSourceControl
LogPluginManager: Mounting plugin SubversionSourceControl
LogPluginManager: Mounting plugin UObjectPlugin
LogPluginManager: Mounting plugin VisualStudioSourceCodeAccess
LogPluginManager: Mounting plugin XCodeSourceCodeAccess
LogPluginManager: Mounting plugin AssetManagerEditor
LogPluginManager: Mounting plugin AudioCapture
LogPluginManager: Mounting plugin FacialAnimation
LogPluginManager: Mounting plugin GameplayTagsEditor
LogPluginManager: Mounting plugin MobileLauncherProfileWizard
LogPluginManager: Mounting plugin PluginBrowser
LogPluginManager: Mounting plugin SpeedTreeImporter
LogPluginManager: Mounting plugin AlembicImporter
LogPluginManager: Mounting plugin CharacterAI
LogPluginManager: Mounting plugin HTML5Networking
LogPluginManager: Mounting plugin AndroidMedia
LogPluginManager: Mounting plugin AvfMedia
LogPluginManager: Mounting plugin MediaPlayerEditor
LogPluginManager: Mounting plugin WmfMedia
LogPluginManager: Mounting plugin TcpMessaging
LogPluginManager: Mounting plugin UdpMessaging
LogPluginManager: Mounting plugin LevelSequenceEditor
LogPluginManager: Mounting plugin MatineeToLevelSequence
LogPluginManager: Mounting plugin OnlineSubsystemGooglePlay
LogPluginManager: Mounting plugin OnlineSubsystemIOS
LogPluginManager: Mounting plugin OnlineSubsystem
LogPluginManager: Mounting plugin OnlineSubsystemNull
LogPluginManager: Mounting plugin OnlineSubsystemUtils
LogPluginManager: Mounting plugin AndroidDeviceProfileSelector
LogPluginManager: Mounting plugin AndroidMoviePlayer
LogPluginManager: Mounting plugin AndroidPermission
LogPluginManager: Mounting plugin AppleMoviePlayer
LogPluginManager: Mounting plugin ArchVisCharacter
LogPluginManager: Mounting plugin CableComponent
LogPluginManager: Mounting plugin CustomMeshComponent
LogPluginManager: Mounting plugin ExampleDeviceProfileSelector
LogPluginManager: Mounting plugin GoogleCloudMessaging
LogPluginManager: Mounting plugin ImmediatePhysics
LogPluginManager: Mounting plugin IOSDeviceProfileSelector
LogPluginManager: Mounting plugin LinuxDeviceProfileSelector
LogPluginManager: Mounting plugin LocationServicesBPLibrary
LogPluginManager: Mounting plugin MobilePatchingUtils
LogPluginManager: Mounting plugin OculusVR
LogPluginManager: Mounting plugin PhysXVehicles
LogPluginManager: Mounting plugin ProceduralMeshComponent
LogPluginManager: Mounting plugin RuntimePhysXCooking
LogPluginManager: Mounting plugin WindowsMoviePlayer
LogInit: Using libcurl 7.47.1
LogInit:  - built for x86_64-pc-win32
LogInit:  - supports SSL with OpenSSL/1.0.2g
LogInit:  - supports HTTP deflate (compression) using libz 1.2.8
LogInit:  - other features:
LogInit:      CURL_VERSION_SSL
LogInit:      CURL_VERSION_LIBZ
LogInit:      CURL_VERSION_IPV6
LogInit:      CURL_VERSION_ASYNCHDNS
LogInit:      CURL_VERSION_LARGEFILE
LogInit:      CURL_VERSION_IDN
LogInit:  CurlRequestOptions (configurable via config and command line):
LogInit:  - bVerifyPeer = false  - Libcurl will NOT verify peer certificate
LogInit:  - bUseHttpProxy = false  - Libcurl will NOT use HTTP proxy
LogInit:  - bDontReuseConnections = false  - Libcurl will reuse connections
LogInit:  - CertBundlePath = nullptr  - Libcurl will use whatever was configured at build time.
LogInit: Build: ++UE4+Release-4.17-CL-3658906
LogInit: Engine Version: 4.17.2-3658906+++UE4+Release-4.17
LogInit: Compatible Engine Version: 4.17.0-3573198+++UE4+Release-4.17
LogInit: Net CL: 3573198
LogDevObjectVersion: Number of dev versions registered: 16
LogDevObjectVersion:   Dev-Blueprints (B0D832E4-1F89-4F0D-ACCF-7EB736FD4AA2): 10
LogDevObjectVersion:   Dev-Build (E1C64328-A22C-4D53-A36C-8E866417BD8C): 0
LogDevObjectVersion:   Dev-Core (375EC13C-06E4-48FB-B500-84F0262A717E): 2
LogDevObjectVersion:   Dev-Editor (E4B068ED-F494-42E9-A231-DA0B2E46BB41): 20
LogDevObjectVersion:   Dev-Framework (CFFC743F-43B0-4480-9391-14DF171D2073): 28
LogDevObjectVersion:   Dev-Mobile (B02B49B5-BB20-44E9-A304-32B752E40360): 0
LogDevObjectVersion:   Dev-Networking (A4E4105C-59A1-49B5-A7C5-40C4547EDFEE): 0
LogDevObjectVersion:   Dev-Online (39C831C9-5AE6-47DC-9A44-9C173E1C8E7C): 0
LogDevObjectVersion:   Dev-Physics (78F01B33-EBEA-4F98-B9B4-84EACCB95AA2): 0
LogDevObjectVersion:   Dev-Platform (6631380F-2D4D-43E0-8009-CF276956A95A): 0
LogDevObjectVersion:   Dev-Rendering (12F88B9F-8875-4AFC-A67C-D90C383ABD29): 19
LogDevObjectVersion:   Dev-Sequencer (7B5AE74C-D270-4C10-A958-57980B212A5A): 4
LogDevObjectVersion:   Dev-VR (D7296918-1DD6-4BDD-9DE2-64A83CC13884): 0
LogDevObjectVersion:   Dev-LoadTimes (C2A15278-BFE7-4AFE-6C17-90FF531DF755): 1
LogDevObjectVersion:   Private-Geometry (6EACA3D4-40EC-4CC1-B786-8BED09428FC5): 1
LogDevObjectVersion:   Dev-AnimPhys (29E575DD-E0A3-4627-9D10-D276232CDCEA): 7
LogInit: Compiled (64-bit): Sep 22 2017 13:47:16
LogInit: Compiled with Visual C++: 19.00.24215.01
LogInit: Build Configuration: Development
LogInit: Branch Name: ++UE4+Release-4.17
LogInit: Command line: -EpicPortal  -epicusername="ナコラ君" -epicuserid=bd5410515cc64b9caf11544e7845568f -epiclocale=ja -epicsandboxid=ue
LogInit: Base directory: C:/Program Files/Epic Games/UE_4.17/Engine/Binaries/Win64/
LogInit: Installed Engine Build: 1
LogInit: Presizing for max 8388607 objects, including 0 objects not considered by GC, pre-allocating 0 bytes for permanent pool.
LogInit: Object subsystem initialized
[2023.01.13-00.25.42:834][  0]LogInit: Selected Device Profile: [Windows]
[2023.01.13-00.25.42:834][  0]LogInit: Applying CVar settings loaded from the selected device profile: [Windows]
[2023.01.13-00.25.42:846][  0]LogInit: Computer: KBC12206071
[2023.01.13-00.25.42:846][  0]LogInit: User: KBC12206071
[2023.01.13-00.25.42:846][  0]LogInit: CPU Page size=4096, Cores=8
[2023.01.13-00.25.42:846][  0]LogInit: High frequency timer resolution =10.000000 MHz
[2023.01.13-00.25.42:846][  0]LogMemory: Memory total: Physical=31.7GB (32GB approx)
[2023.01.13-00.25.42:846][  0]LogMemory: Platform Memory Stats for Windows
[2023.01.13-00.25.42:846][  0]LogMemory: Process Physical Memory: 281.81 MB used, 281.81 MB peak
[2023.01.13-00.25.42:846][  0]LogMemory: Process Virtual Memory: 281.32 MB used, 281.32 MB peak
[2023.01.13-00.25.42:846][  0]LogMemory: Physical Memory: 12076.03 MB used,  20393.10 MB free, 32469.13 MB total
[2023.01.13-00.25.42:846][  0]LogMemory: Virtual Memory: 4808.92 MB used,  20393.10 MB free, 134217728.00 MB total
[2023.01.13-00.25.42:996][  0]LogInit: Using OS detected language (ja-JP).
[2023.01.13-00.25.42:996][  0]LogInit: Using OS detected locale (ja-JP).
[2023.01.13-00.25.43:088][  0]LogTextLocalizationManager: No specific localization for 'ja-JP' exists, so the 'ja' localization will be used.
[2023.01.13-00.25.44:151][  0]LogD3D11RHI: D3D11 adapters:
[2023.01.13-00.25.44:229][  0]LogD3D11RHI:    0. 'NVIDIA GeForce RTX 3070 Laptop GPU' (Feature Level 11_0)
[2023.01.13-00.25.44:229][  0]LogD3D11RHI:       8044/0/16234 MB DedicatedVideo/DedicatedSystem/SharedSystem, Outputs:1, VendorId:0x10de
[2023.01.13-00.25.44:262][  0]LogD3D11RHI:    1. 'Intel(R) UHD Graphics' (Feature Level 11_0)
[2023.01.13-00.25.44:262][  0]LogD3D11RHI:       128/0/16234 MB DedicatedVideo/DedicatedSystem/SharedSystem, Outputs:0, VendorId:0x8086
[2023.01.13-00.25.44:264][  0]LogD3D11RHI:    2. 'Microsoft Basic Render Driver' (Feature Level 11_0)
[2023.01.13-00.25.44:264][  0]LogD3D11RHI:       0/0/16234 MB DedicatedVideo/DedicatedSystem/SharedSystem, Outputs:0, VendorId:0x1414
[2023.01.13-00.25.44:264][  0]LogD3D11RHI: Chosen D3D11 Adapter: 0
[2023.01.13-00.25.44:269][  0]LogD3D11RHI: Creating new Direct3DDevice
[2023.01.13-00.25.44:269][  0]LogD3D11RHI:     GPU DeviceId: 0x249d (for the marketing name, search the web for "GPU Device Id")
[2023.01.13-00.25.44:269][  0]LogWindows: EnumDisplayDevices:
[2023.01.13-00.25.44:269][  0]LogWindows:    0. 'Intel(R) UHD Graphics' (P:1 D:1)
[2023.01.13-00.25.44:269][  0]LogWindows:    1. 'Intel(R) UHD Graphics' (P:0 D:0)
[2023.01.13-00.25.44:269][  0]LogWindows:    2. 'Intel(R) UHD Graphics' (P:0 D:0)
[2023.01.13-00.25.44:270][  0]LogWindows:    3. 'Intel(R) UHD Graphics' (P:0 D:0)
[2023.01.13-00.25.44:270][  0]LogWindows:    4. 'NVIDIA GeForce RTX 3070 Laptop GPU' (P:0 D:0)
[2023.01.13-00.25.44:270][  0]LogWindows:    5. 'NVIDIA GeForce RTX 3070 Laptop GPU' (P:0 D:0)
[2023.01.13-00.25.44:270][  0]LogWindows:    6. 'NVIDIA GeForce RTX 3070 Laptop GPU' (P:0 D:0)
[2023.01.13-00.25.44:270][  0]LogWindows:    7. 'NVIDIA GeForce RTX 3070 Laptop GPU' (P:0 D:0)
[2023.01.13-00.25.44:270][  0]LogWindows: DebugString: GetVideoDriverDetailsInvalid PrimaryIsNotTheChoosenAdapter GetVideoDriverDetailsInvalid PrimaryIsNotTheChoosenAdapter GetVideoDriverDetailsInvalid PrimaryIsNotTheChoosenAdapter GetVideoDriverDetailsInvalid PrimaryIsNotTheChoosenAdapter GetVideoDriverDetailsInvalid PrimaryIsNotTheChoosenAdapter GetVideoDriverDetailsInvalid PrimaryIsNotTheChoosenAdapter GetVideoDriverDetailsInvalid PrimaryIsNotTheChoosenAdapter GetVideoDriverDetailsInvalid PrimaryIsNotTheChoosenAdapter FoundDriverCount:0 
[2023.01.13-00.25.44:270][  0]LogD3D11RHI:     Adapter Name: NVIDIA GeForce RTX 3070 Laptop GPU
[2023.01.13-00.25.44:270][  0]LogD3D11RHI:   Driver Version: Unknown (internal:Unknown, unified:Unknown)
[2023.01.13-00.25.44:270][  0]LogD3D11RHI:      Driver Date: Unknown
[2023.01.13-00.25.44:270][  0]LogRHI: Texture pool is 1361 MB (70% of 1945 MB)
[2023.01.13-00.25.44:322][  0]LogD3D11RHI: Async texture creation enabled
[2023.01.13-00.25.44:332][  0]LogD3D11RHI: GPU Timing Frequency: 1000.000000 (Debug: 2 1)
[2023.01.13-00.25.44:333][  0]LogShaderCompilers: Guid format shader working directory is -37 characters bigger than the processId version (../../../../../../Users/KBC12206071/Documents/Unreal Projects/Dr.Award's Dungeon/DrAward/Intermediate/Shaders/WorkingDirectory/24396/).
[2023.01.13-00.25.44:333][  0]LogShaderCompilers: Cleaned the shader compiler working directory 'C:/Users/KBC12206071/AppData/Local/Temp/UnrealShaderWorkingDir/C95B3B864FB4A084B6F5D1B0C515758B/'.
[2023.01.13-00.25.44:333][  0]LogShaderCompilers: Display: Using Local Shader Compiler.
[2023.01.13-00.25.45:055][  0]LogTemp: Display: Loaded TP AllDesktopTargetPlatform
[2023.01.13-00.25.45:094][  0]LogTemp: Display: Loaded TP MacClientTargetPlatform
[2023.01.13-00.25.45:131][  0]LogTemp: Display: Loaded TP MacNoEditorTargetPlatform
[2023.01.13-00.25.45:169][  0]LogTemp: Display: Loaded TP MacServerTargetPlatform
[2023.01.13-00.25.45:213][  0]LogTemp: Display: Loaded TP MacTargetPlatform
[2023.01.13-00.25.45:252][  0]LogTemp: Display: Loaded TP WindowsClientTargetPlatform
[2023.01.13-00.25.45:289][  0]LogTemp: Display: Loaded TP WindowsNoEditorTargetPlatform
[2023.01.13-00.25.45:327][  0]LogTemp: Display: Loaded TP WindowsServerTargetPlatform
[2023.01.13-00.25.45:362][  0]LogTemp: Display: Loaded TP WindowsTargetPlatform
[2023.01.13-00.25.45:404][  0]LogTemp: Display: Loaded TP AndroidTargetPlatform
[2023.01.13-00.25.45:442][  0]LogTemp: Display: Loaded TP Android_ASTCTargetPlatform
[2023.01.13-00.25.45:479][  0]LogTemp: Display: Loaded TP Android_ATCTargetPlatform
[2023.01.13-00.25.45:516][  0]LogTemp: Display: Loaded TP Android_DXTTargetPlatform
[2023.01.13-00.25.45:553][  0]LogTemp: Display: Loaded TP Android_ETC1TargetPlatform
[2023.01.13-00.25.45:590][  0]LogTemp: Display: Loaded TP Android_ETC2TargetPlatform
[2023.01.13-00.25.45:663][  0]LogTemp: Display: Loaded TP Android_MultiTargetPlatform
[2023.01.13-00.25.45:663][  0]LogTemp: Display: Loaded TP Android_PVRTCTargetPlatform
[2023.01.13-00.25.45:693][  0]LogTemp: Display: Loaded TP HTML5TargetPlatform
[2023.01.13-00.25.45:772][  0]LogTemp: Display: Loaded TP IOSTargetPlatform
[2023.01.13-00.25.45:792][  0]LogTemp: Display: Loaded TP TVOSTargetPlatform
[2023.01.13-00.25.45:828][  0]LogTemp: Display: Loaded TP LinuxClientTargetPlatform
[2023.01.13-00.25.45:865][  0]LogTemp: Display: Loaded TP LinuxNoEditorTargetPlatform
[2023.01.13-00.25.45:901][  0]LogTemp: Display: Loaded TP LinuxServerTargetPlatform
[2023.01.13-00.25.45:942][  0]LogTemp: Display: Loaded TP LinuxTargetPlatform
[2023.01.13-00.25.45:942][  0]LogTargetPlatformManager: Display: Building Assets For Windows
[2023.01.13-00.25.46:298][  0]LogDerivedDataCache: Display: Max Cache Size: 512 MB
[2023.01.13-00.25.46:415][  0]LogDerivedDataCache: Loaded boot cache 0.12s 93MB C:/Users/KBC12206071/AppData/Local/UnrealEngine/4.17/DerivedDataCache/Boot.ddc.
[2023.01.13-00.25.46:415][  0]LogDerivedDataCache: Display: Loaded Boot cache: C:/Users/KBC12206071/AppData/Local/UnrealEngine/4.17/DerivedDataCache/Boot.ddc
[2023.01.13-00.25.46:415][  0]LogDerivedDataCache: FDerivedDataBackendGraph:  Pak pak cache file ../../../../../../Users/KBC12206071/Documents/Unreal Projects/Dr.Award's Dungeon/DrAward/DerivedDataCache/DDC.ddp not found, will not use a pak cache.
[2023.01.13-00.25.46:415][  0]LogDerivedDataCache: Unable to find inner node Pak for hierarchical cache Hierarchy.
[2023.01.13-00.25.46:415][  0]LogDerivedDataCache: FDerivedDataBackendGraph:  CompressedPak pak cache file ../../../../../../Users/KBC12206071/Documents/Unreal Projects/Dr.Award's Dungeon/DrAward/DerivedDataCache/Compressed.ddp not found, will not use a pak cache.
[2023.01.13-00.25.46:415][  0]LogDerivedDataCache: Unable to find inner node CompressedPak for hierarchical cache Hierarchy.
[2023.01.13-00.25.46:424][  0]LogDerivedDataCache: Display: Pak cache opened for reading ../../../Engine/DerivedDataCache/Compressed.ddp.
[2023.01.13-00.25.46:437][  0]LogDerivedDataCache: Using Local data cache path C:/Users/KBC12206071/AppData/Local/UnrealEngine/Common/DerivedDataCache: Writable
[2023.01.13-00.25.46:445][  0]LogMaterial: Verifying Global Shaders for PCD3D_SM5
[2023.01.13-00.25.46:445][  0]LogSlate: Using Freetype 2.6.0
[2023.01.13-00.25.46:452][  0]LogSlate: SlateFontCache - WITH_FREETYPE: 1, WITH_HARFBUZZ: 1
[2023.01.13-00.25.46:452][  0]LogSlate: SlateFontCache - WITH_FREETYPE: 1, WITH_HARFBUZZ: 1
[2023.01.13-00.25.46:773][  0]LogAssetRegistry: FAssetRegistry took 0.0258 seconds to start up
[2023.01.13-00.25.46:852][  0]LogInit: Selected Device Profile: [Windows]
[2023.01.13-00.25.47:112][  0]LogSimplygon: Simplygon DLL not present - disabling.
[2023.01.13-00.25.47:142][  0]LogMeshReduction: Using SimplygonSwarm for distributed automatic mesh merging
[2023.01.13-00.25.47:142][  0]LogMeshReduction: Using QuadricMeshReduction for automatic static mesh reduction
[2023.01.13-00.25.47:142][  0]LogMeshReduction: No automatic skeletal mesh reduction module available
[2023.01.13-00.25.47:142][  0]LogMeshReduction: No automatic mesh merging module available
[2023.01.13-00.25.47:142][  0]LogMeshMerging: No automatic mesh merging module available
[2023.01.13-00.25.47:155][  0]LogContentStreaming: Texture pool size is 0.00 MB
[2023.01.13-00.25.47:416][  0]LogNetVersion: DrAward , NetCL: 3573198, EngineNetVer: 2, GameNetVer: 0 (Checksum: 550400037)
[2023.01.13-00.25.47:567][  0]LogPackageLocalizationCache: Processed 4 localized package path(s) for 2 prioritized culture(s) in 0.033869 seconds
[2023.01.13-00.25.47:569][  0]LogUObjectArray: 35628 objects as part of root set at end of initial load.
[2023.01.13-00.25.47:569][  0]LogUObjectAllocator: 7494032 out of 0 bytes used by permanent object pool.
[2023.01.13-00.25.47:569][  0]LogUObjectArray: CloseDisregardForGC: 0/0 objects in disregard for GC pool
[2023.01.13-00.25.47:612][  0]LogInit: WinSock: version 1.1 (2.2), MaxSocks=32767, MaxUdp=65467
[2023.01.13-00.25.49:880][  0]LogTcpMessaging: Initializing TcpMessaging bridge
[2023.01.13-00.25.49:912][  0]LogUdpMessaging: Initializing bridge on interface 0.0.0.0:0 to multicast group 230.0.0.1:6666.
[2023.01.13-00.25.50:408][  0]LogMaterial: Uniform references updated for custom material expression Custom.
[2023.01.13-00.25.50:694][  0]SourceControl: ソースコントロールは無効です
[2023.01.13-00.25.50:694][  0]SourceControl: ソースコントロールは無効です
[2023.01.13-00.25.50:730][  0]SourceControl: ソースコントロールは無効です
[2023.01.13-00.25.50:765][  0]SourceControl: ソースコントロールは無効です
[2023.01.13-00.25.51:192][  0]LogAndroidPermission: UAndroidPermissionCallbackProxy::GetInstance
[2023.01.13-00.25.51:369][  0]LogOcInput: OculusInput pre-init called
[2023.01.13-00.25.51:526][  0]LogEngine: Initializing Engine...
[2023.01.13-00.25.51:650][  0]LogStats: UGameplayTagsManager::ConstructGameplayTagTree: Construct from data asset -  0.000 s
[2023.01.13-00.25.51:650][  0]LogStats: UGameplayTagsManager::ConstructGameplayTagTree: GameplayTagTreeChangedEvent.Broadcast -  0.000 s
[2023.01.13-00.25.51:745][  0]LogAIModule: Creating AISystem for world Untitled
[2023.01.13-00.25.51:794][  0]LogInit: XAudio2 using 'ヘッドホン (Realtek(R) Audio)' : 2 channels at 48 kHz using 32 bits per sample (channel mask 0x3)
[2023.01.13-00.25.51:868][  0]LogInit: FAudioDevice initialized.
[2023.01.13-00.25.51:904][  0]LogDerivedDataCache: Saved boot cache 0.04s 93MB C:/Users/KBC12206071/AppData/Local/UnrealEngine/4.17/DerivedDataCache/Boot.ddc.
[2023.01.13-00.25.51:910][  0]LogInit: Texture streaming: Enabled
[2023.01.13-00.25.51:993][  0]LogEngineSessionManager: EngineSessionManager initialized
[2023.01.13-00.25.52:157][  0]LogInit: Transaction tracking system initialized
[2023.01.13-00.25.52:388][  0]BlueprintLog: New page: エディタの読み込み
[2023.01.13-00.25.53:047][  0]LocalizationService: ローカライズのサービスが無効になりました
[2023.01.13-00.25.53:563][  0]LogConsoleResponse: Display: 
[2023.01.13-00.25.53:695][  0]LogCook: Display: Max memory allowance for cook 16384mb min free memory 0mb
[2023.01.13-00.25.53:695][  0]LogFileCache: Scanning file cache for directory 'C:/Users/KBC12206071/Documents/Unreal Projects/Dr.Award's Dungeon/DrAward/Content/' took 0.01s
[2023.01.13-00.25.53:695][  0]LogCook: Display: Mobile HDR setting 1
[2023.01.13-00.25.53:695][  0]LogGameplayTags: Display: UGameplayTagsManager::DoneAddingNativeTags. DelegateIsBound: 0
[2023.01.13-00.25.54:483][  0]SourceControl: ソースコントロールは無効です
[2023.01.13-00.25.54:483][  0]Cmd: MAP LOAD FILE="../../../Engine/Content/Maps/Templates/Template_Default.umap" TEMPLATE=1 SHOWPROGRESS=1 FEATURELEVEL=3
[2023.01.13-00.25.54:484][  0]LightingResults: New page: ライティングのビルド
[2023.01.13-00.25.54:514][  0]MapCheck: New page: マップをチェック
[2023.01.13-00.25.54:514][  0]LightingResults: New page: <何も選択されていません>
[2023.01.13-00.25.54:636][  0]LogAIModule: Creating AISystem for world Untitled_1
[2023.01.13-00.25.54:640][  0]LogEditorServer: Finished looking for orphan Actors (0.000 secs)
[2023.01.13-00.25.54:656][  0]Cmd: MAP CHECKDEP NOCLEARLOG
[2023.01.13-00.25.54:704][  0]MapCheck: マップチェックが完了: 0 エラー、 0 警告、完了に 48.082ミリ秒かかりました。
[2023.01.13-00.25.54:704][  0]LogFileHelpers: Loading map 'Template_Default' took 0.222
[2023.01.13-00.25.54:765][  0]LogWindowsTextInputMethodSystem: Display: IME system now activated using TSF (Microsoft IME).
[2023.01.13-00.25.54:830][  0]LogCollectionManager: Loaded 0 collections in 0.001164 seconds
[2023.01.13-00.25.54:899][  0]LogFileCache: Scanning file cache for directory 'C:/Users/KBC12206071/Documents/Unreal Projects/Dr.Award's Dungeon/DrAward/Saved/Collections/' took 0.01s
[2023.01.13-00.25.54:899][  0]LogFileCache: Scanning file cache for directory 'C:/Users/KBC12206071/Documents/Unreal Projects/Dr.Award's Dungeon/DrAward/Content/Developers/KBC12206071/Collections/' took 0.01s
[2023.01.13-00.25.54:899][  0]LogFileCache: Scanning file cache for directory 'C:/Users/KBC12206071/Documents/Unreal Projects/Dr.Award's Dungeon/DrAward/Content/Collections/' took 0.01s
[2023.01.13-00.25.54:899][  0]LogCollectionManager: Rebuilt the GUID cache for 0 collections in 0.000001 seconds
[2023.01.13-00.25.54:905][  0]LogContentBrowser: Native class hierarchy populated in 0.0060 seconds. Added 2383 classes and 495 folders.
[2023.01.13-00.25.54:955][  0]LogContentBrowser: Native class hierarchy updated for 'WidgetCarousel' in 0.0004 seconds. Added 0 classes and 0 folders.
[2023.01.13-00.25.55:029][  0]LogContentBrowser: Native class hierarchy updated for 'AddContentDialog' in 0.0004 seconds. Added 0 classes and 0 folders.
[2023.01.13-00.25.55:063][  0]LogContentBrowser: Native class hierarchy updated for 'SceneOutliner' in 0.0004 seconds. Added 1 classes and 2 folders.
[2023.01.13-00.25.55:112][  0]LogDirectoryWatcher: Warning: Failed to begin reading directory changes for ../../../../../../Users/KBC12206071/Documents/Unreal Projects/Dr.Award's Dungeon/DrAward/Plugins/. Error: 指定されたファイルが見つかりません。 (0x00000002)
[2023.01.13-00.25.55:176][  0]LogContentBrowser: Native class hierarchy updated for 'HierarchicalLODOutliner' in 0.0005 seconds. Added 1 classes and 2 folders.
[2023.01.13-00.25.55:176][  0]LogLoad: (Engine Initialization) Total time: 14.46 seconds
[2023.01.13-00.25.55:176][  0]LogLoad: (Engine Initialization) Total Blueprint compile time: 0.00 seconds
[2023.01.13-00.25.55:177][  0]LogExternalProfiler: No external profilers were discovered.  External profiling features will not be available.
[2023.01.13-00.25.55:200][  0]LogAssetRegistry: Asset discovery search completed in 8.4506 seconds
[2023.01.13-00.25.55:202][  0]LogCollectionManager: Rebuilt the object cache for 0 collections in 0.000000 seconds (found 0 objects)
[2023.01.13-00.25.55:202][  0]LogCollectionManager: Fixed up redirectors for 0 collections in 0.000041 seconds (updated 0 objects)
[2023.01.13-00.25.55:204][  0]LogContentStreaming: Texture pool size now 1000 MB
[2023.01.13-00.25.55:211][  0]LogSlate: Took 0.001170 seconds to synchronously load lazily loaded font '../../../Engine/Content/Slate/Fonts/Roboto-Regular.ttf' (155K)
[2023.01.13-00.25.55:221][  0]LogSlate: Took 0.009131 seconds to synchronously load lazily loaded font '../../../Engine/Content/Slate/Fonts/DroidSansFallback.ttf' (3848K)
[2023.01.13-00.25.55:222][  0]LogSlate: Took 0.000995 seconds to synchronously load lazily loaded font '../../../Engine/Content/Slate/Fonts/Roboto-Bold.ttf' (160K)
[2023.01.13-00.25.55:225][  0]LogSlate: Took 0.000864 seconds to synchronously load lazily loaded font '../../../Engine/Content/Editor/Slate/Fonts/FontAwesome.ttf' (139K)
[2023.01.13-00.25.55:328][  2]LogRenderer: Reallocating scene render targets to support 916x448 Format 10 NumSamples 1 (Frame:1).
[2023.01.13-00.25.57:557][261]LogDirectoryWatcher: A directory notification for '../../../Engine/Plugins/' was aborted.
[2023.01.13-00.25.59:353][362]LogRenderer: Reallocating scene render targets to support 916x516 Format 10 NumSamples 1 (Frame:352).
[2023.01.13-00.30.37:792][210]LogSlate: Took 0.002145 seconds to synchronously load lazily loaded font '../../../Engine/Content/Slate/Fonts/Roboto-Light.ttf' (159K)
[2023.01.13-00.31.07:722][210]LogSlate: Took 0.000152 seconds to synchronously load lazily loaded font '../../../Engine/Content/Slate/Fonts/Roboto-Light.ttf' (159K)
[2023.01.13-00.31.08:037][210]LogSavePackage: Save=19.84ms
[2023.01.13-00.31.08:037][210]LogSavePackage: Moving '../../../../../../Users/KBC12206071/Documents/Unreal Projects/Dr.Award's Dungeon/DrAward/Saved/MainA77EB2014BDC510AF99C889268274FAF.tmp' to '../../../../../../Users/KBC12206071/Documents/Unreal Projects/Dr.Award's Dungeon/DrAward/Content/Map/Main.umap'
[2023.01.13-00.31.08:038][210]LogSavePackage: Display: Finished SavePackage ../../../../../../Users/KBC12206071/Documents/Unreal Projects/Dr.Award's Dungeon/DrAward/Content/Map/Main.umap
[2023.01.13-00.31.08:048][210]Cmd: OBJ SAVEPACKAGE PACKAGE="/Game/Map/Main_BuiltData" FILE="../../../../../../Users/KBC12206071/Documents/Unreal Projects/Dr.Award's Dungeon/DrAward/Content/Map/Main_BuiltData.uasset" SILENT=true
[2023.01.13-00.31.08:056][210]LogSavePackage: Save=6.40ms
[2023.01.13-00.31.08:056][210]LogSavePackage: Moving '../../../../../../Users/KBC12206071/Documents/Unreal Projects/Dr.Award's Dungeon/DrAward/Saved/Main_BuiltDataAEED7718435AB7A2E9F636A09690DB6E.tmp' to '../../../../../../Users/KBC12206071/Documents/Unreal Projects/Dr.Award's Dungeon/DrAward/Content/Map/Main_BuiltData.uasset'
[2023.01.13-00.31.08:057][210]LogSavePackage: Display: Finished SavePackage ../../../../../../Users/KBC12206071/Documents/Unreal Projects/Dr.Award's Dungeon/DrAward/Content/Map/Main_BuiltData.uasset
[2023.01.13-00.31.08:062][210]LogFileHelpers: Saving map 'Main' took 0.405
[2023.01.13-00.32.09:825][201]LogTemp: Executing iPhonePackager certificates Engine -bundlename com.YourCompany.DrAward
[2023.01.13-00.32.09:825][201]LogTemp: CWD: C:\Program Files\Epic Games\UE_4.17\Engine\Binaries\DotNET\IOS
[2023.01.13-00.32.09:825][201]LogTemp: Initial Dir: C:\Program Files\Epic Games\UE_4.17
[2023.01.13-00.32.09:825][201]LogTemp: Env CWD: C:\Program Files\Epic Games\UE_4.17\Engine\Binaries\DotNET\IOS
[2023.01.13-00.32.09:828][201]LogTemp: BranchPath = KBC12206071/C/Program Files/Epic Games/UE_4.17/Engine/Binaries --- GameBranchPath = KBC12206071/C/Program Files/Epic Games/UE_4.17/Engine/Binaries
[2023.01.13-00.32.09:848][202]LogTemp: IPP ERROR: Could not find provision directory 'C:\Users\KBC12206071\AppData\Local/Apple Computer/MobileDevice/Provisioning Profiles/'.
[2023.01.13-00.32.35:392][724]LogSlate: Took 0.000184 seconds to synchronously load lazily loaded font '../../../Engine/Content/Slate/Fonts/Roboto-Light.ttf' (159K)
[2023.01.13-00.34.31:502][787]LogEditorViewport: Clicking on Actor (LMB): PlayerStart (Player Start)
[2023.01.13-00.34.32:139][861]LogEditorViewport: Clicking on Actor (LMB): StaticMeshActor (Floor)
[2023.01.13-00.34.33:219][987]LogEditorViewport: Clicking on Actor (LMB): StaticMeshActor (Floor)
[2023.01.13-00.34.50:798][ 95]LogEditorViewport: Clicking on Actor (context menu): StaticMeshActor (Floor)
[2023.01.13-00.34.53:605][430]LogEditorViewport: Clicking on Actor (LMB): StaticMeshActor (Floor)
[2023.01.13-00.35.13:379][801]LogEditorViewport: Clicking on Actor (LMB): StaticMeshActor (Floor)
[2023.01.13-00.35.13:852][857]LogEditorViewport: Clicking on Actor (LMB): StaticMeshActor (Floor)
[2023.01.13-00.35.37:375][183]LogEditorViewport: Clicking on Actor (LMB): StaticMeshActor (Floor)
[2023.01.13-00.35.39:455][431]LogEditorViewport: Clicking on Actor (context menu): StaticMeshActor (Floor)
[2023.01.13-00.35.41:365][659]LogEditorViewport: Clicking on Actor (LMB): StaticMeshActor (Floor)
[2023.01.13-00.38.01:359][931]LogEditorViewport: Clicking on Actor (LMB): PlayerStart (Player Start)
[2023.01.13-00.38.01:365][931]LogNavigationPoint: PostEditMove Clear paths rebuilt
[2023.01.13-00.38.03:184][147]LogEditorViewport: Clicking on Actor (context menu): PlayerStart (Player Start)
[2023.01.13-00.38.05:622][437]Cmd: CAMERA ALIGN ACTIVEVIEWPORTONLY
[2023.01.13-00.38.10:317][  0]LogNavigationPoint: PostEditMove Clear paths rebuilt
[2023.01.13-00.38.12:651][278]LogEditorViewport: Clicking on Actor (context menu): PlayerStart (Player Start)
[2023.01.13-00.38.15:059][565]LogEditorViewport: Clicking on Actor (LMB): StaticMeshActor (Floor)
[2023.01.13-00.38.16:698][759]LogEditorViewport: Clicking on Actor (LMB): PlayerStart (Player Start)
[2023.01.13-00.38.22:508][455]Cmd: CAMERA ALIGN ACTIVEVIEWPORTONLY
[2023.01.13-00.38.32:112][606]Cmd: CAMERA ALIGN ACTIVEVIEWPORTONLY
[2023.01.13-00.38.38:829][412]LogNavigationPoint: PostEditMove Clear paths rebuilt
[2023.01.13-00.38.40:478][609]Cmd: CAMERA ALIGN ACTIVEVIEWPORTONLY
[2023.01.13-00.38.46:163][291]Cmd: CAMERA ALIGN ACTIVEVIEWPORTONLY
[2023.01.13-00.38.46:722][358]Cmd: CAMERA ALIGN ACTIVEVIEWPORTONLY
[2023.01.13-00.38.47:872][496]LogEditorViewport: Clicking on Actor (LMB): StaticMeshActor (Floor)
[2023.01.13-00.38.51:194][892]LogEditorViewport: Clicking on Actor (LMB): PlayerStart (Player Start)
[2023.01.13-00.38.51:198][892]LogNavigationPoint: PostEditMove Clear paths rebuilt
[2023.01.13-00.38.51:922][978]Cmd: CAMERA ALIGN ACTIVEVIEWPORTONLY
[2023.01.13-00.39.01:609][140]Cmd: CAMERA ALIGN ACTIVEVIEWPORTONLY
[2023.01.13-00.39.06:310][704]LogNavigationPoint: PostEditMove Clear paths rebuilt
[2023.01.13-00.40.37:780][644]LogSavePackage: Save=14.47ms
[2023.01.13-00.40.37:780][644]LogSavePackage: Moving '../../../../../../Users/KBC12206071/Documents/Unreal Projects/Dr.Award's Dungeon/DrAward/Saved/Main_Auto1CC0783F743253994DAD7A4B80541F438.tmp' to '../../../../../../Users/KBC12206071/Documents/Unreal Projects/Dr.Award's Dungeon/DrAward/Saved/Autosaves/Game/Map/Main_Auto1.umap'
[2023.01.13-00.40.37:781][644]LogSavePackage: Display: Finished SavePackage ../../../../../../Users/KBC12206071/Documents/Unreal Projects/Dr.Award's Dungeon/DrAward/Saved/Autosaves/Game/Map/Main_Auto1.umap
[2023.01.13-00.40.37:798][644]LogFileHelpers: Editor autosave (incl. sublevels) for '/Game/Map/Main' took 0.053
[2023.01.13-00.40.37:798][644]LogFileHelpers: Editor autosave (incl. sublevels) for all levels took 0.053
[2023.01.13-00.41.30:682][748]LogActorFactory: Actor Factory created Cone
[2023.01.13-00.41.32:051][830]LogActorFactory: Actor Factory created Cone
[2023.01.13-00.41.33:820][936]Cmd: CAMERA ALIGN ACTIVEVIEWPORTONLY
[2023.01.13-00.42.19:567][680]LogTemp: Repeating last play command: 選択ビューポート
[2023.01.13-00.42.19:580][680]LogPlayLevel: PlayLevel: No blueprints needed recompiling
[2023.01.13-00.42.19:581][680]PIE: New page: PIEセッション: Main (2023/01/13 18:42:19)
[2023.01.13-00.42.19:582][680]LogPlayLevel: Creating play world package: /Game/Map/UEDPIE_0_Main
[2023.01.13-00.42.19:584][680]LogPlayLevel: PIE: StaticDuplicateObject took: (0.001890s)
[2023.01.13-00.42.19:584][680]LogAIModule: Creating AISystem for world Main
[2023.01.13-00.42.19:585][680]LogPlayLevel: PIE: World Init took: (0.000769s)
[2023.01.13-00.42.19:585][680]LogPlayLevel: PIE: Created PIE world by copying editor world from /Game/Map/Main.Main to /Game/Map/UEDPIE_0_Main.Main (0.003119s)
[2023.01.13-00.42.19:611][680]LogInit: XAudio2 using 'ヘッドホン (Realtek(R) Audio)' : 2 channels at 48 kHz using 32 bits per sample (channel mask 0x3)
[2023.01.13-00.42.19:641][680]LogInit: FAudioDevice initialized.
[2023.01.13-00.42.19:680][680]LogLoad: Game class is 'GameModeBase'
[2023.01.13-00.42.19:687][680]LogWorld: Bringing World /Game/Map/UEDPIE_0_Main.Main up for play (max tick rate 60) at 2023.01.13-09.42.19
[2023.01.13-00.42.19:687][680]LogWorld: Bringing up level for play took: 0.001104
[2023.01.13-00.42.19:729][680]LogContentBrowser: Native class hierarchy updated for 'MovieSceneCapture' in 0.0005 seconds. Added 11 classes and 0 folders.
[2023.01.13-00.42.19:732][680]PIE: /Game/Map/UEDPIE_0_Main -0.614のプレイ イン エディタの開始時間
[2023.01.13-00.42.33:962][530]LogEditorViewport: Clicking on Actor (LMB): StaticMeshActor (Cone)
[2023.01.13-00.43.35:658][129]LogEditorViewport: Clicking on Actor (LMB): BP_Sky_Sphere_C (Sky Sphere)
[2023.01.13-00.43.37:050][212]LogEditorViewport: Clicking on Actor (LMB): StaticMeshActor (Cone)
[2023.01.13-00.51.28:085][715]LogSavePackage: Save=17.31ms
[2023.01.13-00.51.28:085][715]LogSavePackage: Moving '../../../../../../Users/KBC12206071/Documents/Unreal Projects/Dr.Award's Dungeon/DrAward/Saved/Main_Auto2C901FED4469FCEF9C7AAF5BED074EA4C.tmp' to '../../../../../../Users/KBC12206071/Documents/Unreal Projects/Dr.Award's Dungeon/DrAward/Saved/Autosaves/Game/Map/Main_Auto2.umap'
[2023.01.13-00.51.28:087][715]LogSavePackage: Display: Finished SavePackage ../../../../../../Users/KBC12206071/Documents/Unreal Projects/Dr.Award's Dungeon/DrAward/Saved/Autosaves/Game/Map/Main_Auto2.umap
[2023.01.13-00.51.28:088][715]LogFileHelpers: Editor autosave (incl. sublevels) for '/Game/Map/Main' took 0.042
[2023.01.13-00.51.28:088][715]LogFileHelpers: Editor autosave (incl. sublevels) for all levels took 0.042
[2023.01.13-01.01.00:172][782]LogEditorViewport: Clicking on Actor (LMB): SpotLight (SpotLight)
[2023.01.13-01.01.01:064][835]Cmd: DELETE
[2023.01.13-01.01.01:065][835]Cmd: ACTOR DELETE
[2023.01.13-01.01.01:068][835]LogEditorActor: Deleted Actor: SpotLight
[2023.01.13-01.01.01:082][835]LogEditorActor: Deleted 1 Actors (0.015 secs)
[2023.01.13-01.01.04:222][ 24]LogEditorViewport: Clicking on Actor (LMB): StaticMeshActor (Floor)
[2023.01.13-01.01.05:922][124]LogEditorViewport: Clicking on Actor (LMB): StaticMeshActor (Cone)
[2023.01.13-01.01.06:943][184]Cmd: DELETE
[2023.01.13-01.01.06:943][184]Cmd: ACTOR DELETE
[2023.01.13-01.01.06:943][184]LogEditorActor: Deleted Actor: StaticMeshActor
[2023.01.13-01.01.06:957][184]LogEditorActor: Deleted 1 Actors (0.015 secs)
[2023.01.13-01.01.37:860][675]LogEditorViewport: Clicking on Actor (LMB): StaticMeshActor (Floor)
[2023.01.13-01.03.09:909][942]LogFactory: FactoryCreateFile: StaticMesh with FbxFactory (0 0 ../../../../../../Users/KBC12206071/Downloads/DrAward_Pack/DrAward_Pack/sozai/Mesh/plane.fbx)
[2023.01.13-01.03.09:930][942]LogFbx: ItemName: GlobalSettings, ItemCount : 1
[2023.01.13-01.03.09:930][942]LogFbx: ItemName: AnimationStack, ItemCount : 1
[2023.01.13-01.03.09:930][942]LogFbx: ItemName: AnimationLayer, ItemCount : 1
[2023.01.13-01.03.09:930][942]LogFbx: ItemName: Geometry, ItemCount : 1
[2023.01.13-01.03.09:930][942]LogFbx: ItemName: Material, ItemCount : 1
[2023.01.13-01.03.09:930][942]LogFbx: ItemName: Model, ItemCount : 1
[2023.01.13-01.03.09:936][942]LogFbx: Loading FBX Scene from ../../../../../../Users/KBC12206071/Downloads/DrAward_Pack/DrAward_Pack/sozai/Mesh/plane.fbx
[2023.01.13-01.03.09:941][942]LogFbx: FBX Scene Loaded Succesfully
[2023.01.13-01.04.47:112][942]LogFbx: Loading FBX Scene from ../../../../../../Users/KBC12206071/Downloads/DrAward_Pack/DrAward_Pack/sozai/Mesh/plane.fbx
[2023.01.13-01.04.47:115][942]LogFbx: FBX Scene Loaded Succesfully
[2023.01.13-01.04.47:117][942]LogFbx: Warning: Triangulating static mesh Wall
[2023.01.13-01.04.47:121][942]LogStaticMesh: スタティックメッシュ plane をビルド中...
[2023.01.13-01.04.47:123][942]LogStaticMesh: Built static mesh [0.00s] /Game/plane.plane
[2023.01.13-01.04.50:214][124]LogSavePackage: Save=15.11ms
[2023.01.13-01.04.50:214][124]LogSavePackage: Moving '../../../../../../Users/KBC12206071/Documents/Unreal Projects/Dr.Award's Dungeon/DrAward/Saved/Main_Auto39CA104E9421F5E86435A96851299BBBE.tmp' to '../../../../../../Users/KBC12206071/Documents/Unreal Projects/Dr.Award's Dungeon/DrAward/Saved/Autosaves/Game/Map/Main_Auto3.umap'
[2023.01.13-01.04.50:216][124]LogSavePackage: Display: Finished SavePackage ../../../../../../Users/KBC12206071/Documents/Unreal Projects/Dr.Award's Dungeon/DrAward/Saved/Autosaves/Game/Map/Main_Auto3.umap
[2023.01.13-01.04.50:218][124]LogFileHelpers: Editor autosave (incl. sublevels) for '/Game/Map/Main' took 0.041
[2023.01.13-01.04.50:218][124]LogFileHelpers: Editor autosave (incl. sublevels) for all levels took 0.041
[2023.01.13-01.04.50:220][124]OBJ SavePackage: Generating thumbnails for [1] asset(s) in package [/Game/plane] ([1] browsable assets)...
[2023.01.13-01.04.50:231][124]OBJ SavePackage:     Rendered thumbnail for [StaticMesh /Game/plane.plane]
[2023.01.13-01.04.50:231][124]OBJ SavePackage: Finished generating thumbnails for package [/Game/plane]
[2023.01.13-01.04.50:241][124]LogSavePackage: Save=8.60ms
[2023.01.13-01.04.50:241][124]LogSavePackage: Moving '../../../../../../Users/KBC12206071/Documents/Unreal Projects/Dr.Award's Dungeon/DrAward/Saved/plane_Auto321A227544844FA793D8CB28E28556263.tmp' to '../../../../../../Users/KBC12206071/Documents/Unreal Projects/Dr.Award's Dungeon/DrAward/Saved/Autosaves/Game/plane_Auto3.uasset'
[2023.01.13-01.04.50:243][124]LogSavePackage: Display: Finished SavePackage ../../../../../../Users/KBC12206071/Documents/Unreal Projects/Dr.Award's Dungeon/DrAward/Saved/Autosaves/Game/plane_Auto3.uasset
[2023.01.13-01.04.50:243][124]LogFileHelpers: Auto-saving content packages took 0.024
[2023.01.13-01.04.53:865][339]Cmd: OBJ SAVEPACKAGE PACKAGE="/Game/Mesh/plane" FILE="../../../../../../Users/KBC12206071/Documents/Unreal Projects/Dr.Award's Dungeon/DrAward/Content/Mesh/plane.uasset" SILENT=true
[2023.01.13-01.04.53:875][339]LogSavePackage: Save=8.48ms
[2023.01.13-01.04.53:875][339]LogSavePackage: Moving '../../../../../../Users/KBC12206071/Documents/Unreal Projects/Dr.Award's Dungeon/DrAward/Saved/plane7BBE1EFF48E73DF6262D1680D4BC9A6B.tmp' to '../../../../../../Users/KBC12206071/Documents/Unreal Projects/Dr.Award's Dungeon/DrAward/Content/Mesh/plane.uasset'
[2023.01.13-01.04.53:878][339]LogSavePackage: Display: Finished SavePackage ../../../../../../Users/KBC12206071/Documents/Unreal Projects/Dr.Award's Dungeon/DrAward/Content/Mesh/plane.uasset
[2023.01.13-01.05.02:435][845]LogSavePackage: Save=13.82ms
[2023.01.13-01.05.02:436][845]LogSavePackage: Moving '../../../../../../Users/KBC12206071/Documents/Unreal Projects/Dr.Award's Dungeon/DrAward/Saved/Main07AC88E24927121FB409F892B0C1C2C8.tmp' to '../../../../../../Users/KBC12206071/Documents/Unreal Projects/Dr.Award's Dungeon/DrAward/Content/Map/Main.umap'
[2023.01.13-01.05.02:439][845]LogSavePackage: Display: Finished SavePackage ../../../../../../Users/KBC12206071/Documents/Unreal Projects/Dr.Award's Dungeon/DrAward/Content/Map/Main.umap
[2023.01.13-01.05.02:451][845]Cmd: OBJ SAVEPACKAGE PACKAGE="/Game/Map/Main_BuiltData" FILE="../../../../../../Users/KBC12206071/Documents/Unreal Projects/Dr.Award's Dungeon/DrAward/Content/Map/Main_BuiltData.uasset" SILENT=true
[2023.01.13-01.05.02:459][845]LogSavePackage: Save=5.36ms
[2023.01.13-01.05.02:459][845]LogSavePackage: Moving '../../../../../../Users/KBC12206071/Documents/Unreal Projects/Dr.Award's Dungeon/DrAward/Saved/Main_BuiltDataF853826548751F5F7D7F92AB1D54C218.tmp' to '../../../../../../Users/KBC12206071/Documents/Unreal Projects/Dr.Award's Dungeon/DrAward/Content/Map/Main_BuiltData.uasset'
[2023.01.13-01.05.02:460][845]LogSavePackage: Display: Finished SavePackage ../../../../../../Users/KBC12206071/Documents/Unreal Projects/Dr.Award's Dungeon/DrAward/Content/Map/Main_BuiltData.uasset
[2023.01.13-01.05.03:539][910]LogEditorViewport: Clicking on Actor (LMB): StaticMeshActor (Floor)
[2023.01.13-01.07.15:304][878]LogFactory: FactoryCreateFile: Texture with ReimportTextureFactory (0 0 ../../../../../../Users/KBC12206071/Downloads/DrAward_Pack/DrAward_Pack/sozai/Texture/brick/brick_bc.png)
[2023.01.13-01.07.15:354][878]LogTexture: Display: Building textures: brick_bc (AutoDXT, 1024X1024)
[2023.01.13-01.07.15:569][878]LogFactory: FactoryCreateFile: Texture with ReimportTextureFactory (0 0 ../../../../../../Users/KBC12206071/Downloads/DrAward_Pack/DrAward_Pack/sozai/Texture/brick/brick_n.png)
[2023.01.13-01.07.15:621][878]LogTexture: Display: Building textures: brick_n (BC5, 1024X1024)
[2023.01.13-01.07.15:687][878]LogFactory: FactoryCreateFile: Texture with ReimportTextureFactory (0 0 ../../../../../../Users/KBC12206071/Downloads/DrAward_Pack/DrAward_Pack/sozai/Texture/brick/brick_orm.png)
[2023.01.13-01.07.15:725][878]LogTexture: Display: Building textures: brick_orm (AutoDXT, 1024X1024)
[2023.01.13-01.07.19:998][120]Cmd: OBJ SAVEPACKAGE PACKAGE="/Game/TexTure/brick_bc" FILE="../../../../../../Users/KBC12206071/Documents/Unreal Projects/Dr.Award's Dungeon/DrAward/Content/TexTure/brick_bc.uasset" SILENT=true
[2023.01.13-01.07.20:117][120]LogSavePackage: Save=117.81ms
[2023.01.13-01.07.20:118][120]LogSavePackage: Moving '../../../../../../Users/KBC12206071/Documents/Unreal Projects/Dr.Award's Dungeon/DrAward/Saved/brick_bc5D18751A4EC04C78A4C20B9E6378AFA5.tmp' to '../../../../../../Users/KBC12206071/Documents/Unreal Projects/Dr.Award's Dungeon/DrAward/Content/TexTure/brick_bc.uasset'
[2023.01.13-01.07.20:120][120]LogSavePackage: Display: Finished SavePackage ../../../../../../Users/KBC12206071/Documents/Unreal Projects/Dr.Award's Dungeon/DrAward/Content/TexTure/brick_bc.uasset
[2023.01.13-01.07.20:130][120]Cmd: OBJ SAVEPACKAGE PACKAGE="/Game/TexTure/brick_n" FILE="../../../../../../Users/KBC12206071/Documents/Unreal Projects/Dr.Award's Dungeon/DrAward/Content/TexTure/brick_n.uasset" SILENT=true
[2023.01.13-01.07.20:306][120]LogSavePackage: Save=173.85ms
[2023.01.13-01.07.20:306][120]LogSavePackage: Moving '../../../../../../Users/KBC12206071/Documents/Unreal Projects/Dr.Award's Dungeon/DrAward/Saved/brick_n5776D0C84D53BF7B14D358A455D9D756.tmp' to '../../../../../../Users/KBC12206071/Documents/Unreal Projects/Dr.Award's Dungeon/DrAward/Content/TexTure/brick_n.uasset'
[2023.01.13-01.07.20:308][120]LogSavePackage: Display: Finished SavePackage ../../../../../../Users/KBC12206071/Documents/Unreal Projects/Dr.Award's Dungeon/DrAward/Content/TexTure/brick_n.uasset
[2023.01.13-01.07.20:320][120]Cmd: OBJ SAVEPACKAGE PACKAGE="/Game/TexTure/brick_orm" FILE="../../../../../../Users/KBC12206071/Documents/Unreal Projects/Dr.Award's Dungeon/DrAward/Content/TexTure/brick_orm.uasset" SILENT=true
[2023.01.13-01.07.20:429][120]LogSavePackage: Save=107.69ms
[2023.01.13-01.07.20:429][120]LogSavePackage: Moving '../../../../../../Users/KBC12206071/Documents/Unreal Projects/Dr.Award's Dungeon/DrAward/Saved/brick_ormBCE0FE6C40C38BF7C3F6068AD2A2EE0E.tmp' to '../../../../../../Users/KBC12206071/Documents/Unreal Projects/Dr.Award's Dungeon/DrAward/Content/TexTure/brick_orm.uasset'
[2023.01.13-01.07.20:432][120]LogSavePackage: Display: Finished SavePackage ../../../../../../Users/KBC12206071/Documents/Unreal Projects/Dr.Award's Dungeon/DrAward/Content/TexTure/brick_orm.uasset
[2023.01.13-01.07.34:979][964]LogRenderer: Reallocating scene render targets to support 916x580 Format 10 NumSamples 1 (Frame:1).
[2023.01.13-01.07.49:341][824]LogRenderer: Reallocating scene render targets to support 916x588 Format 10 NumSamples 1 (Frame:863).
[2023.01.13-01.07.49:425][828]LogRenderer: Reallocating scene render targets to support 916x680 Format 10 NumSamples 1 (Frame:868).
[2023.01.13-01.08.23:270][856]LogContentBrowser: Native class hierarchy updated for 'TextureEditor' in 0.0005 seconds. Added 1 classes and 2 folders.
[2023.01.13-01.08.37:888][728]LogTexture: Display: Building textures: brick_orm (AutoDXT, 1024X1024)
[2023.01.13-01.09.05:266][358]LogSavePackage: Save=14.42ms
[2023.01.13-01.09.05:266][358]LogSavePackage: Moving '../../../../../../Users/KBC12206071/Documents/Unreal Projects/Dr.Award's Dungeon/DrAward/Saved/Main7FFD44C74385A226177F1DA6BF6E0004.tmp' to '../../../../../../Users/KBC12206071/Documents/Unreal Projects/Dr.Award's Dungeon/DrAward/Content/Map/Main.umap'
[2023.01.13-01.09.05:268][358]LogSavePackage: Display: Finished SavePackage ../../../../../../Users/KBC12206071/Documents/Unreal Projects/Dr.Award's Dungeon/DrAward/Content/Map/Main.umap
[2023.01.13-01.09.05:281][358]Cmd: OBJ SAVEPACKAGE PACKAGE="/Game/Map/Main_BuiltData" FILE="../../../../../../Users/KBC12206071/Documents/Unreal Projects/Dr.Award's Dungeon/DrAward/Content/Map/Main_BuiltData.uasset" SILENT=true
[2023.01.13-01.09.05:289][358]LogSavePackage: Save=5.34ms
[2023.01.13-01.09.05:289][358]LogSavePackage: Moving '../../../../../../Users/KBC12206071/Documents/Unreal Projects/Dr.Award's Dungeon/DrAward/Saved/Main_BuiltData43FFE99D42E7E13B600E5385646D50A1.tmp' to '../../../../../../Users/KBC12206071/Documents/Unreal Projects/Dr.Award's Dungeon/DrAward/Content/Map/Main_BuiltData.uasset'
[2023.01.13-01.09.05:290][358]LogSavePackage: Display: Finished SavePackage ../../../../../../Users/KBC12206071/Documents/Unreal Projects/Dr.Award's Dungeon/DrAward/Content/Map/Main_BuiltData.uasset
[2023.01.13-01.09.09:193][588]Cmd: OBJ SAVEPACKAGE PACKAGE="/Game/TexTure/brick_orm" FILE="../../../../../../Users/KBC12206071/Documents/Unreal Projects/Dr.Award's Dungeon/DrAward/Content/TexTure/brick_orm.uasset" SILENT=true
[2023.01.13-01.09.09:217][588]LogSavePackage: Save=17.48ms
[2023.01.13-01.09.09:218][588]LogSavePackage: Moving '../../../../../../Users/KBC12206071/Documents/Unreal Projects/Dr.Award's Dungeon/DrAward/Saved/brick_ormAADC4E99424EA25AB26E9CB7771D9D84.tmp' to '../../../../../../Users/KBC12206071/Documents/Unreal Projects/Dr.Award's Dungeon/DrAward/Content/TexTure/brick_orm.uasset'
[2023.01.13-01.09.09:221][588]LogSavePackage: Display: Finished SavePackage ../../../../../../Users/KBC12206071/Documents/Unreal Projects/Dr.Award's Dungeon/DrAward/Content/TexTure/brick_orm.uasset
[2023.01.13-01.10.46:899][166]Cmd: QUIT_EDITOR
[2023.01.13-01.10.47:624][166]LogWindowsTextInputMethodSystem: Display: IME system now activated using TSF (Microsoft IME).
[2023.01.13-01.10.47:633][166]LogExit: Preparing to exit.
[2023.01.13-01.10.48:088][166]LogDirectoryWatcher: A directory notification for 'C:/Users/KBC12206071/Documents/Unreal Projects/Dr.Award's Dungeon/DrAward/Content/' was aborted.
[2023.01.13-01.10.48:098][166]LogExit: Editor shut down
[2023.01.13-01.10.48:101][166]LogExit: Transaction tracking system shut down
[2023.01.13-01.10.48:222][166]LogDirectoryWatcher: A directory notification for '../../../Engine/Content/' was aborted.
[2023.01.13-01.10.48:222][166]LogDirectoryWatcher: A directory notification for '../../../../../../Users/KBC12206071/Documents/Unreal Projects/Dr.Award's Dungeon/DrAward/Content/' was aborted.
[2023.01.13-01.10.48:222][166]LogDirectoryWatcher: A directory notification for '../../../Engine/Plugins/2D/Paper2D/Content/' was aborted.
[2023.01.13-01.10.48:222][166]LogDirectoryWatcher: A directory notification for '../../../Engine/Plugins/Runtime/Oculus/OculusVR/Content/' was aborted.
[2023.01.13-01.10.48:261][166]LogExit: Object subsystem successfully closed.
[2023.01.13-01.10.48:285][166]LogD3D11RHI: Shutdown
[2023.01.13-01.10.48:285][166]LogD3D11RHI: CleanupD3DDevice
[2023.01.13-01.10.48:426][166]LogD3D11RHI: ~FD3D11DynamicRHI
[2023.01.13-01.10.48:446][166]LogModuleManager: Shutting down and abandoning module TextureEditor (534)
[2023.01.13-01.10.48:446][166]LogModuleManager: Shutting down and abandoning module StaticMeshEditor (532)
[2023.01.13-01.10.48:446][166]LogModuleManager: Shutting down and abandoning module MovieSceneCapture (530)
[2023.01.13-01.10.48:446][166]LogModuleManager: Shutting down and abandoning module ExternalImagePicker (528)
[2023.01.13-01.10.48:446][166]LogModuleManager: Shutting down and abandoning module HierarchicalLODOutliner (526)
[2023.01.13-01.10.48:446][166]LogModuleManager: Shutting down and abandoning module SceneOutliner (524)
[2023.01.13-01.10.48:446][166]LogModuleManager: Shutting down and abandoning module AddContentDialog (522)
[2023.01.13-01.10.48:446][166]LogDirectoryWatcher: A directory notification for 'C:/Program Files/Epic Games/UE_4.17/FeaturePacks/' was aborted.
[2023.01.13-01.10.48:447][166]LogModuleManager: Shutting down and abandoning module WidgetCarousel (521)
[2023.01.13-01.10.48:447][166]LogModuleManager: Shutting down and abandoning module EditorWidgets (518)
[2023.01.13-01.10.48:447][166]LogModuleManager: Shutting down and abandoning module CollectionManager (516)
[2023.01.13-01.10.48:447][166]LogDirectoryWatcher: A directory notification for 'C:/Users/KBC12206071/Documents/Unreal Projects/Dr.Award's Dungeon/DrAward/Content/Collections/' was aborted.
[2023.01.13-01.10.48:447][166]LogDirectoryWatcher: A directory notification for 'C:/Users/KBC12206071/Documents/Unreal Projects/Dr.Award's Dungeon/DrAward/Content/Developers/KBC12206071/Collections/' was aborted.
[2023.01.13-01.10.48:447][166]LogDirectoryWatcher: A directory notification for 'C:/Users/KBC12206071/Documents/Unreal Projects/Dr.Award's Dungeon/DrAward/Saved/Collections/' was aborted.
[2023.01.13-01.10.48:448][166]LogModuleManager: Shutting down and abandoning module StatsViewer (514)
[2023.01.13-01.10.48:448][166]LogModuleManager: Shutting down and abandoning module FoliageEdit (512)
[2023.01.13-01.10.48:448][166]LogModuleManager: Shutting down and abandoning module LandscapeEditor (510)
[2023.01.13-01.10.48:448][166]LogModuleManager: Shutting down and abandoning module MeshPaintMode (508)
[2023.01.13-01.10.48:448][166]LogModuleManager: Shutting down and abandoning module SceneDepthPickerMode (506)
[2023.01.13-01.10.48:448][166]LogModuleManager: Shutting down and abandoning module ActorPickerMode (504)
[2023.01.13-01.10.48:448][166]LogModuleManager: Shutting down and abandoning module GeometryMode (502)
[2023.01.13-01.10.48:448][166]LogModuleManager: Shutting down and abandoning module TextureAlignMode (500)
[2023.01.13-01.10.48:448][166]LogModuleManager: Shutting down and abandoning module BspMode (498)
[2023.01.13-01.10.48:448][166]LogModuleManager: Shutting down and abandoning module PIEPreviewDeviceProfileSelector (496)
[2023.01.13-01.10.48:448][166]LogModuleManager: Shutting down and abandoning module HardwareSurvey (494)
[2023.01.13-01.10.48:448][166]LogModuleManager: Shutting down and abandoning module SequenceRecorderSections (492)
[2023.01.13-01.10.48:448][166]LogModuleManager: Shutting down and abandoning module AutomationWorker (490)
[2023.01.13-01.10.48:448][166]LogModuleManager: Shutting down and abandoning module MatineeToLevelSequence (488)
[2023.01.13-01.10.48:448][166]LogModuleManager: Shutting down and abandoning module LevelSequenceEditor (486)
[2023.01.13-01.10.48:448][166]LogModuleManager: Shutting down and abandoning module PlacementMode (485)
[2023.01.13-01.10.48:448][166]LogModuleManager: Shutting down and abandoning module WmfMediaFactory (482)
[2023.01.13-01.10.48:448][166]LogModuleManager: Shutting down and abandoning module WmfMediaEditor (480)
[2023.01.13-01.10.48:448][166]LogModuleManager: Shutting down and abandoning module AvfMediaFactory (478)
[2023.01.13-01.10.48:448][166]LogModuleManager: Shutting down and abandoning module AvfMediaEditor (476)
[2023.01.13-01.10.48:448][166]LogModuleManager: Shutting down and abandoning module AndroidMediaFactory (474)
[2023.01.13-01.10.48:448][166]LogModuleManager: Shutting down and abandoning module Media (473)
[2023.01.13-01.10.48:448][166]LogModuleManager: Shutting down and abandoning module AndroidMediaEditor (470)
[2023.01.13-01.10.48:448][166]LogModuleManager: Shutting down and abandoning module CharacterAI (468)
[2023.01.13-01.10.48:448][166]LogModuleManager: Shutting down and abandoning module AudioCapture (466)
[2023.01.13-01.10.48:448][166]LogModuleManager: Shutting down and abandoning module SequenceRecorder (465)
[2023.01.13-01.10.48:448][166]LogModuleManager: Shutting down and abandoning module SmartSnapping (462)
[2023.01.13-01.10.48:448][166]LogModuleManager: Shutting down and abandoning module SessionServices (460)
[2023.01.13-01.10.48:448][166]LogModuleManager: Shutting down and abandoning module ViewportSnapping (458)
[2023.01.13-01.10.48:448][166]LogModuleManager: Shutting down and abandoning module ViewportInteraction (456)
[2023.01.13-01.10.48:448][166]LogModuleManager: Shutting down and abandoning module ClothPainter (454)
[2023.01.13-01.10.48:448][166]LogModuleManager: Shutting down and abandoning module LogVisualizer (452)
[2023.01.13-01.10.48:448][166]LogModuleManager: Shutting down and abandoning module IntroTutorials (450)
[2023.01.13-01.10.48:448][166]LogModuleManager: Shutting down and abandoning module GameProjectGeneration (449)
[2023.01.13-01.10.48:448][166]LogModuleManager: Shutting down and abandoning module IOSPlatformEditor (446)
[2023.01.13-01.10.48:448][166]LogModuleManager: Shutting down and abandoning module HTML5PlatformEditor (444)
[2023.01.13-01.10.48:448][166]LogModuleManager: Shutting down and abandoning module AndroidPlatformEditor (442)
[2023.01.13-01.10.48:448][166]LogModuleManager: Shutting down and abandoning module AndroidDeviceDetection (441)
[2023.01.13-01.10.48:456][166]LogModuleManager: Shutting down and abandoning module WindowsPlatformEditor (438)
[2023.01.13-01.10.48:456][166]LogModuleManager: Shutting down and abandoning module IOSRuntimeSettings (436)
[2023.01.13-01.10.48:456][166]LogModuleManager: Shutting down and abandoning module AndroidRuntimeSettings (434)
[2023.01.13-01.10.48:456][166]LogModuleManager: Shutting down and abandoning module InputBindingEditor (432)
[2023.01.13-01.10.48:456][166]LogModuleManager: Shutting down and abandoning module MergeActors (430)
[2023.01.13-01.10.48:456][166]LogModuleManager: Shutting down and abandoning module SizeMap (428)
[2023.01.13-01.10.48:456][166]LogModuleManager: Shutting down and abandoning module TreeMap (426)
[2023.01.13-01.10.48:456][166]LogModuleManager: Shutting down and abandoning module ReferenceViewer (424)
[2023.01.13-01.10.48:456][166]LogModuleManager: Shutting down and abandoning module LocalizationDashboard (422)
[2023.01.13-01.10.48:456][166]LogModuleManager: Shutting down and abandoning module LocalizationService (421)
[2023.01.13-01.10.48:456][166]LogModuleManager: Shutting down and abandoning module HardwareTargeting (418)
[2023.01.13-01.10.48:456][166]LogModuleManager: Shutting down and abandoning module DeviceProfileEditor (416)
[2023.01.13-01.10.48:456][166]LogModuleManager: Shutting down and abandoning module UndoHistory (414)
[2023.01.13-01.10.48:456][166]LogModuleManager: Shutting down and abandoning module XmlParser (412)
[2023.01.13-01.10.48:456][166]LogModuleManager: Shutting down and abandoning module Blutility (410)
[2023.01.13-01.10.48:456][166]LogModuleManager: Shutting down and abandoning module ProjectSettingsViewer (408)
[2023.01.13-01.10.48:457][166]LogModuleManager: Shutting down and abandoning module ProjectTargetPlatformEditor (407)
[2023.01.13-01.10.48:457][166]LogModuleManager: Shutting down and abandoning module EditorSettingsViewer (404)
[2023.01.13-01.10.48:457][166]LogModuleManager: Shutting down and abandoning module SettingsEditor (402)
[2023.01.13-01.10.48:457][166]LogModuleManager: Shutting down and abandoning module ProjectLauncher (400)
[2023.01.13-01.10.48:457][166]LogModuleManager: Shutting down and abandoning module SessionFrontend (398)
[2023.01.13-01.10.48:457][166]LogModuleManager: Shutting down and abandoning module ProfilerClient (396)
[2023.01.13-01.10.48:457][166]LogModuleManager: Shutting down and abandoning module DeviceManager (394)
[2023.01.13-01.10.48:457][166]LogModuleManager: Shutting down and abandoning module TargetDeviceServices (393)
[2023.01.13-01.10.48:498][166]LogModuleManager: Shutting down and abandoning module AutomationController (390)
[2023.01.13-01.10.48:498][166]LogModuleManager: Shutting down and abandoning module AutomationWindow (388)
[2023.01.13-01.10.48:498][166]LogModuleManager: Shutting down and abandoning module Layers (386)
[2023.01.13-01.10.48:498][166]LogModuleManager: Shutting down and abandoning module ComponentVisualizers (384)
[2023.01.13-01.10.48:498][166]LogModuleManager: Shutting down and abandoning module DetailCustomizations (382)
[2023.01.13-01.10.48:498][166]LogModuleManager: Shutting down and abandoning module PackagesDialog (380)
[2023.01.13-01.10.48:498][166]LogModuleManager: Shutting down and abandoning module Persona (378)
[2023.01.13-01.10.48:498][166]LogModuleManager: Shutting down and abandoning module AdvancedPreviewScene (377)
[2023.01.13-01.10.48:498][166]LogModuleManager: Shutting down and abandoning module AnimGraph (375)
[2023.01.13-01.10.48:498][166]LogModuleManager: Shutting down and abandoning module Kismet (372)
[2023.01.13-01.10.48:498][166]LogModuleManager: Shutting down and abandoning module ClassViewer (370)
[2023.01.13-01.10.48:498][166]LogModuleManager: Shutting down and abandoning module Toolbox (368)
[2023.01.13-01.10.48:498][166]LogModuleManager: Shutting down and abandoning module ModuleUI (366)
[2023.01.13-01.10.48:498][166]LogModuleManager: Shutting down and abandoning module MovieSceneTools (364)
[2023.01.13-01.10.48:498][166]LogModuleManager: Shutting down and abandoning module OutputLog (362)
[2023.01.13-01.10.48:498][166]LogModuleManager: Shutting down and abandoning module GammaUI (360)
[2023.01.13-01.10.48:498][166]LogModuleManager: Shutting down and abandoning module Documentation (358)
[2023.01.13-01.10.48:498][166]LogModuleManager: Shutting down and abandoning module MovieSceneTracks (356)
[2023.01.13-01.10.48:498][166]LogModuleManager: Shutting down and abandoning module MovieScene (354)
[2023.01.13-01.10.48:498][166]LogModuleManager: Shutting down and abandoning module Niagara (352)
[2023.01.13-01.10.48:498][166]LogModuleManager: Shutting down and abandoning module NiagaraEditor (351)
[2023.01.13-01.10.48:498][166]LogModuleManager: Shutting down and abandoning module StreamingPauseRendering (348)
[2023.01.13-01.10.48:498][166]LogModuleManager: Shutting down and abandoning module LauncherPlatform (346)
[2023.01.13-01.10.48:498][166]LogModuleManager: Shutting down and abandoning module AnalyticsET (344)
[2023.01.13-01.10.48:498][166]LogModuleManager: Shutting down and abandoning module PortalServices (342)
[2023.01.13-01.10.48:498][166]LogModuleManager: Shutting down and abandoning module PortalRpc (340)
[2023.01.13-01.10.48:498][166]LogModuleManager: Shutting down and abandoning module MessagingRpc (338)
[2023.01.13-01.10.48:498][166]LogModuleManager: Shutting down and abandoning module AIModule (336)
[2023.01.13-01.10.48:498][166]LogModuleManager: Shutting down and abandoning module GameplayDebugger (335)
[2023.01.13-01.10.48:498][166]LogModuleManager: Shutting down and abandoning module AITestSuite (333)
[2023.01.13-01.10.48:498][166]LogModuleManager: Shutting down and abandoning module ProfilerService (330)
[2023.01.13-01.10.48:719][166]LogModuleManager: Shutting down and abandoning module TaskGraph (328)
[2023.01.13-01.10.48:719][166]LogModuleManager: Shutting down and abandoning module ProceduralMeshComponentEditor (326)
[2023.01.13-01.10.48:719][166]LogModuleManager: Shutting down and abandoning module ProceduralMeshComponent (324)
[2023.01.13-01.10.48:719][166]LogModuleManager: Shutting down and abandoning module OculusInput (322)
[2023.01.13-01.10.48:720][166]LogModuleManager: Shutting down and abandoning module MobilePatchingUtils (320)
[2023.01.13-01.10.48:720][166]LogModuleManager: Shutting down and abandoning module CustomMeshComponent (318)
[2023.01.13-01.10.48:720][166]LogModuleManager: Shutting down and abandoning module CableComponent (316)
[2023.01.13-01.10.48:720][166]LogModuleManager: Shutting down and abandoning module ArchVisCharacter (314)
[2023.01.13-01.10.48:720][166]LogModuleManager: Shutting down and abandoning module AndroidPermission (312)
[2023.01.13-01.10.48:720][166]LogModuleManager: Shutting down and abandoning module MediaPlayerEditor (308)
[2023.01.13-01.10.48:720][166]LogModuleManager: Shutting down and abandoning module HTML5Networking (306)
[2023.01.13-01.10.48:720][166]LogModuleManager: Shutting down and abandoning module AlembicImporter (304)
[2023.01.13-01.10.48:720][166]LogModuleManager: Shutting down and abandoning module AlembicLibrary (303)
[2023.01.13-01.10.48:720][166]LogModuleManager: Shutting down and abandoning module GeometryCache (302)
[2023.01.13-01.10.48:720][166]LogModuleManager: Shutting down and abandoning module GeometryCacheEd (301)
[2023.01.13-01.10.48:720][166]LogModuleManager: Shutting down and abandoning module SpeedTreeImporter (296)
[2023.01.13-01.10.48:720][166]LogModuleManager: Shutting down and abandoning module PluginBrowser (294)
[2023.01.13-01.10.48:720][166]LogModuleManager: Shutting down and abandoning module MobileLauncherProfileWizard (292)
[2023.01.13-01.10.48:720][166]LogModuleManager: Shutting down and abandoning module VisualStudioSourceCodeAccess (290)
[2023.01.13-01.10.48:720][166]LogModuleManager: Shutting down and abandoning module DesktopPlatform (289)
[2023.01.13-01.10.48:720][166]LogModuleManager: Shutting down and abandoning module UObjectPlugin (286)
[2023.01.13-01.10.48:720][166]LogModuleManager: Shutting down and abandoning module SubversionSourceControl (284)
[2023.01.13-01.10.48:720][166]LogModuleManager: Shutting down and abandoning module PerforceSourceControl (282)
[2023.01.13-01.10.48:720][166]LogModuleManager: Shutting down and abandoning module GitSourceControl (280)
[2023.01.13-01.10.48:720][166]LogModuleManager: Shutting down and abandoning module SourceControl (279)
[2023.01.13-01.10.48:720][166]LogModuleManager: Shutting down and abandoning module LightPropagationVolumeEditor (276)
[2023.01.13-01.10.48:720][166]LogModuleManager: Shutting down and abandoning module PaperTiledImporter (274)
[2023.01.13-01.10.48:720][166]LogModuleManager: Shutting down and abandoning module PaperSpriteSheetImporter (272)
[2023.01.13-01.10.48:720][166]LogModuleManager: Shutting down and abandoning module Paper2DEditor (270)
[2023.01.13-01.10.48:720][166]LogModuleManager: Shutting down and abandoning module MeshPaint (269)
[2023.01.13-01.10.48:720][166]LogModuleManager: Shutting down and abandoning module LevelEditor (267)
[2023.01.13-01.10.48:720][166]LogModuleManager: Shutting down and abandoning module PixelInspectorModule (266)
[2023.01.13-01.10.48:720][166]LogModuleManager: Shutting down and abandoning module MainFrame (264)
[2023.01.13-01.10.48:721][166]LogModuleManager: Shutting down and abandoning module HotReload (263)
[2023.01.13-01.10.48:721][166]LogModuleManager: Shutting down and abandoning module RuntimePhysXCooking (258)
[2023.01.13-01.10.48:721][166]LogModuleManager: Shutting down and abandoning module PhysXVehiclesEditor (256)
[2023.01.13-01.10.48:721][166]LogModuleManager: Shutting down and abandoning module PhysXVehicles (254)
[2023.01.13-01.10.48:721][166]LogModuleManager: Shutting down and abandoning module OculusEditor (252)
[2023.01.13-01.10.48:721][166]LogModuleManager: Shutting down and abandoning module LocationServicesBPLibrary (250)
[2023.01.13-01.10.48:721][166]LogModuleManager: Shutting down and abandoning module ImmediatePhysicsEditor (248)
[2023.01.13-01.10.48:721][166]LogModuleManager: Shutting down and abandoning module ImmediatePhysics (246)
[2023.01.13-01.10.48:721][166]LogModuleManager: Shutting down and abandoning module UdpMessaging (244)
[2023.01.13-01.10.48:823][166]LogModuleManager: Shutting down and abandoning module TcpMessaging (242)
[2023.01.13-01.10.48:923][166]LogModuleManager: Shutting down and abandoning module GameplayTagsEditor (240)
[2023.01.13-01.10.48:923][166]LogModuleManager: Shutting down and abandoning module FacialAnimationEditor (238)
[2023.01.13-01.10.48:923][166]LogModuleManager: Shutting down and abandoning module FacialAnimation (236)
[2023.01.13-01.10.48:923][166]LogModuleManager: Shutting down and abandoning module AssetManagerEditor (234)
[2023.01.13-01.10.48:923][166]LogModuleManager: Shutting down and abandoning module GraphEditor (233)
[2023.01.13-01.10.48:923][166]LogModuleManager: Shutting down and abandoning module ContentBrowser (231)
[2023.01.13-01.10.48:923][166]LogModuleManager: Shutting down and abandoning module LightPropagationVolumeRuntime (228)
[2023.01.13-01.10.48:923][166]LogModuleManager: Shutting down and abandoning module Paper2D (226)
[2023.01.13-01.10.48:923][166]LogModuleManager: Shutting down and abandoning module WindowsMoviePlayer (224)
[2023.01.13-01.10.48:923][166]LogModuleManager: Shutting down and abandoning module WmfMedia (222)
[2023.01.13-01.10.48:925][166]LogModuleManager: Shutting down and abandoning module PacketHandler (220)
[2023.01.13-01.10.48:925][166]LogModuleManager: Shutting down and abandoning module ClothingSystemEditor (218)
[2023.01.13-01.10.48:925][166]LogModuleManager: Shutting down and abandoning module ClothingSystemRuntime (216)
[2023.01.13-01.10.48:925][166]LogModuleManager: Shutting down and abandoning module Overlay (214)
[2023.01.13-01.10.48:925][166]LogModuleManager: Shutting down and abandoning module OverlayEditor (213)
[2023.01.13-01.10.48:925][166]LogModuleManager: Shutting down and abandoning module MediaAssets (210)
[2023.01.13-01.10.48:925][166]LogModuleManager: Shutting down and abandoning module VREditor (208)
[2023.01.13-01.10.48:925][166]LogModuleManager: Shutting down and abandoning module StringTableEditor (206)
[2023.01.13-01.10.48:925][166]LogModuleManager: Shutting down and abandoning module GameplayTasksEditor (204)
[2023.01.13-01.10.48:925][166]LogModuleManager: Shutting down and abandoning module BehaviorTreeEditor (202)
[2023.01.13-01.10.48:925][166]LogModuleManager: Shutting down and abandoning module FunctionalTesting (200)
[2023.01.13-01.10.48:925][166]LogModuleManager: Shutting down and abandoning module CollisionAnalyzer (198)
[2023.01.13-01.10.48:925][166]LogModuleManager: Shutting down and abandoning module WorkspaceMenuStructure (197)
[2023.01.13-01.10.48:925][166]LogModuleManager: Shutting down and abandoning module UMG (194)
[2023.01.13-01.10.48:925][166]LogModuleManager: Shutting down and abandoning module UMGEditor (193)
[2023.01.13-01.10.48:925][166]LogModuleManager: Shutting down and abandoning module Sequencer (192)
[2023.01.13-01.10.48:925][166]LogModuleManager: Shutting down and abandoning module MessageLog (189)
[2023.01.13-01.10.48:925][166]LogModuleManager: Shutting down and abandoning module SlateReflector (184)
[2023.01.13-01.10.48:925][166]LogModuleManager: Shutting down and abandoning module Slate (182)
[2023.01.13-01.10.48:925][166]LogModuleManager: Shutting down and abandoning module EditorStyle (180)
[2023.01.13-01.10.48:927][166]LogModuleManager: Shutting down and abandoning module MRMesh (178)
[2023.01.13-01.10.48:927][166]LogModuleManager: Shutting down and abandoning module SourceCodeAccess (176)
[2023.01.13-01.10.48:927][166]LogModuleManager: Shutting down and abandoning module HeadMountedDisplay (174)
[2023.01.13-01.10.48:927][166]LogModuleManager: Shutting down and abandoning module XAudio2 (172)
[2023.01.13-01.10.48:927][166]LogModuleManager: Shutting down and abandoning module Networking (170)
[2023.01.13-01.10.48:927][166]LogModuleManager: Shutting down and abandoning module Core (166)
[2023.01.13-01.10.48:927][166]LogModuleManager: Shutting down and abandoning module KismetCompiler (162)
[2023.01.13-01.10.48:927][166]LogModuleManager: Shutting down and abandoning module LevelSequence (160)
[2023.01.13-01.10.48:927][166]LogModuleManager: Shutting down and abandoning module MeshUtilities (158)
[2023.01.13-01.10.48:927][166]LogModuleManager: Shutting down and abandoning module MeshMergeUtilities (157)
[2023.01.13-01.10.48:927][166]LogModuleManager: Shutting down and abandoning module MeshReductionInterface (156)
[2023.01.13-01.10.48:927][166]LogModuleManager: Shutting down and abandoning module SimplygonSwarm (155)
[2023.01.13-01.10.48:927][166]LogModuleManager: Shutting down and abandoning module SimplygonMeshReduction (153)
[2023.01.13-01.10.48:927][166]LogModuleManager: Shutting down and abandoning module QuadricMeshReduction (151)
[2023.01.13-01.10.48:927][166]LogModuleManager: Shutting down and abandoning module MaterialBaking (147)
[2023.01.13-01.10.48:927][166]LogModuleManager: Shutting down and abandoning module DirectoryWatcher (144)
[2023.01.13-01.10.48:928][166]LogModuleManager: Shutting down and abandoning module DerivedDataCache (142)
[2023.01.13-01.10.48:949][166]LogDerivedDataCache: Shutdown
[2023.01.13-01.10.48:949][166]LogModuleManager: Shutting down and abandoning module TargetPlatform (140)
[2023.01.13-01.10.48:949][166]LogModuleManager: Shutting down and abandoning module VulkanShaderFormat (139)
[2023.01.13-01.10.48:949][166]LogModuleManager: Shutting down and abandoning module ShaderFormatVectorVM (137)
[2023.01.13-01.10.48:949][166]LogModuleManager: Shutting down and abandoning module ShaderFormatOpenGL (135)
[2023.01.13-01.10.48:949][166]LogModuleManager: Shutting down and abandoning module ShaderFormatD3D (133)
[2023.01.13-01.10.48:949][166]LogModuleManager: Shutting down and abandoning module MetalShaderFormat (131)
[2023.01.13-01.10.48:949][166]LogModuleManager: Shutting down and abandoning module TextureFormatUncompressed (129)
[2023.01.13-01.10.48:949][166]LogModuleManager: Shutting down and abandoning module TextureFormatPVR (127)
[2023.01.13-01.10.48:949][166]LogModuleManager: Shutting down and abandoning module TextureFormatDXT (125)
[2023.01.13-01.10.48:949][166]LogModuleManager: Shutting down and abandoning module TextureFormatIntelISPCTexComp (123)
[2023.01.13-01.10.48:950][166]LogModuleManager: Shutting down and abandoning module TextureFormatASTC (121)
[2023.01.13-01.10.48:950][166]LogModuleManager: Shutting down and abandoning module ImageWrapper (120)
[2023.01.13-01.10.48:950][166]LogModuleManager: Shutting down and abandoning module TextureFormatAndroid (117)
[2023.01.13-01.10.48:950][166]LogModuleManager: Shutting down and abandoning module AudioFormatOpus (115)
[2023.01.13-01.10.48:950][166]LogModuleManager: Shutting down and abandoning module AudioFormatOgg (113)
[2023.01.13-01.10.48:950][166]LogModuleManager: Shutting down and abandoning module AudioFormatADPCM (111)
[2023.01.13-01.10.48:950][166]LogModuleManager: Shutting down and abandoning module LinuxTargetPlatform (109)
[2023.01.13-01.10.48:950][166]LogModuleManager: Shutting down and abandoning module LinuxServerTargetPlatform (107)
[2023.01.13-01.10.48:950][166]LogModuleManager: Shutting down and abandoning module LinuxNoEditorTargetPlatform (105)
[2023.01.13-01.10.48:950][166]LogModuleManager: Shutting down and abandoning module LinuxClientTargetPlatform (103)
[2023.01.13-01.10.48:950][166]LogModuleManager: Shutting down and abandoning module TVOSTargetPlatform (101)
[2023.01.13-01.10.48:950][166]LogModuleManager: Shutting down and abandoning module Messaging (99)
[2023.01.13-01.10.48:950][166]LogModuleManager: Shutting down and abandoning module IOSTargetPlatform (97)
[2023.01.13-01.10.48:950][166]LogModuleManager: Shutting down and abandoning module HTML5TargetPlatform (95)
[2023.01.13-01.10.48:950][166]LogModuleManager: Shutting down and abandoning module Android_PVRTCTargetPlatform (93)
[2023.01.13-01.10.48:950][166]LogModuleManager: Shutting down and abandoning module Android_MultiTargetPlatform (91)
[2023.01.13-01.10.48:950][166]LogModuleManager: Shutting down and abandoning module Android_ETC2TargetPlatform (89)
[2023.01.13-01.10.48:950][166]LogModuleManager: Shutting down and abandoning module Android_ETC1TargetPlatform (87)
[2023.01.13-01.10.48:950][166]LogModuleManager: Shutting down and abandoning module Android_DXTTargetPlatform (85)
[2023.01.13-01.10.48:950][166]LogModuleManager: Shutting down and abandoning module Android_ATCTargetPlatform (83)
[2023.01.13-01.10.48:950][166]LogModuleManager: Shutting down and abandoning module Android_ASTCTargetPlatform (81)
[2023.01.13-01.10.48:950][166]LogModuleManager: Shutting down and abandoning module AndroidTargetPlatform (79)
[2023.01.13-01.10.48:950][166]LogModuleManager: Shutting down and abandoning module WindowsTargetPlatform (77)
[2023.01.13-01.10.48:950][166]LogModuleManager: Shutting down and abandoning module WindowsServerTargetPlatform (75)
[2023.01.13-01.10.48:950][166]LogModuleManager: Shutting down and abandoning module WindowsNoEditorTargetPlatform (73)
[2023.01.13-01.10.48:950][166]LogModuleManager: Shutting down and abandoning module WindowsClientTargetPlatform (71)
[2023.01.13-01.10.48:950][166]LogModuleManager: Shutting down and abandoning module MacTargetPlatform (69)
[2023.01.13-01.10.48:950][166]LogModuleManager: Shutting down and abandoning module MacServerTargetPlatform (67)
[2023.01.13-01.10.48:950][166]LogModuleManager: Shutting down and abandoning module MacNoEditorTargetPlatform (65)
[2023.01.13-01.10.48:950][166]LogModuleManager: Shutting down and abandoning module MacClientTargetPlatform (63)
[2023.01.13-01.10.48:950][166]LogModuleManager: Shutting down and abandoning module AllDesktopTargetPlatform (61)
[2023.01.13-01.10.48:950][166]LogModuleManager: Shutting down and abandoning module InputCore (58)
[2023.01.13-01.10.48:950][166]LogModuleManager: Shutting down and abandoning module Settings (56)
[2023.01.13-01.10.48:950][166]LogModuleManager: Shutting down and abandoning module PhysXCooking (54)
[2023.01.13-01.10.48:950][166]LogModuleManager: Shutting down and abandoning module OculusHMD (52)
[2023.01.13-01.10.48:950][166]LogModuleManager: Shutting down and abandoning module ExampleDeviceProfileSelector (50)
[2023.01.13-01.10.48:950][166]LogModuleManager: Shutting down and abandoning module OnlineBlueprintSupport (48)
[2023.01.13-01.10.48:950][166]LogModuleManager: Shutting down and abandoning module OnlineSubsystem (44)
[2023.01.13-01.10.48:950][166]LogOnline: Display: Unloading online subsystem: NULL
[2023.01.13-01.10.48:950][166]LogModuleManager: Shutting down and abandoning module XMPP (43)
[2023.01.13-01.10.48:950][166]LogModuleManager: Shutting down and abandoning module HTTP (41)
[2023.01.13-01.10.48:950][166]LogHttp: Display: Http module shutting down, but needs to wait on 1 outstanding Http requests:
[2023.01.13-01.10.48:950][166]LogHttp: Display: 	verb=[POST] url=[https://datarouter.ol.epicgames.com/datarouter/api/v1/public/data?SessionID=%7BDA7B64C8-4C36-A140-B0D9-31AB0C560012%7D&AppID=UEEditor.Rocket.Release&AppVersion=4.17.2-3658906%2B%2B%2BUE4%2BRelease-4.17&UserID=e7a0390649111f16b3fdf5bd6b808c1f%7Cbd5410515cc64b9caf11544e7845568f%7C0795f369-6f5f-4eb8-85d0-701647ebc658&AppEnvironment=datacollector-binary&UploadType=eteventstream] status=Processing
[2023.01.13-01.10.48:967][166]LogModuleManager: Shutting down and abandoning module SSL (40)
[2023.01.13-01.10.48:968][166]LogModuleManager: Shutting down and abandoning module AnimationModifiers (36)
[2023.01.13-01.10.48:970][166]LogModuleManager: Shutting down and abandoning module PropertyEditor (35)
[2023.01.13-01.10.48:970][166]LogModuleManager: Shutting down and abandoning module AudioEditor (32)
[2023.01.13-01.10.48:970][166]LogModuleManager: Shutting down and abandoning module TextureCompressor (30)
[2023.01.13-01.10.48:970][166]LogModuleManager: Shutting down and abandoning module ShaderCore (28)
[2023.01.13-01.10.48:970][166]LogModuleManager: Shutting down and abandoning module Landscape (26)
[2023.01.13-01.10.48:970][166]LogModuleManager: Shutting down and abandoning module SlateRHIRenderer (24)
[2023.01.13-01.10.48:971][166]LogModuleManager: Shutting down and abandoning module OpenGLDrv (22)
[2023.01.13-01.10.48:971][166]LogModuleManager: Shutting down and abandoning module D3D11RHI (20)
[2023.01.13-01.10.48:971][166]LogModuleManager: Shutting down and abandoning module AnimGraphRuntime (18)
[2023.01.13-01.10.48:971][166]LogModuleManager: Shutting down and abandoning module Renderer (16)
[2023.01.13-01.10.48:971][166]LogModuleManager: Shutting down and abandoning module Engine (14)
[2023.01.13-01.10.48:971][166]LogModuleManager: Shutting down and abandoning module CoreUObject (12)
[2023.01.13-01.10.48:971][166]LogModuleManager: Shutting down and abandoning module NetworkFile (10)
[2023.01.13-01.10.48:971][166]LogModuleManager: Shutting down and abandoning module CookedIterativeFile (8)
[2023.01.13-01.10.48:971][166]LogModuleManager: Shutting down and abandoning module StreamingFile (6)
[2023.01.13-01.10.48:971][166]LogModuleManager: Shutting down and abandoning module SandboxFile (4)
[2023.01.13-01.10.48:971][166]LogModuleManager: Shutting down and abandoning module PakFile (2)
[2023.01.13-01.10.48:976][166]LogExit: Exiting.
[2023.01.13-01.10.48:981][166]Log file closed, 01/13/23 10:10:48
