Log file open, 04/20/23 10:29:54
LogWindows: Failed to load 'aqProf.dll' (GetLastError=126)
LogWindows: File 'aqProf.dll' does not exist
LogWindows: Failed to load 'VSPerf140.dll' (GetLastError=126)
LogWindows: File 'VSPerf140.dll' does not exist
LogWindows: Failed to load 'VtuneApi.dll' (GetLastError=126)
LogWindows: File 'VtuneApi.dll' does not exist
LogWindows: Failed to load 'VtuneApi32e.dll' (GetLastError=126)
LogWindows: File 'VtuneApi32e.dll' does not exist
LogInit: Display: Running engine for game: DrAward
LogPlatformFile: Not using cached read wrapper
LogInit: Display: RandInit(1345213534) SRandInit(1345213534).
LogTaskGraph: Started task graph with 5 named threads and 26 total threads with 3 sets of task threads.
LogStats: Stats thread started at 0.561065
LogD3D11RHI: Aftermath initialized
LogPluginManager: Mounting plugin Paper2D
LogPluginManager: Mounting plugin LightPropagationVolume
LogPluginManager: Mounting plugin CodeLiteSourceCodeAccess
LogPluginManager: Mounting plugin GitSourceControl
LogPluginManager: Mounting plugin KDevelopSourceCodeAccess
LogPluginManager: Mounting plugin NullSourceCodeAccess
LogPluginManager: Mounting plugin PerforceSourceControl
LogPluginManager: Mounting plugin SubversionSourceControl
LogPluginManager: Mounting plugin UObjectPlugin
LogPluginManager: Mounting plugin VisualStudioSourceCodeAccess
LogPluginManager: Mounting plugin XCodeSourceCodeAccess
LogPluginManager: Mounting plugin AssetManagerEditor
LogPluginManager: Mounting plugin AudioCapture
LogPluginManager: Mounting plugin FacialAnimation
LogPluginManager: Mounting plugin GameplayTagsEditor
LogPluginManager: Mounting plugin MobileLauncherProfileWizard
LogPluginManager: Mounting plugin PluginBrowser
LogPluginManager: Mounting plugin SpeedTreeImporter
LogPluginManager: Mounting plugin AlembicImporter
LogPluginManager: Mounting plugin CharacterAI
LogPluginManager: Mounting plugin HTML5Networking
LogPluginManager: Mounting plugin AndroidMedia
LogPluginManager: Mounting plugin AvfMedia
LogPluginManager: Mounting plugin MediaPlayerEditor
LogPluginManager: Mounting plugin WmfMedia
LogPluginManager: Mounting plugin TcpMessaging
LogPluginManager: Mounting plugin UdpMessaging
LogPluginManager: Mounting plugin LevelSequenceEditor
LogPluginManager: Mounting plugin MatineeToLevelSequence
LogPluginManager: Mounting plugin OnlineSubsystemGooglePlay
LogPluginManager: Mounting plugin OnlineSubsystemIOS
LogPluginManager: Mounting plugin OnlineSubsystem
LogPluginManager: Mounting plugin OnlineSubsystemNull
LogPluginManager: Mounting plugin OnlineSubsystemUtils
LogPluginManager: Mounting plugin AndroidDeviceProfileSelector
LogPluginManager: Mounting plugin AndroidMoviePlayer
LogPluginManager: Mounting plugin AndroidPermission
LogPluginManager: Mounting plugin AppleMoviePlayer
LogPluginManager: Mounting plugin ArchVisCharacter
LogPluginManager: Mounting plugin CableComponent
LogPluginManager: Mounting plugin CustomMeshComponent
LogPluginManager: Mounting plugin ExampleDeviceProfileSelector
LogPluginManager: Mounting plugin GoogleCloudMessaging
LogPluginManager: Mounting plugin ImmediatePhysics
LogPluginManager: Mounting plugin IOSDeviceProfileSelector
LogPluginManager: Mounting plugin LinuxDeviceProfileSelector
LogPluginManager: Mounting plugin LocationServicesBPLibrary
LogPluginManager: Mounting plugin MobilePatchingUtils
LogPluginManager: Mounting plugin OculusVR
LogPluginManager: Mounting plugin PhysXVehicles
LogPluginManager: Mounting plugin ProceduralMeshComponent
LogPluginManager: Mounting plugin RuntimePhysXCooking
LogPluginManager: Mounting plugin WindowsMoviePlayer
LogInit: Using libcurl 7.47.1
LogInit:  - built for x86_64-pc-win32
LogInit:  - supports SSL with OpenSSL/1.0.2g
LogInit:  - supports HTTP deflate (compression) using libz 1.2.8
LogInit:  - other features:
LogInit:      CURL_VERSION_SSL
LogInit:      CURL_VERSION_LIBZ
LogInit:      CURL_VERSION_IPV6
LogInit:      CURL_VERSION_ASYNCHDNS
LogInit:      CURL_VERSION_LARGEFILE
LogInit:      CURL_VERSION_IDN
LogInit:  CurlRequestOptions (configurable via config and command line):
LogInit:  - bVerifyPeer = false  - Libcurl will NOT verify peer certificate
LogInit:  - bUseHttpProxy = false  - Libcurl will NOT use HTTP proxy
LogInit:  - bDontReuseConnections = false  - Libcurl will reuse connections
LogInit:  - CertBundlePath = nullptr  - Libcurl will use whatever was configured at build time.
LogInit: Build: ++UE4+Release-4.17-CL-3658906
LogInit: Engine Version: 4.17.2-3658906+++UE4+Release-4.17
LogInit: Compatible Engine Version: 4.17.0-3573198+++UE4+Release-4.17
LogInit: Net CL: 3573198
LogDevObjectVersion: Number of dev versions registered: 16
LogDevObjectVersion:   Dev-Blueprints (B0D832E4-1F89-4F0D-ACCF-7EB736FD4AA2): 10
LogDevObjectVersion:   Dev-Build (E1C64328-A22C-4D53-A36C-8E866417BD8C): 0
LogDevObjectVersion:   Dev-Core (375EC13C-06E4-48FB-B500-84F0262A717E): 2
LogDevObjectVersion:   Dev-Editor (E4B068ED-F494-42E9-A231-DA0B2E46BB41): 20
LogDevObjectVersion:   Dev-Framework (CFFC743F-43B0-4480-9391-14DF171D2073): 28
LogDevObjectVersion:   Dev-Mobile (B02B49B5-BB20-44E9-A304-32B752E40360): 0
LogDevObjectVersion:   Dev-Networking (A4E4105C-59A1-49B5-A7C5-40C4547EDFEE): 0
LogDevObjectVersion:   Dev-Online (39C831C9-5AE6-47DC-9A44-9C173E1C8E7C): 0
LogDevObjectVersion:   Dev-Physics (78F01B33-EBEA-4F98-B9B4-84EACCB95AA2): 0
LogDevObjectVersion:   Dev-Platform (6631380F-2D4D-43E0-8009-CF276956A95A): 0
LogDevObjectVersion:   Dev-Rendering (12F88B9F-8875-4AFC-A67C-D90C383ABD29): 19
LogDevObjectVersion:   Dev-Sequencer (7B5AE74C-D270-4C10-A958-57980B212A5A): 4
LogDevObjectVersion:   Dev-VR (D7296918-1DD6-4BDD-9DE2-64A83CC13884): 0
LogDevObjectVersion:   Dev-LoadTimes (C2A15278-BFE7-4AFE-6C17-90FF531DF755): 1
LogDevObjectVersion:   Private-Geometry (6EACA3D4-40EC-4CC1-B786-8BED09428FC5): 1
LogDevObjectVersion:   Dev-AnimPhys (29E575DD-E0A3-4627-9D10-D276232CDCEA): 7
LogInit: Compiled (64-bit): Sep 22 2017 13:47:16
LogInit: Compiled with Visual C++: 19.00.24215.01
LogInit: Build Configuration: Development
LogInit: Branch Name: ++UE4+Release-4.17
LogInit: Command line:  
LogInit: Base directory: C:/Program Files/Epic Games/UE_4.17/Engine/Binaries/Win64/
LogInit: Installed Engine Build: 1
LogInit: Presizing for max 8388607 objects, including 0 objects not considered by GC, pre-allocating 0 bytes for permanent pool.
LogInit: Object subsystem initialized
[2023.04.20-01.29.55:377][  0]LogInit: Selected Device Profile: [Windows]
[2023.04.20-01.29.55:377][  0]LogInit: Applying CVar settings loaded from the selected device profile: [Windows]
[2023.04.20-01.29.55:384][  0]LogInit: Computer: KBC12206071
[2023.04.20-01.29.55:384][  0]LogInit: User: KBC12206071
[2023.04.20-01.29.55:384][  0]LogInit: CPU Page size=4096, Cores=8
[2023.04.20-01.29.55:384][  0]LogInit: High frequency timer resolution =10.000000 MHz
[2023.04.20-01.29.55:384][  0]LogMemory: Memory total: Physical=31.7GB (32GB approx)
[2023.04.20-01.29.55:384][  0]LogMemory: Platform Memory Stats for Windows
[2023.04.20-01.29.55:384][  0]LogMemory: Process Physical Memory: 284.74 MB used, 284.74 MB peak
[2023.04.20-01.29.55:384][  0]LogMemory: Process Virtual Memory: 285.38 MB used, 285.38 MB peak
[2023.04.20-01.29.55:384][  0]LogMemory: Physical Memory: 8965.32 MB used,  23503.81 MB free, 32469.13 MB total
[2023.04.20-01.29.55:384][  0]LogMemory: Virtual Memory: 4813.61 MB used,  23503.81 MB free, 134217728.00 MB total
[2023.04.20-01.29.55:584][  0]LogInit: Using OS detected language (ja-JP).
[2023.04.20-01.29.55:584][  0]LogInit: Using OS detected locale (ja-JP).
[2023.04.20-01.29.55:693][  0]LogTextLocalizationManager: No specific localization for 'ja-JP' exists, so the 'ja' localization will be used.
[2023.04.20-01.29.56:778][  0]LogD3D11RHI: D3D11 adapters:
[2023.04.20-01.29.56:854][  0]LogD3D11RHI:    0. 'NVIDIA GeForce RTX 3070 Laptop GPU' (Feature Level 11_0)
[2023.04.20-01.29.56:854][  0]LogD3D11RHI:       8044/0/16234 MB DedicatedVideo/DedicatedSystem/SharedSystem, Outputs:1, VendorId:0x10de
[2023.04.20-01.29.56:880][  0]LogD3D11RHI:    1. 'Intel(R) UHD Graphics' (Feature Level 11_0)
[2023.04.20-01.29.56:880][  0]LogD3D11RHI:       128/0/16234 MB DedicatedVideo/DedicatedSystem/SharedSystem, Outputs:0, VendorId:0x8086
[2023.04.20-01.29.56:882][  0]LogD3D11RHI:    2. 'Microsoft Basic Render Driver' (Feature Level 11_0)
[2023.04.20-01.29.56:882][  0]LogD3D11RHI:       0/0/16234 MB DedicatedVideo/DedicatedSystem/SharedSystem, Outputs:0, VendorId:0x1414
[2023.04.20-01.29.56:882][  0]LogD3D11RHI: Chosen D3D11 Adapter: 0
[2023.04.20-01.29.56:887][  0]LogD3D11RHI: Creating new Direct3DDevice
[2023.04.20-01.29.56:887][  0]LogD3D11RHI:     GPU DeviceId: 0x249d (for the marketing name, search the web for "GPU Device Id")
[2023.04.20-01.29.56:887][  0]LogWindows: EnumDisplayDevices:
[2023.04.20-01.29.56:887][  0]LogWindows:    0. 'Intel(R) UHD Graphics' (P:1 D:1)
[2023.04.20-01.29.56:887][  0]LogWindows:    1. 'Intel(R) UHD Graphics' (P:0 D:0)
[2023.04.20-01.29.56:888][  0]LogWindows:    2. 'Intel(R) UHD Graphics' (P:0 D:0)
[2023.04.20-01.29.56:888][  0]LogWindows:    3. 'Intel(R) UHD Graphics' (P:0 D:0)
[2023.04.20-01.29.56:888][  0]LogWindows:    4. 'NVIDIA GeForce RTX 3070 Laptop GPU' (P:0 D:0)
[2023.04.20-01.29.56:888][  0]LogWindows:    5. 'NVIDIA GeForce RTX 3070 Laptop GPU' (P:0 D:0)
[2023.04.20-01.29.56:888][  0]LogWindows:    6. 'NVIDIA GeForce RTX 3070 Laptop GPU' (P:0 D:0)
[2023.04.20-01.29.56:888][  0]LogWindows:    7. 'NVIDIA GeForce RTX 3070 Laptop GPU' (P:0 D:0)
[2023.04.20-01.29.56:888][  0]LogWindows: DebugString: GetVideoDriverDetailsInvalid PrimaryIsNotTheChoosenAdapter GetVideoDriverDetailsInvalid PrimaryIsNotTheChoosenAdapter GetVideoDriverDetailsInvalid PrimaryIsNotTheChoosenAdapter GetVideoDriverDetailsInvalid PrimaryIsNotTheChoosenAdapter GetVideoDriverDetailsInvalid PrimaryIsNotTheChoosenAdapter GetVideoDriverDetailsInvalid PrimaryIsNotTheChoosenAdapter GetVideoDriverDetailsInvalid PrimaryIsNotTheChoosenAdapter GetVideoDriverDetailsInvalid PrimaryIsNotTheChoosenAdapter FoundDriverCount:0 
[2023.04.20-01.29.56:888][  0]LogD3D11RHI:     Adapter Name: NVIDIA GeForce RTX 3070 Laptop GPU
[2023.04.20-01.29.56:888][  0]LogD3D11RHI:   Driver Version: Unknown (internal:Unknown, unified:Unknown)
[2023.04.20-01.29.56:888][  0]LogD3D11RHI:      Driver Date: Unknown
[2023.04.20-01.29.56:888][  0]LogRHI: Texture pool is 1361 MB (70% of 1945 MB)
[2023.04.20-01.29.56:943][  0]LogD3D11RHI: Async texture creation enabled
[2023.04.20-01.29.56:953][  0]LogD3D11RHI: GPU Timing Frequency: 1000.000000 (Debug: 2 1)
[2023.04.20-01.29.56:953][  0]LogShaderCompilers: Guid format shader working directory is -37 characters bigger than the processId version (../../../../../../Users/KBC12206071/Documents/Unreal Projects/Dr.Award's Dungeon/DrAward/Intermediate/Shaders/WorkingDirectory/16112/).
[2023.04.20-01.29.56:954][  0]LogShaderCompilers: Cleaned the shader compiler working directory 'C:/Users/KBC12206071/AppData/Local/Temp/UnrealShaderWorkingDir/82B2B2E74BA8E64AE5C17C92E7C656FE/'.
[2023.04.20-01.29.56:954][  0]LogShaderCompilers: Display: Using Local Shader Compiler.
[2023.04.20-01.29.57:718][  0]LogTemp: Display: Loaded TP AllDesktopTargetPlatform
[2023.04.20-01.29.57:756][  0]LogTemp: Display: Loaded TP MacClientTargetPlatform
[2023.04.20-01.29.57:796][  0]LogTemp: Display: Loaded TP MacNoEditorTargetPlatform
[2023.04.20-01.29.57:836][  0]LogTemp: Display: Loaded TP MacServerTargetPlatform
[2023.04.20-01.29.57:881][  0]LogTemp: Display: Loaded TP MacTargetPlatform
[2023.04.20-01.29.57:920][  0]LogTemp: Display: Loaded TP WindowsClientTargetPlatform
[2023.04.20-01.29.57:958][  0]LogTemp: Display: Loaded TP WindowsNoEditorTargetPlatform
[2023.04.20-01.29.57:996][  0]LogTemp: Display: Loaded TP WindowsServerTargetPlatform
[2023.04.20-01.29.58:029][  0]LogTemp: Display: Loaded TP WindowsTargetPlatform
[2023.04.20-01.29.58:071][  0]LogTemp: Display: Loaded TP AndroidTargetPlatform
[2023.04.20-01.29.58:108][  0]LogTemp: Display: Loaded TP Android_ASTCTargetPlatform
[2023.04.20-01.29.58:145][  0]LogTemp: Display: Loaded TP Android_ATCTargetPlatform
[2023.04.20-01.29.58:184][  0]LogTemp: Display: Loaded TP Android_DXTTargetPlatform
[2023.04.20-01.29.58:222][  0]LogTemp: Display: Loaded TP Android_ETC1TargetPlatform
[2023.04.20-01.29.58:260][  0]LogTemp: Display: Loaded TP Android_ETC2TargetPlatform
[2023.04.20-01.29.58:334][  0]LogTemp: Display: Loaded TP Android_MultiTargetPlatform
[2023.04.20-01.29.58:334][  0]LogTemp: Display: Loaded TP Android_PVRTCTargetPlatform
[2023.04.20-01.29.58:365][  0]LogTemp: Display: Loaded TP HTML5TargetPlatform
[2023.04.20-01.29.58:449][  0]LogTemp: Display: Loaded TP IOSTargetPlatform
[2023.04.20-01.29.58:471][  0]LogTemp: Display: Loaded TP TVOSTargetPlatform
[2023.04.20-01.29.58:510][  0]LogTemp: Display: Loaded TP LinuxClientTargetPlatform
[2023.04.20-01.29.58:549][  0]LogTemp: Display: Loaded TP LinuxNoEditorTargetPlatform
[2023.04.20-01.29.58:588][  0]LogTemp: Display: Loaded TP LinuxServerTargetPlatform
[2023.04.20-01.29.58:632][  0]LogTemp: Display: Loaded TP LinuxTargetPlatform
[2023.04.20-01.29.58:632][  0]LogTargetPlatformManager: Display: Building Assets For Windows
[2023.04.20-01.29.59:067][  0]LogDerivedDataCache: Display: Max Cache Size: 512 MB
[2023.04.20-01.29.59:195][  0]LogDerivedDataCache: Loaded boot cache 0.13s 93MB C:/Users/KBC12206071/AppData/Local/UnrealEngine/4.17/DerivedDataCache/Boot.ddc.
[2023.04.20-01.29.59:195][  0]LogDerivedDataCache: Display: Loaded Boot cache: C:/Users/KBC12206071/AppData/Local/UnrealEngine/4.17/DerivedDataCache/Boot.ddc
[2023.04.20-01.29.59:196][  0]LogDerivedDataCache: FDerivedDataBackendGraph:  Pak pak cache file ../../../../../../Users/KBC12206071/Documents/Unreal Projects/Dr.Award's Dungeon/DrAward/DerivedDataCache/DDC.ddp not found, will not use a pak cache.
[2023.04.20-01.29.59:196][  0]LogDerivedDataCache: Unable to find inner node Pak for hierarchical cache Hierarchy.
[2023.04.20-01.29.59:196][  0]LogDerivedDataCache: FDerivedDataBackendGraph:  CompressedPak pak cache file ../../../../../../Users/KBC12206071/Documents/Unreal Projects/Dr.Award's Dungeon/DrAward/DerivedDataCache/Compressed.ddp not found, will not use a pak cache.
[2023.04.20-01.29.59:196][  0]LogDerivedDataCache: Unable to find inner node CompressedPak for hierarchical cache Hierarchy.
[2023.04.20-01.29.59:207][  0]LogDerivedDataCache: Display: Pak cache opened for reading ../../../Engine/DerivedDataCache/Compressed.ddp.
[2023.04.20-01.29.59:220][  0]LogDerivedDataCache: Using Local data cache path C:/Users/KBC12206071/AppData/Local/UnrealEngine/Common/DerivedDataCache: Writable
[2023.04.20-01.29.59:228][  0]LogMaterial: Verifying Global Shaders for PCD3D_SM5
[2023.04.20-01.29.59:228][  0]LogSlate: Using Freetype 2.6.0
[2023.04.20-01.29.59:235][  0]LogSlate: SlateFontCache - WITH_FREETYPE: 1, WITH_HARFBUZZ: 1
[2023.04.20-01.29.59:235][  0]LogSlate: SlateFontCache - WITH_FREETYPE: 1, WITH_HARFBUZZ: 1
[2023.04.20-01.29.59:609][  0]LogAssetRegistry: FAssetRegistry took 0.0253 seconds to start up
[2023.04.20-01.29.59:693][  0]LogInit: Selected Device Profile: [Windows]
[2023.04.20-01.30.00:031][  0]LogSimplygon: Simplygon DLL not present - disabling.
[2023.04.20-01.30.00:066][  0]LogMeshReduction: Using SimplygonSwarm for distributed automatic mesh merging
[2023.04.20-01.30.00:066][  0]LogMeshReduction: Using QuadricMeshReduction for automatic static mesh reduction
[2023.04.20-01.30.00:066][  0]LogMeshReduction: No automatic skeletal mesh reduction module available
[2023.04.20-01.30.00:066][  0]LogMeshReduction: No automatic mesh merging module available
[2023.04.20-01.30.00:066][  0]LogMeshMerging: No automatic mesh merging module available
[2023.04.20-01.30.00:070][  0]LogContentStreaming: Texture pool size is 0.00 MB
[2023.04.20-01.30.00:395][  0]LogNetVersion: DrAward , NetCL: 3573198, EngineNetVer: 2, GameNetVer: 0 (Checksum: 550400037)
[2023.04.20-01.30.00:570][  0]LogPackageLocalizationCache: Processed 4 localized package path(s) for 2 prioritized culture(s) in 0.025199 seconds
[2023.04.20-01.30.00:573][  0]LogUObjectArray: 35628 objects as part of root set at end of initial load.
[2023.04.20-01.30.00:573][  0]LogUObjectAllocator: 7494032 out of 0 bytes used by permanent object pool.
[2023.04.20-01.30.00:573][  0]LogUObjectArray: CloseDisregardForGC: 0/0 objects in disregard for GC pool
[2023.04.20-01.30.00:618][  0]LogInit: WinSock: version 1.1 (2.2), MaxSocks=32767, MaxUdp=65467
[2023.04.20-01.30.03:006][  0]LogTcpMessaging: Initializing TcpMessaging bridge
[2023.04.20-01.30.03:039][  0]LogUdpMessaging: Initializing bridge on interface 0.0.0.0:0 to multicast group 230.0.0.1:6666.
[2023.04.20-01.30.03:571][  0]LogMaterial: Uniform references updated for custom material expression Custom.
[2023.04.20-01.30.03:883][  0]SourceControl: ソースコントロールは無効です
[2023.04.20-01.30.03:883][  0]SourceControl: ソースコントロールは無効です
[2023.04.20-01.30.03:917][  0]SourceControl: ソースコントロールは無効です
[2023.04.20-01.30.03:951][  0]SourceControl: ソースコントロールは無効です
[2023.04.20-01.30.04:416][  0]LogAndroidPermission: UAndroidPermissionCallbackProxy::GetInstance
[2023.04.20-01.30.04:602][  0]LogOcInput: OculusInput pre-init called
[2023.04.20-01.30.04:753][  0]LogEngine: Initializing Engine...
[2023.04.20-01.30.04:898][  0]LogStats: UGameplayTagsManager::ConstructGameplayTagTree: Construct from data asset -  0.000 s
[2023.04.20-01.30.04:898][  0]LogStats: UGameplayTagsManager::ConstructGameplayTagTree: GameplayTagTreeChangedEvent.Broadcast -  0.000 s
[2023.04.20-01.30.04:997][  0]LogAIModule: Creating AISystem for world Untitled
[2023.04.20-01.30.05:040][  0]LogInit: XAudio2 using 'スピーカー (Realtek(R) Audio)' : 2 channels at 48 kHz using 32 bits per sample (channel mask 0x3)
[2023.04.20-01.30.05:359][  0]LogInit: FAudioDevice initialized.
[2023.04.20-01.30.05:398][  0]LogDerivedDataCache: Saved boot cache 0.04s 93MB C:/Users/KBC12206071/AppData/Local/UnrealEngine/4.17/DerivedDataCache/Boot.ddc.
[2023.04.20-01.30.05:402][  0]LogInit: Texture streaming: Enabled
[2023.04.20-01.30.05:488][  0]LogEngineSessionManager: EngineSessionManager initialized
[2023.04.20-01.30.05:647][  0]LogInit: Transaction tracking system initialized
[2023.04.20-01.30.05:871][  0]BlueprintLog: New page: エディタの読み込み
[2023.04.20-01.30.06:538][  0]LocalizationService: ローカライズのサービスが無効になりました
[2023.04.20-01.30.07:048][  0]LogConsoleResponse: Display: 
[2023.04.20-01.30.07:201][  0]LogCook: Display: Max memory allowance for cook 16384mb min free memory 0mb
[2023.04.20-01.30.07:201][  0]LogCook: Display: Mobile HDR setting 1
[2023.04.20-01.30.07:201][  0]LogGameplayTags: Display: UGameplayTagsManager::DoneAddingNativeTags. DelegateIsBound: 0
[2023.04.20-01.30.07:978][  0]LogFileCache: Scanning file cache for directory 'C:/Users/KBC12206071/Documents/Unreal Projects/Dr.Award's Dungeon/DrAward/Content/' took 0.01s
[2023.04.20-01.30.07:978][  0]SourceControl: ソースコントロールは無効です
[2023.04.20-01.30.07:978][  0]Cmd: MAP LOAD FILE="../../../../../../Users/KBC12206071/Documents/Unreal Projects/Dr.Award's Dungeon/DrAward/Content/Map/Main.umap" TEMPLATE=0 SHOWPROGRESS=1 FEATURELEVEL=3
[2023.04.20-01.30.07:978][  0]LightingResults: New page: ライティングのビルド
[2023.04.20-01.30.08:008][  0]MapCheck: New page: マップをチェック
[2023.04.20-01.30.08:008][  0]LightingResults: New page: <何も選択されていません>
[2023.04.20-01.30.08:245][  0]LogTexture: Display: Building textures: brick_n (BC5, 1024X1024)
[2023.04.20-01.30.08:294][  0]LogAIModule: Creating AISystem for world Main
[2023.04.20-01.30.08:305][  0]LogEditorServer: Finished looking for orphan Actors (0.000 secs)
[2023.04.20-01.30.08:322][  0]Cmd: MAP CHECKDEP NOCLEARLOG
[2023.04.20-01.30.08:375][  0]MapCheck: マップチェックが完了: 0 エラー、 0 警告、完了に 53.535ミリ秒かかりました。
[2023.04.20-01.30.08:375][  0]LogFileHelpers: Loading map 'Main' took 0.398
[2023.04.20-01.30.08:440][  0]LogWindowsTextInputMethodSystem: Display: IME system now activated using TSF (Microsoft IME).
[2023.04.20-01.30.08:514][  0]LogCollectionManager: Loaded 0 collections in 0.001168 seconds
[2023.04.20-01.30.08:596][  0]LogFileCache: Scanning file cache for directory 'C:/Users/KBC12206071/Documents/Unreal Projects/Dr.Award's Dungeon/DrAward/Saved/Collections/' took 0.01s
[2023.04.20-01.30.08:596][  0]LogFileCache: Scanning file cache for directory 'C:/Users/KBC12206071/Documents/Unreal Projects/Dr.Award's Dungeon/DrAward/Content/Developers/KBC12206071/Collections/' took 0.01s
[2023.04.20-01.30.08:596][  0]LogFileCache: Scanning file cache for directory 'C:/Users/KBC12206071/Documents/Unreal Projects/Dr.Award's Dungeon/DrAward/Content/Collections/' took 0.01s
[2023.04.20-01.30.08:596][  0]LogCollectionManager: Rebuilt the GUID cache for 0 collections in 0.000000 seconds
[2023.04.20-01.30.08:604][  0]LogContentBrowser: Native class hierarchy populated in 0.0068 seconds. Added 2383 classes and 495 folders.
[2023.04.20-01.30.08:655][  0]LogContentBrowser: Native class hierarchy updated for 'WidgetCarousel' in 0.0006 seconds. Added 0 classes and 0 folders.
[2023.04.20-01.30.08:745][  0]LogContentBrowser: Native class hierarchy updated for 'AddContentDialog' in 0.0004 seconds. Added 0 classes and 0 folders.
[2023.04.20-01.30.08:785][  0]LogContentBrowser: Native class hierarchy updated for 'SceneOutliner' in 0.0004 seconds. Added 1 classes and 2 folders.
[2023.04.20-01.30.08:898][  0]LogContentBrowser: Native class hierarchy updated for 'HierarchicalLODOutliner' in 0.0005 seconds. Added 1 classes and 2 folders.
[2023.04.20-01.30.08:898][  0]LogLoad: (Engine Initialization) Total time: 15.94 seconds
[2023.04.20-01.30.08:898][  0]LogLoad: (Engine Initialization) Total Blueprint compile time: 0.00 seconds
[2023.04.20-01.30.08:898][  0]LogExternalProfiler: No external profilers were discovered.  External profiling features will not be available.
[2023.04.20-01.30.08:921][  0]LogAssetRegistry: Asset discovery search completed in 9.3345 seconds
[2023.04.20-01.30.08:922][  0]LogCollectionManager: Rebuilt the object cache for 0 collections in 0.000000 seconds (found 0 objects)
[2023.04.20-01.30.08:922][  0]LogCollectionManager: Fixed up redirectors for 0 collections in 0.000040 seconds (updated 0 objects)
[2023.04.20-01.30.08:924][  0]LogContentStreaming: Texture pool size now 1000 MB
[2023.04.20-01.30.08:932][  0]LogSlate: Took 0.001492 seconds to synchronously load lazily loaded font '../../../Engine/Content/Slate/Fonts/Roboto-Regular.ttf' (155K)
[2023.04.20-01.30.08:941][  0]LogSlate: Took 0.008741 seconds to synchronously load lazily loaded font '../../../Engine/Content/Slate/Fonts/DroidSansFallback.ttf' (3848K)
[2023.04.20-01.30.08:943][  0]LogSlate: Took 0.001042 seconds to synchronously load lazily loaded font '../../../Engine/Content/Slate/Fonts/Roboto-Bold.ttf' (160K)
[2023.04.20-01.30.08:946][  0]LogSlate: Took 0.000973 seconds to synchronously load lazily loaded font '../../../Engine/Content/Editor/Slate/Fonts/FontAwesome.ttf' (139K)
[2023.04.20-01.30.09:010][  0]LogSlate: Took 0.001410 seconds to synchronously load lazily loaded font '../../../Engine/Content/Slate/Fonts/Roboto-Light.ttf' (159K)
[2023.04.20-01.30.09:033][  1]LogRenderer: Reallocating scene render targets to support 744x384 Format 10 NumSamples 1 (Frame:1).
[2023.04.20-01.30.30:728][566]LogRenderer: Reallocating scene render targets to support 744x396 Format 10 NumSamples 1 (Frame:2562).
[2023.04.20-01.30.30:776][566]LogRenderer: Reallocating scene render targets to support 744x416 Format 10 NumSamples 1 (Frame:2563).
[2023.04.20-01.30.30:899][566]LogRenderer: Reallocating scene render targets to support 744x444 Format 10 NumSamples 1 (Frame:2564).
[2023.04.20-01.30.55:721][196]LogTemp: Repeating last play command: 選択ビューポート
[2023.04.20-01.30.55:741][196]LogBlueprintUserMessages: Early PlayInEditor Detection: Level '/Game/Map/Main.Main:PersistentLevel' has LevelScriptBlueprint '/Game/Map/Main.Main:PersistentLevel.Main' with GeneratedClass '/Game/Map/Main.Main_C' with ClassGeneratedBy '/Game/Map/Main.Main:PersistentLevel.Main'
[2023.04.20-01.30.55:741][196]LogPlayLevel: PlayLevel: No blueprints needed recompiling
[2023.04.20-01.30.55:742][196]PIE: New page: PIEセッション: Main (2023/04/20 19:30:55)
[2023.04.20-01.30.55:742][196]LogPlayLevel: Creating play world package: /Game/Map/UEDPIE_0_Main
[2023.04.20-01.30.55:746][196]LogPlayLevel: PIE: StaticDuplicateObject took: (0.004074s)
[2023.04.20-01.30.55:746][196]LogAIModule: Creating AISystem for world Main
[2023.04.20-01.30.55:746][196]LogPlayLevel: PIE: World Init took: (0.000490s)
[2023.04.20-01.30.55:746][196]LogPlayLevel: PIE: Created PIE world by copying editor world from /Game/Map/Main.Main to /Game/Map/UEDPIE_0_Main.Main (0.004751s)
[2023.04.20-01.30.55:766][196]LogInit: XAudio2 using 'スピーカー (Realtek(R) Audio)' : 2 channels at 48 kHz using 32 bits per sample (channel mask 0x3)
[2023.04.20-01.30.55:796][196]LogInit: FAudioDevice initialized.
[2023.04.20-01.30.55:847][196]LogLoad: Game class is 'BP_AwardGameMode_C'
[2023.04.20-01.30.55:851][196]LogWorld: Bringing World /Game/Map/UEDPIE_0_Main.Main up for play (max tick rate 60) at 2023.04.20-10.30.55
[2023.04.20-01.30.55:852][196]LogWorld: Bringing up level for play took: 0.003021
[2023.04.20-01.30.55:886][196]LogContentBrowser: Native class hierarchy updated for 'MovieSceneCapture' in 0.0004 seconds. Added 11 classes and 0 folders.
[2023.04.20-01.30.55:887][196]LogBlueprintUserMessages: [BP_AwardGameMode_C_0] Hello
[2023.04.20-01.30.55:887][196]PIE: /Game/Map/UEDPIE_0_Main 0.709のプレイ イン エディタの開始時間
[2023.04.20-01.30.55:888][196]LogBlueprintUserMessages: Late PlayInEditor Detection: Level '/Game/Map/Main.Main:PersistentLevel' has LevelScriptBlueprint '/Game/Map/Main.Main:PersistentLevel.Main' with GeneratedClass '/Game/Map/Main.Main_C' with ClassGeneratedBy '/Game/Map/Main.Main:PersistentLevel.Main'
[2023.04.20-01.31.02:138][571]LogBlueprintUserMessages: Early EndPlayMap Detection: Level '/Game/Map/Main.Main:PersistentLevel' has LevelScriptBlueprint '/Game/Map/Main.Main:PersistentLevel.Main' with GeneratedClass '/Game/Map/Main.Main_C' with ClassGeneratedBy '/Game/Map/Main.Main:PersistentLevel.Main'
[2023.04.20-01.31.02:171][571]LogBlueprintUserMessages: Late EndPlayMap Detection: Level '/Game/Map/Main.Main:PersistentLevel' has LevelScriptBlueprint '/Game/Map/Main.Main:PersistentLevel.Main' with GeneratedClass '/Game/Map/Main.Main_C' with ClassGeneratedBy '/Game/Map/Main.Main:PersistentLevel.Main'
[2023.04.20-01.31.03:351][629]Cmd: QUIT_EDITOR
[2023.04.20-01.31.04:085][629]LogWindowsTextInputMethodSystem: Display: IME system now activated using TSF (Microsoft IME).
[2023.04.20-01.31.04:111][629]LogExit: Preparing to exit.
[2023.04.20-01.31.05:174][629]LogDirectoryWatcher: A directory notification for 'C:/Users/KBC12206071/Documents/Unreal Projects/Dr.Award's Dungeon/DrAward/Content/' was aborted.
[2023.04.20-01.31.05:185][629]LogExit: Editor shut down
[2023.04.20-01.31.05:186][629]LogExit: Transaction tracking system shut down
[2023.04.20-01.31.05:281][629]LogDirectoryWatcher: A directory notification for '../../../Engine/Content/' was aborted.
[2023.04.20-01.31.05:282][629]LogDirectoryWatcher: A directory notification for '../../../../../../Users/KBC12206071/Documents/Unreal Projects/Dr.Award's Dungeon/DrAward/Content/' was aborted.
[2023.04.20-01.31.05:282][629]LogDirectoryWatcher: A directory notification for '../../../Engine/Plugins/2D/Paper2D/Content/' was aborted.
[2023.04.20-01.31.05:282][629]LogDirectoryWatcher: A directory notification for '../../../Engine/Plugins/Runtime/Oculus/OculusVR/Content/' was aborted.
[2023.04.20-01.31.05:312][629]LogExit: Object subsystem successfully closed.
[2023.04.20-01.31.05:326][629]LogD3D11RHI: Shutdown
[2023.04.20-01.31.05:326][629]LogD3D11RHI: CleanupD3DDevice
[2023.04.20-01.31.05:446][629]LogD3D11RHI: ~FD3D11DynamicRHI
[2023.04.20-01.31.05:467][629]LogModuleManager: Shutting down and abandoning module MovieSceneCapture (528)
[2023.04.20-01.31.05:467][629]LogModuleManager: Shutting down and abandoning module HierarchicalLODOutliner (526)
[2023.04.20-01.31.05:467][629]LogModuleManager: Shutting down and abandoning module SceneOutliner (524)
[2023.04.20-01.31.05:467][629]LogModuleManager: Shutting down and abandoning module AddContentDialog (522)
[2023.04.20-01.31.05:467][629]LogDirectoryWatcher: A directory notification for 'C:/Program Files/Epic Games/UE_4.17/FeaturePacks/' was aborted.
[2023.04.20-01.31.05:467][629]LogModuleManager: Shutting down and abandoning module WidgetCarousel (521)
[2023.04.20-01.31.05:467][629]LogModuleManager: Shutting down and abandoning module EditorWidgets (518)
[2023.04.20-01.31.05:467][629]LogModuleManager: Shutting down and abandoning module CollectionManager (516)
[2023.04.20-01.31.05:467][629]LogDirectoryWatcher: A directory notification for 'C:/Users/KBC12206071/Documents/Unreal Projects/Dr.Award's Dungeon/DrAward/Content/Collections/' was aborted.
[2023.04.20-01.31.05:467][629]LogDirectoryWatcher: A directory notification for 'C:/Users/KBC12206071/Documents/Unreal Projects/Dr.Award's Dungeon/DrAward/Content/Developers/KBC12206071/Collections/' was aborted.
[2023.04.20-01.31.05:467][629]LogDirectoryWatcher: A directory notification for 'C:/Users/KBC12206071/Documents/Unreal Projects/Dr.Award's Dungeon/DrAward/Saved/Collections/' was aborted.
[2023.04.20-01.31.05:467][629]LogModuleManager: Shutting down and abandoning module StatsViewer (514)
[2023.04.20-01.31.05:467][629]LogModuleManager: Shutting down and abandoning module FoliageEdit (512)
[2023.04.20-01.31.05:467][629]LogModuleManager: Shutting down and abandoning module LandscapeEditor (510)
[2023.04.20-01.31.05:467][629]LogModuleManager: Shutting down and abandoning module MeshPaintMode (508)
[2023.04.20-01.31.05:467][629]LogModuleManager: Shutting down and abandoning module SceneDepthPickerMode (506)
[2023.04.20-01.31.05:467][629]LogModuleManager: Shutting down and abandoning module ActorPickerMode (504)
[2023.04.20-01.31.05:467][629]LogModuleManager: Shutting down and abandoning module GeometryMode (502)
[2023.04.20-01.31.05:467][629]LogModuleManager: Shutting down and abandoning module TextureAlignMode (500)
[2023.04.20-01.31.05:467][629]LogModuleManager: Shutting down and abandoning module BspMode (498)
[2023.04.20-01.31.05:467][629]LogModuleManager: Shutting down and abandoning module PIEPreviewDeviceProfileSelector (496)
[2023.04.20-01.31.05:467][629]LogModuleManager: Shutting down and abandoning module HardwareSurvey (494)
[2023.04.20-01.31.05:467][629]LogModuleManager: Shutting down and abandoning module SequenceRecorderSections (492)
[2023.04.20-01.31.05:467][629]LogModuleManager: Shutting down and abandoning module AutomationWorker (490)
[2023.04.20-01.31.05:467][629]LogModuleManager: Shutting down and abandoning module MatineeToLevelSequence (488)
[2023.04.20-01.31.05:467][629]LogModuleManager: Shutting down and abandoning module LevelSequenceEditor (486)
[2023.04.20-01.31.05:468][629]LogModuleManager: Shutting down and abandoning module PlacementMode (485)
[2023.04.20-01.31.05:468][629]LogModuleManager: Shutting down and abandoning module WmfMediaFactory (482)
[2023.04.20-01.31.05:468][629]LogModuleManager: Shutting down and abandoning module WmfMediaEditor (480)
[2023.04.20-01.31.05:468][629]LogModuleManager: Shutting down and abandoning module AvfMediaFactory (478)
[2023.04.20-01.31.05:468][629]LogModuleManager: Shutting down and abandoning module AvfMediaEditor (476)
[2023.04.20-01.31.05:468][629]LogModuleManager: Shutting down and abandoning module AndroidMediaFactory (474)
[2023.04.20-01.31.05:468][629]LogModuleManager: Shutting down and abandoning module Media (473)
[2023.04.20-01.31.05:468][629]LogModuleManager: Shutting down and abandoning module AndroidMediaEditor (470)
[2023.04.20-01.31.05:468][629]LogModuleManager: Shutting down and abandoning module CharacterAI (468)
[2023.04.20-01.31.05:468][629]LogModuleManager: Shutting down and abandoning module AudioCapture (466)
[2023.04.20-01.31.05:468][629]LogModuleManager: Shutting down and abandoning module SequenceRecorder (465)
[2023.04.20-01.31.05:468][629]LogModuleManager: Shutting down and abandoning module SmartSnapping (462)
[2023.04.20-01.31.05:468][629]LogModuleManager: Shutting down and abandoning module SessionServices (460)
[2023.04.20-01.31.05:468][629]LogModuleManager: Shutting down and abandoning module ViewportSnapping (458)
[2023.04.20-01.31.05:468][629]LogModuleManager: Shutting down and abandoning module ViewportInteraction (456)
[2023.04.20-01.31.05:468][629]LogModuleManager: Shutting down and abandoning module ClothPainter (454)
[2023.04.20-01.31.05:468][629]LogModuleManager: Shutting down and abandoning module LogVisualizer (452)
[2023.04.20-01.31.05:468][629]LogModuleManager: Shutting down and abandoning module IntroTutorials (450)
[2023.04.20-01.31.05:468][629]LogModuleManager: Shutting down and abandoning module GameProjectGeneration (449)
[2023.04.20-01.31.05:468][629]LogModuleManager: Shutting down and abandoning module IOSPlatformEditor (446)
[2023.04.20-01.31.05:468][629]LogModuleManager: Shutting down and abandoning module HTML5PlatformEditor (444)
[2023.04.20-01.31.05:468][629]LogModuleManager: Shutting down and abandoning module AndroidPlatformEditor (442)
[2023.04.20-01.31.05:468][629]LogModuleManager: Shutting down and abandoning module AndroidDeviceDetection (441)
[2023.04.20-01.31.05:830][629]LogModuleManager: Shutting down and abandoning module WindowsPlatformEditor (438)
[2023.04.20-01.31.05:830][629]LogModuleManager: Shutting down and abandoning module IOSRuntimeSettings (436)
[2023.04.20-01.31.05:830][629]LogModuleManager: Shutting down and abandoning module AndroidRuntimeSettings (434)
[2023.04.20-01.31.05:830][629]LogModuleManager: Shutting down and abandoning module InputBindingEditor (432)
[2023.04.20-01.31.05:830][629]LogModuleManager: Shutting down and abandoning module MergeActors (430)
[2023.04.20-01.31.05:831][629]LogModuleManager: Shutting down and abandoning module SizeMap (428)
[2023.04.20-01.31.05:831][629]LogModuleManager: Shutting down and abandoning module TreeMap (426)
[2023.04.20-01.31.05:831][629]LogModuleManager: Shutting down and abandoning module ReferenceViewer (424)
[2023.04.20-01.31.05:831][629]LogModuleManager: Shutting down and abandoning module LocalizationDashboard (422)
[2023.04.20-01.31.05:831][629]LogModuleManager: Shutting down and abandoning module LocalizationService (421)
[2023.04.20-01.31.05:831][629]LogModuleManager: Shutting down and abandoning module HardwareTargeting (418)
[2023.04.20-01.31.05:831][629]LogModuleManager: Shutting down and abandoning module DeviceProfileEditor (416)
[2023.04.20-01.31.05:831][629]LogModuleManager: Shutting down and abandoning module UndoHistory (414)
[2023.04.20-01.31.05:831][629]LogModuleManager: Shutting down and abandoning module XmlParser (412)
[2023.04.20-01.31.05:831][629]LogModuleManager: Shutting down and abandoning module Blutility (410)
[2023.04.20-01.31.05:831][629]LogModuleManager: Shutting down and abandoning module ProjectSettingsViewer (408)
[2023.04.20-01.31.05:831][629]LogModuleManager: Shutting down and abandoning module ProjectTargetPlatformEditor (407)
[2023.04.20-01.31.05:831][629]LogModuleManager: Shutting down and abandoning module EditorSettingsViewer (404)
[2023.04.20-01.31.05:831][629]LogModuleManager: Shutting down and abandoning module SettingsEditor (402)
[2023.04.20-01.31.05:831][629]LogModuleManager: Shutting down and abandoning module ProjectLauncher (400)
[2023.04.20-01.31.05:832][629]LogModuleManager: Shutting down and abandoning module SessionFrontend (398)
[2023.04.20-01.31.05:832][629]LogModuleManager: Shutting down and abandoning module ProfilerClient (396)
[2023.04.20-01.31.05:832][629]LogModuleManager: Shutting down and abandoning module DeviceManager (394)
[2023.04.20-01.31.05:832][629]LogModuleManager: Shutting down and abandoning module TargetDeviceServices (393)
[2023.04.20-01.31.05:876][629]LogModuleManager: Shutting down and abandoning module AutomationController (390)
[2023.04.20-01.31.05:876][629]LogModuleManager: Shutting down and abandoning module AutomationWindow (388)
[2023.04.20-01.31.05:876][629]LogModuleManager: Shutting down and abandoning module Layers (386)
[2023.04.20-01.31.05:876][629]LogModuleManager: Shutting down and abandoning module ComponentVisualizers (384)
[2023.04.20-01.31.05:876][629]LogModuleManager: Shutting down and abandoning module DetailCustomizations (382)
[2023.04.20-01.31.05:876][629]LogModuleManager: Shutting down and abandoning module PackagesDialog (380)
[2023.04.20-01.31.05:876][629]LogModuleManager: Shutting down and abandoning module Persona (378)
[2023.04.20-01.31.05:876][629]LogModuleManager: Shutting down and abandoning module AdvancedPreviewScene (377)
[2023.04.20-01.31.05:876][629]LogModuleManager: Shutting down and abandoning module AnimGraph (375)
[2023.04.20-01.31.05:876][629]LogModuleManager: Shutting down and abandoning module Kismet (372)
[2023.04.20-01.31.05:876][629]LogModuleManager: Shutting down and abandoning module ClassViewer (370)
[2023.04.20-01.31.05:876][629]LogModuleManager: Shutting down and abandoning module Toolbox (368)
[2023.04.20-01.31.05:876][629]LogModuleManager: Shutting down and abandoning module ModuleUI (366)
[2023.04.20-01.31.05:876][629]LogModuleManager: Shutting down and abandoning module MovieSceneTools (364)
[2023.04.20-01.31.05:876][629]LogModuleManager: Shutting down and abandoning module OutputLog (362)
[2023.04.20-01.31.05:876][629]LogModuleManager: Shutting down and abandoning module GammaUI (360)
[2023.04.20-01.31.05:878][629]LogModuleManager: Shutting down and abandoning module Documentation (358)
[2023.04.20-01.31.05:878][629]LogModuleManager: Shutting down and abandoning module MovieSceneTracks (356)
[2023.04.20-01.31.05:878][629]LogModuleManager: Shutting down and abandoning module MovieScene (354)
[2023.04.20-01.31.05:878][629]LogModuleManager: Shutting down and abandoning module Niagara (352)
[2023.04.20-01.31.05:878][629]LogModuleManager: Shutting down and abandoning module NiagaraEditor (351)
[2023.04.20-01.31.05:878][629]LogModuleManager: Shutting down and abandoning module StreamingPauseRendering (348)
[2023.04.20-01.31.05:878][629]LogModuleManager: Shutting down and abandoning module LauncherPlatform (346)
[2023.04.20-01.31.05:878][629]LogModuleManager: Shutting down and abandoning module AnalyticsET (344)
[2023.04.20-01.31.05:878][629]LogModuleManager: Shutting down and abandoning module PortalServices (342)
[2023.04.20-01.31.05:878][629]LogModuleManager: Shutting down and abandoning module PortalRpc (340)
[2023.04.20-01.31.05:878][629]LogModuleManager: Shutting down and abandoning module MessagingRpc (338)
[2023.04.20-01.31.05:878][629]LogModuleManager: Shutting down and abandoning module AIModule (336)
[2023.04.20-01.31.05:878][629]LogModuleManager: Shutting down and abandoning module GameplayDebugger (335)
[2023.04.20-01.31.05:878][629]LogModuleManager: Shutting down and abandoning module AITestSuite (333)
[2023.04.20-01.31.05:878][629]LogModuleManager: Shutting down and abandoning module ProfilerService (330)
[2023.04.20-01.31.06:039][629]LogModuleManager: Shutting down and abandoning module TaskGraph (328)
[2023.04.20-01.31.06:039][629]LogModuleManager: Shutting down and abandoning module ProceduralMeshComponentEditor (326)
[2023.04.20-01.31.06:039][629]LogModuleManager: Shutting down and abandoning module ProceduralMeshComponent (324)
[2023.04.20-01.31.06:039][629]LogModuleManager: Shutting down and abandoning module OculusInput (322)
[2023.04.20-01.31.06:039][629]LogModuleManager: Shutting down and abandoning module MobilePatchingUtils (320)
[2023.04.20-01.31.06:039][629]LogModuleManager: Shutting down and abandoning module CustomMeshComponent (318)
[2023.04.20-01.31.06:039][629]LogModuleManager: Shutting down and abandoning module CableComponent (316)
[2023.04.20-01.31.06:039][629]LogModuleManager: Shutting down and abandoning module ArchVisCharacter (314)
[2023.04.20-01.31.06:039][629]LogModuleManager: Shutting down and abandoning module AndroidPermission (312)
[2023.04.20-01.31.06:039][629]LogModuleManager: Shutting down and abandoning module MediaPlayerEditor (308)
[2023.04.20-01.31.06:040][629]LogModuleManager: Shutting down and abandoning module HTML5Networking (306)
[2023.04.20-01.31.06:040][629]LogModuleManager: Shutting down and abandoning module AlembicImporter (304)
[2023.04.20-01.31.06:040][629]LogModuleManager: Shutting down and abandoning module AlembicLibrary (303)
[2023.04.20-01.31.06:040][629]LogModuleManager: Shutting down and abandoning module GeometryCache (302)
[2023.04.20-01.31.06:040][629]LogModuleManager: Shutting down and abandoning module GeometryCacheEd (301)
[2023.04.20-01.31.06:040][629]LogModuleManager: Shutting down and abandoning module SpeedTreeImporter (296)
[2023.04.20-01.31.06:040][629]LogModuleManager: Shutting down and abandoning module PluginBrowser (294)
[2023.04.20-01.31.06:040][629]LogModuleManager: Shutting down and abandoning module MobileLauncherProfileWizard (292)
[2023.04.20-01.31.06:040][629]LogModuleManager: Shutting down and abandoning module VisualStudioSourceCodeAccess (290)
[2023.04.20-01.31.06:041][629]LogModuleManager: Shutting down and abandoning module DesktopPlatform (289)
[2023.04.20-01.31.06:041][629]LogModuleManager: Shutting down and abandoning module UObjectPlugin (286)
[2023.04.20-01.31.06:041][629]LogModuleManager: Shutting down and abandoning module SubversionSourceControl (284)
[2023.04.20-01.31.06:041][629]LogModuleManager: Shutting down and abandoning module PerforceSourceControl (282)
[2023.04.20-01.31.06:041][629]LogModuleManager: Shutting down and abandoning module GitSourceControl (280)
[2023.04.20-01.31.06:041][629]LogModuleManager: Shutting down and abandoning module SourceControl (279)
[2023.04.20-01.31.06:041][629]LogModuleManager: Shutting down and abandoning module LightPropagationVolumeEditor (276)
[2023.04.20-01.31.06:041][629]LogModuleManager: Shutting down and abandoning module PaperTiledImporter (274)
[2023.04.20-01.31.06:041][629]LogModuleManager: Shutting down and abandoning module PaperSpriteSheetImporter (272)
[2023.04.20-01.31.06:041][629]LogModuleManager: Shutting down and abandoning module Paper2DEditor (270)
[2023.04.20-01.31.06:041][629]LogModuleManager: Shutting down and abandoning module MeshPaint (269)
[2023.04.20-01.31.06:041][629]LogModuleManager: Shutting down and abandoning module LevelEditor (267)
[2023.04.20-01.31.06:041][629]LogModuleManager: Shutting down and abandoning module PixelInspectorModule (266)
[2023.04.20-01.31.06:041][629]LogModuleManager: Shutting down and abandoning module MainFrame (264)
[2023.04.20-01.31.06:041][629]LogModuleManager: Shutting down and abandoning module HotReload (263)
[2023.04.20-01.31.06:042][629]LogModuleManager: Shutting down and abandoning module RuntimePhysXCooking (258)
[2023.04.20-01.31.06:042][629]LogModuleManager: Shutting down and abandoning module PhysXVehiclesEditor (256)
[2023.04.20-01.31.06:042][629]LogModuleManager: Shutting down and abandoning module PhysXVehicles (254)
[2023.04.20-01.31.06:042][629]LogModuleManager: Shutting down and abandoning module OculusEditor (252)
[2023.04.20-01.31.06:042][629]LogModuleManager: Shutting down and abandoning module LocationServicesBPLibrary (250)
[2023.04.20-01.31.06:042][629]LogModuleManager: Shutting down and abandoning module ImmediatePhysicsEditor (248)
[2023.04.20-01.31.06:042][629]LogModuleManager: Shutting down and abandoning module ImmediatePhysics (246)
[2023.04.20-01.31.06:042][629]LogModuleManager: Shutting down and abandoning module UdpMessaging (244)
[2023.04.20-01.31.06:143][629]LogModuleManager: Shutting down and abandoning module TcpMessaging (242)
[2023.04.20-01.31.06:244][629]LogModuleManager: Shutting down and abandoning module GameplayTagsEditor (240)
[2023.04.20-01.31.06:244][629]LogModuleManager: Shutting down and abandoning module FacialAnimationEditor (238)
[2023.04.20-01.31.06:244][629]LogModuleManager: Shutting down and abandoning module FacialAnimation (236)
[2023.04.20-01.31.06:244][629]LogModuleManager: Shutting down and abandoning module AssetManagerEditor (234)
[2023.04.20-01.31.06:244][629]LogModuleManager: Shutting down and abandoning module GraphEditor (233)
[2023.04.20-01.31.06:244][629]LogModuleManager: Shutting down and abandoning module ContentBrowser (231)
[2023.04.20-01.31.06:245][629]LogModuleManager: Shutting down and abandoning module LightPropagationVolumeRuntime (228)
[2023.04.20-01.31.06:245][629]LogModuleManager: Shutting down and abandoning module Paper2D (226)
[2023.04.20-01.31.06:245][629]LogModuleManager: Shutting down and abandoning module WindowsMoviePlayer (224)
[2023.04.20-01.31.06:245][629]LogModuleManager: Shutting down and abandoning module WmfMedia (222)
[2023.04.20-01.31.06:247][629]LogModuleManager: Shutting down and abandoning module PacketHandler (220)
[2023.04.20-01.31.06:247][629]LogModuleManager: Shutting down and abandoning module ClothingSystemEditor (218)
[2023.04.20-01.31.06:247][629]LogModuleManager: Shutting down and abandoning module ClothingSystemRuntime (216)
[2023.04.20-01.31.06:247][629]LogModuleManager: Shutting down and abandoning module Overlay (214)
[2023.04.20-01.31.06:247][629]LogModuleManager: Shutting down and abandoning module OverlayEditor (213)
[2023.04.20-01.31.06:247][629]LogModuleManager: Shutting down and abandoning module MediaAssets (210)
[2023.04.20-01.31.06:247][629]LogModuleManager: Shutting down and abandoning module VREditor (208)
[2023.04.20-01.31.06:247][629]LogModuleManager: Shutting down and abandoning module StringTableEditor (206)
[2023.04.20-01.31.06:247][629]LogModuleManager: Shutting down and abandoning module GameplayTasksEditor (204)
[2023.04.20-01.31.06:247][629]LogModuleManager: Shutting down and abandoning module BehaviorTreeEditor (202)
[2023.04.20-01.31.06:248][629]LogModuleManager: Shutting down and abandoning module FunctionalTesting (200)
[2023.04.20-01.31.06:248][629]LogModuleManager: Shutting down and abandoning module CollisionAnalyzer (198)
[2023.04.20-01.31.06:248][629]LogModuleManager: Shutting down and abandoning module WorkspaceMenuStructure (197)
[2023.04.20-01.31.06:248][629]LogModuleManager: Shutting down and abandoning module UMG (194)
[2023.04.20-01.31.06:248][629]LogModuleManager: Shutting down and abandoning module UMGEditor (193)
[2023.04.20-01.31.06:248][629]LogModuleManager: Shutting down and abandoning module Sequencer (192)
[2023.04.20-01.31.06:248][629]LogModuleManager: Shutting down and abandoning module MessageLog (189)
[2023.04.20-01.31.06:248][629]LogModuleManager: Shutting down and abandoning module SlateReflector (184)
[2023.04.20-01.31.06:248][629]LogModuleManager: Shutting down and abandoning module Slate (182)
[2023.04.20-01.31.06:248][629]LogModuleManager: Shutting down and abandoning module EditorStyle (180)
[2023.04.20-01.31.06:251][629]LogModuleManager: Shutting down and abandoning module MRMesh (178)
[2023.04.20-01.31.06:251][629]LogModuleManager: Shutting down and abandoning module SourceCodeAccess (176)
[2023.04.20-01.31.06:251][629]LogModuleManager: Shutting down and abandoning module HeadMountedDisplay (174)
[2023.04.20-01.31.06:251][629]LogModuleManager: Shutting down and abandoning module XAudio2 (172)
[2023.04.20-01.31.06:251][629]LogModuleManager: Shutting down and abandoning module Networking (170)
[2023.04.20-01.31.06:251][629]LogModuleManager: Shutting down and abandoning module Core (166)
[2023.04.20-01.31.06:251][629]LogModuleManager: Shutting down and abandoning module KismetCompiler (162)
[2023.04.20-01.31.06:251][629]LogModuleManager: Shutting down and abandoning module LevelSequence (160)
[2023.04.20-01.31.06:251][629]LogModuleManager: Shutting down and abandoning module MeshUtilities (158)
[2023.04.20-01.31.06:251][629]LogModuleManager: Shutting down and abandoning module MeshMergeUtilities (157)
[2023.04.20-01.31.06:251][629]LogModuleManager: Shutting down and abandoning module MeshReductionInterface (156)
[2023.04.20-01.31.06:251][629]LogModuleManager: Shutting down and abandoning module SimplygonSwarm (155)
[2023.04.20-01.31.06:251][629]LogModuleManager: Shutting down and abandoning module SimplygonMeshReduction (153)
[2023.04.20-01.31.06:251][629]LogModuleManager: Shutting down and abandoning module QuadricMeshReduction (151)
[2023.04.20-01.31.06:251][629]LogModuleManager: Shutting down and abandoning module MaterialBaking (147)
[2023.04.20-01.31.06:251][629]LogModuleManager: Shutting down and abandoning module DirectoryWatcher (144)
[2023.04.20-01.31.06:251][629]LogModuleManager: Shutting down and abandoning module DerivedDataCache (142)
[2023.04.20-01.31.06:254][629]LogDerivedDataCache: Shutdown
[2023.04.20-01.31.06:254][629]LogModuleManager: Shutting down and abandoning module TargetPlatform (140)
[2023.04.20-01.31.06:254][629]LogModuleManager: Shutting down and abandoning module VulkanShaderFormat (139)
[2023.04.20-01.31.06:254][629]LogModuleManager: Shutting down and abandoning module ShaderFormatVectorVM (137)
[2023.04.20-01.31.06:254][629]LogModuleManager: Shutting down and abandoning module ShaderFormatOpenGL (135)
[2023.04.20-01.31.06:254][629]LogModuleManager: Shutting down and abandoning module ShaderFormatD3D (133)
[2023.04.20-01.31.06:254][629]LogModuleManager: Shutting down and abandoning module MetalShaderFormat (131)
[2023.04.20-01.31.06:255][629]LogModuleManager: Shutting down and abandoning module TextureFormatUncompressed (129)
[2023.04.20-01.31.06:255][629]LogModuleManager: Shutting down and abandoning module TextureFormatPVR (127)
[2023.04.20-01.31.06:255][629]LogModuleManager: Shutting down and abandoning module TextureFormatDXT (125)
[2023.04.20-01.31.06:255][629]LogModuleManager: Shutting down and abandoning module TextureFormatIntelISPCTexComp (123)
[2023.04.20-01.31.06:255][629]LogModuleManager: Shutting down and abandoning module TextureFormatASTC (121)
[2023.04.20-01.31.06:255][629]LogModuleManager: Shutting down and abandoning module ImageWrapper (120)
[2023.04.20-01.31.06:255][629]LogModuleManager: Shutting down and abandoning module TextureFormatAndroid (117)
[2023.04.20-01.31.06:255][629]LogModuleManager: Shutting down and abandoning module AudioFormatOpus (115)
[2023.04.20-01.31.06:255][629]LogModuleManager: Shutting down and abandoning module AudioFormatOgg (113)
[2023.04.20-01.31.06:255][629]LogModuleManager: Shutting down and abandoning module AudioFormatADPCM (111)
[2023.04.20-01.31.06:255][629]LogModuleManager: Shutting down and abandoning module LinuxTargetPlatform (109)
[2023.04.20-01.31.06:255][629]LogModuleManager: Shutting down and abandoning module LinuxServerTargetPlatform (107)
[2023.04.20-01.31.06:255][629]LogModuleManager: Shutting down and abandoning module LinuxNoEditorTargetPlatform (105)
[2023.04.20-01.31.06:255][629]LogModuleManager: Shutting down and abandoning module LinuxClientTargetPlatform (103)
[2023.04.20-01.31.06:255][629]LogModuleManager: Shutting down and abandoning module TVOSTargetPlatform (101)
[2023.04.20-01.31.06:255][629]LogModuleManager: Shutting down and abandoning module Messaging (99)
[2023.04.20-01.31.06:255][629]LogModuleManager: Shutting down and abandoning module IOSTargetPlatform (97)
[2023.04.20-01.31.06:255][629]LogModuleManager: Shutting down and abandoning module HTML5TargetPlatform (95)
[2023.04.20-01.31.06:255][629]LogModuleManager: Shutting down and abandoning module Android_PVRTCTargetPlatform (93)
[2023.04.20-01.31.06:255][629]LogModuleManager: Shutting down and abandoning module Android_MultiTargetPlatform (91)
[2023.04.20-01.31.06:255][629]LogModuleManager: Shutting down and abandoning module Android_ETC2TargetPlatform (89)
[2023.04.20-01.31.06:255][629]LogModuleManager: Shutting down and abandoning module Android_ETC1TargetPlatform (87)
[2023.04.20-01.31.06:255][629]LogModuleManager: Shutting down and abandoning module Android_DXTTargetPlatform (85)
[2023.04.20-01.31.06:255][629]LogModuleManager: Shutting down and abandoning module Android_ATCTargetPlatform (83)
[2023.04.20-01.31.06:255][629]LogModuleManager: Shutting down and abandoning module Android_ASTCTargetPlatform (81)
[2023.04.20-01.31.06:255][629]LogModuleManager: Shutting down and abandoning module AndroidTargetPlatform (79)
[2023.04.20-01.31.06:255][629]LogModuleManager: Shutting down and abandoning module WindowsTargetPlatform (77)
[2023.04.20-01.31.06:255][629]LogModuleManager: Shutting down and abandoning module WindowsServerTargetPlatform (75)
[2023.04.20-01.31.06:255][629]LogModuleManager: Shutting down and abandoning module WindowsNoEditorTargetPlatform (73)
[2023.04.20-01.31.06:255][629]LogModuleManager: Shutting down and abandoning module WindowsClientTargetPlatform (71)
[2023.04.20-01.31.06:255][629]LogModuleManager: Shutting down and abandoning module MacTargetPlatform (69)
[2023.04.20-01.31.06:255][629]LogModuleManager: Shutting down and abandoning module MacServerTargetPlatform (67)
[2023.04.20-01.31.06:255][629]LogModuleManager: Shutting down and abandoning module MacNoEditorTargetPlatform (65)
[2023.04.20-01.31.06:255][629]LogModuleManager: Shutting down and abandoning module MacClientTargetPlatform (63)
[2023.04.20-01.31.06:255][629]LogModuleManager: Shutting down and abandoning module AllDesktopTargetPlatform (61)
[2023.04.20-01.31.06:255][629]LogModuleManager: Shutting down and abandoning module InputCore (58)
[2023.04.20-01.31.06:255][629]LogModuleManager: Shutting down and abandoning module Settings (56)
[2023.04.20-01.31.06:255][629]LogModuleManager: Shutting down and abandoning module PhysXCooking (54)
[2023.04.20-01.31.06:255][629]LogModuleManager: Shutting down and abandoning module OculusHMD (52)
[2023.04.20-01.31.06:255][629]LogModuleManager: Shutting down and abandoning module ExampleDeviceProfileSelector (50)
[2023.04.20-01.31.06:255][629]LogModuleManager: Shutting down and abandoning module OnlineBlueprintSupport (48)
[2023.04.20-01.31.06:255][629]LogModuleManager: Shutting down and abandoning module OnlineSubsystem (44)
[2023.04.20-01.31.06:255][629]LogOnline: Display: Unloading online subsystem: NULL
[2023.04.20-01.31.06:256][629]LogModuleManager: Shutting down and abandoning module XMPP (43)
[2023.04.20-01.31.06:256][629]LogModuleManager: Shutting down and abandoning module HTTP (41)
[2023.04.20-01.31.06:256][629]LogHttp: Display: Http module shutting down, but needs to wait on 1 outstanding Http requests:
[2023.04.20-01.31.06:256][629]LogHttp: Display: 	verb=[POST] url=[https://datarouter.ol.epicgames.com/datarouter/api/v1/public/data?SessionID=%7BB609FF7E-46AF-60C2-7370-EEB489C16E3E%7D&AppID=UEEditor.Rocket.Release&AppVersion=4.17.2-3658906%2B%2B%2BUE4%2BRelease-4.17&UserID=e7a0390649111f16b3fdf5bd6b808c1f%7Cbd5410515cc64b9caf11544e7845568f%7C0795f369-6f5f-4eb8-85d0-701647ebc658&AppEnvironment=datacollector-binary&UploadType=eteventstream] status=Processing
[2023.04.20-01.31.06:286][629]LogModuleManager: Shutting down and abandoning module SSL (40)
[2023.04.20-01.31.06:287][629]LogModuleManager: Shutting down and abandoning module AnimationModifiers (36)
[2023.04.20-01.31.06:287][629]LogModuleManager: Shutting down and abandoning module PropertyEditor (35)
[2023.04.20-01.31.06:287][629]LogModuleManager: Shutting down and abandoning module AudioEditor (32)
[2023.04.20-01.31.06:287][629]LogModuleManager: Shutting down and abandoning module TextureCompressor (30)
[2023.04.20-01.31.06:287][629]LogModuleManager: Shutting down and abandoning module ShaderCore (28)
[2023.04.20-01.31.06:287][629]LogModuleManager: Shutting down and abandoning module Landscape (26)
[2023.04.20-01.31.06:287][629]LogModuleManager: Shutting down and abandoning module SlateRHIRenderer (24)
[2023.04.20-01.31.06:288][629]LogModuleManager: Shutting down and abandoning module OpenGLDrv (22)
[2023.04.20-01.31.06:288][629]LogModuleManager: Shutting down and abandoning module D3D11RHI (20)
[2023.04.20-01.31.06:288][629]LogModuleManager: Shutting down and abandoning module AnimGraphRuntime (18)
[2023.04.20-01.31.06:288][629]LogModuleManager: Shutting down and abandoning module Renderer (16)
[2023.04.20-01.31.06:288][629]LogModuleManager: Shutting down and abandoning module Engine (14)
[2023.04.20-01.31.06:288][629]LogModuleManager: Shutting down and abandoning module CoreUObject (12)
[2023.04.20-01.31.06:288][629]LogModuleManager: Shutting down and abandoning module NetworkFile (10)
[2023.04.20-01.31.06:288][629]LogModuleManager: Shutting down and abandoning module CookedIterativeFile (8)
[2023.04.20-01.31.06:288][629]LogModuleManager: Shutting down and abandoning module StreamingFile (6)
[2023.04.20-01.31.06:288][629]LogModuleManager: Shutting down and abandoning module SandboxFile (4)
[2023.04.20-01.31.06:288][629]LogModuleManager: Shutting down and abandoning module PakFile (2)
[2023.04.20-01.31.06:292][629]LogExit: Exiting.
[2023.04.20-01.31.06:303][629]Log file closed, 04/20/23 10:31:06
